2024-03-12 15:51:51.674 [info] Log level: Info
2024-03-12 15:51:51.674 [info] Validating found git in: "git"
2024-03-12 15:51:51.674 [info] Using git "2.44.0" from "git"
2024-03-12 15:51:51.674 [info] > git rev-parse --show-toplevel [3ms]
2024-03-12 15:51:51.674 [info] > git rev-parse --git-dir --git-common-dir [10ms]
2024-03-12 15:51:51.674 [info] Open repository: /run/media/n30/nvme_chivos/.dotfiles
2024-03-12 15:51:51.682 [info] > git rev-parse --show-toplevel [1ms]
2024-03-12 15:51:51.682 [info] > git config --get commit.template [4ms]
2024-03-12 15:51:51.691 [info] > git rev-parse --show-toplevel [5ms]
2024-03-12 15:51:51.694 [info] > git for-each-ref --format=%(refname)%00%(upstream:short)%00%(objectname)%00%(upstream:track)%00%(upstream:remotename)%00%(upstream:remoteref) refs/heads/main refs/remotes/main [4ms]
2024-03-12 15:51:51.698 [info] > git rev-parse --show-toplevel [4ms]
2024-03-12 15:51:51.701 [info] > git rev-parse --show-toplevel [0ms]
2024-03-12 15:51:51.705 [info] > git rev-parse --show-toplevel [1ms]
2024-03-12 15:51:51.709 [info] > git rev-parse --show-toplevel [1ms]
2024-03-12 15:51:51.712 [info] > git rev-parse --show-toplevel [1ms]
2024-03-12 15:51:51.715 [info] > git rev-parse --show-toplevel [1ms]
2024-03-12 15:51:51.720 [info] > git rev-parse --show-toplevel [0ms]
2024-03-12 15:51:51.724 [info] > git rev-parse --show-toplevel [1ms]
2024-03-12 15:51:51.729 [info] > git rev-parse --show-toplevel [0ms]
2024-03-12 15:51:51.732 [info] > git rev-parse --show-toplevel [0ms]
2024-03-12 15:51:51.736 [info] > git rev-parse --show-toplevel [1ms]
2024-03-12 15:51:51.739 [info] > git status -z -uall [41ms]
2024-03-12 15:51:51.739 [info] > git rev-parse --show-toplevel [0ms]
2024-03-12 15:51:51.765 [info] > git rev-parse --show-toplevel [23ms]
2024-03-12 15:51:51.769 [info] > git config --get commit.template [3ms]
2024-03-12 15:51:51.770 [info] > git rev-parse --show-toplevel [2ms]
2024-03-12 15:51:51.839 [info] > git rev-parse --show-toplevel [64ms]
2024-03-12 15:51:51.839 [info] > git for-each-ref --format=%(refname)%00%(upstream:short)%00%(objectname)%00%(upstream:track)%00%(upstream:remotename)%00%(upstream:remoteref) refs/heads/main refs/remotes/main [66ms]
2024-03-12 15:51:51.846 [info] > git rev-parse --show-toplevel [0ms]
2024-03-12 15:51:51.849 [info] > git rev-parse --show-toplevel [0ms]
2024-03-12 15:51:51.854 [info] > git rev-parse --show-toplevel [1ms]
2024-03-12 15:51:51.858 [info] > git rev-parse --show-toplevel [1ms]
2024-03-12 15:51:51.861 [info] > git rev-parse --show-toplevel [0ms]
2024-03-12 15:51:51.865 [info] > git rev-parse --show-toplevel [0ms]
2024-03-12 15:51:51.868 [info] > git rev-parse --show-toplevel [1ms]
2024-03-12 15:51:51.872 [info] > git status -z -uall [29ms]
2024-03-12 15:51:51.872 [info] > git rev-parse --show-toplevel [1ms]
2024-03-12 15:51:51.886 [info] > git rev-parse --show-toplevel [11ms]
2024-03-12 15:51:51.891 [info] > git rev-parse --show-toplevel [1ms]
2024-03-12 15:51:51.895 [info] > git rev-parse --show-toplevel [1ms]
2024-03-12 15:51:51.898 [info] > git rev-parse --show-toplevel [0ms]
2024-03-12 15:51:51.902 [info] > git rev-parse --show-toplevel [0ms]
2024-03-12 15:51:51.905 [info] > git rev-parse --show-toplevel [1ms]
2024-03-12 15:51:51.908 [info] > git rev-parse --show-toplevel [1ms]
2024-03-12 15:51:51.911 [info] > git rev-parse --show-toplevel [0ms]
2024-03-12 15:51:51.914 [info] > git rev-parse --show-toplevel [0ms]
2024-03-12 15:51:51.918 [info] > git rev-parse --show-toplevel [0ms]
2024-03-12 15:51:51.921 [info] > git rev-parse --show-toplevel [1ms]
2024-03-12 15:51:51.924 [info] > git rev-parse --show-toplevel [1ms]
2024-03-12 15:51:51.927 [info] > git rev-parse --show-toplevel [0ms]
2024-03-12 15:51:51.930 [info] > git rev-parse --show-toplevel [0ms]
2024-03-12 15:51:52.212 [info] > git check-ignore -v -z --stdin [17ms]
2024-03-12 15:51:52.285 [info] > git show --textconv :wiki-wayland-0.97beta.md [13ms]
2024-03-12 15:51:52.286 [info] > git ls-files --stage -- /run/media/n30/nvme_chivos/.dotfiles/wiki-wayland-0.97beta.md [2ms]
2024-03-12 15:51:52.294 [info] > git cat-file -s f872a935c0386653714b6aadac6cc467b93c2719 [1ms]
2024-03-12 15:51:54.398 [info] > git config --get commit.template [4ms]
2024-03-12 15:51:54.398 [info] > git for-each-ref --format=%(refname)%00%(upstream:short)%00%(objectname)%00%(upstream:track)%00%(upstream:remotename)%00%(upstream:remoteref) refs/heads/main refs/remotes/main [0ms]
2024-03-12 15:51:54.421 [info] > git status -z -uall [19ms]
2024-03-12 16:29:40.611 [info] > git config --get commit.template [6ms]
2024-03-12 16:29:40.611 [info] > git for-each-ref --format=%(refname)%00%(upstream:short)%00%(objectname)%00%(upstream:track)%00%(upstream:remotename)%00%(upstream:remoteref) refs/heads/main refs/remotes/main [1ms]
2024-03-12 16:29:40.674 [info] > git status -z -uall [59ms]
2024-03-12 16:29:45.706 [info] > git config --get commit.template [1ms]
2024-03-12 16:29:45.710 [info] > git for-each-ref --format=%(refname)%00%(upstream:short)%00%(objectname)%00%(upstream:track)%00%(upstream:remotename)%00%(upstream:remoteref) refs/heads/main refs/remotes/main [1ms]
2024-03-12 16:29:45.738 [info] > git status -z -uall [25ms]
2024-03-12 16:29:50.768 [info] > git config --get commit.template [5ms]
2024-03-12 16:29:50.768 [info] > git for-each-ref --format=%(refname)%00%(upstream:short)%00%(objectname)%00%(upstream:track)%00%(upstream:remotename)%00%(upstream:remoteref) refs/heads/main refs/remotes/main [1ms]
2024-03-12 16:29:50.793 [info] > git status -z -uall [22ms]
2024-03-12 16:29:55.811 [info] > git config --get commit.template [4ms]
2024-03-12 16:29:55.811 [info] > git for-each-ref --format=%(refname)%00%(upstream:short)%00%(objectname)%00%(upstream:track)%00%(upstream:remotename)%00%(upstream:remoteref) refs/heads/main refs/remotes/main [0ms]
2024-03-12 16:29:55.838 [info] > git status -z -uall [23ms]
2024-03-12 16:39:11.729 [info] > git config --get commit.template [11ms]
2024-03-12 16:39:11.730 [info] > git for-each-ref --format=%(refname)%00%(upstream:short)%00%(objectname)%00%(upstream:track)%00%(upstream:remotename)%00%(upstream:remoteref) refs/heads/main refs/remotes/main [1ms]
2024-03-12 16:39:11.758 [info] > git status -z -uall [24ms]
2024-03-12 16:39:16.778 [info] > git config --get commit.template [1ms]
2024-03-12 16:39:16.783 [info] > git for-each-ref --format=%(refname)%00%(upstream:short)%00%(objectname)%00%(upstream:track)%00%(upstream:remotename)%00%(upstream:remoteref) refs/heads/main refs/remotes/main [1ms]
2024-03-12 16:39:16.807 [info] > git status -z -uall [21ms]
2024-03-12 16:39:21.835 [info] > git config --get commit.template [1ms]
2024-03-12 16:39:21.841 [info] > git for-each-ref --format=%(refname)%00%(upstream:short)%00%(objectname)%00%(upstream:track)%00%(upstream:remotename)%00%(upstream:remoteref) refs/heads/main refs/remotes/main [1ms]
2024-03-12 16:39:21.880 [info] > git status -z -uall [33ms]
2024-03-12 16:39:26.908 [info] > git config --get commit.template [3ms]
2024-03-12 16:39:26.909 [info] > git for-each-ref --format=%(refname)%00%(upstream:short)%00%(objectname)%00%(upstream:track)%00%(upstream:remotename)%00%(upstream:remoteref) refs/heads/main refs/remotes/main [1ms]
2024-03-12 16:39:26.933 [info] > git status -z -uall [20ms]
2024-03-12 16:39:31.970 [info] > git config --get commit.template [9ms]
2024-03-12 16:39:31.970 [info] > git for-each-ref --format=%(refname)%00%(upstream:short)%00%(objectname)%00%(upstream:track)%00%(upstream:remotename)%00%(upstream:remoteref) refs/heads/main refs/remotes/main [1ms]
2024-03-12 16:39:32.005 [info] > git status -z -uall [30ms]
2024-03-12 16:39:37.033 [info] > git config --get commit.template [4ms]
2024-03-12 16:39:37.033 [info] > git for-each-ref --format=%(refname)%00%(upstream:short)%00%(objectname)%00%(upstream:track)%00%(upstream:remotename)%00%(upstream:remoteref) refs/heads/main refs/remotes/main [1ms]
2024-03-12 16:39:37.067 [info] > git status -z -uall [30ms]
2024-03-12 16:39:42.091 [info] > git config --get commit.template [4ms]
2024-03-12 16:39:42.092 [info] > git for-each-ref --format=%(refname)%00%(upstream:short)%00%(objectname)%00%(upstream:track)%00%(upstream:remotename)%00%(upstream:remoteref) refs/heads/main refs/remotes/main [0ms]
2024-03-12 16:39:42.121 [info] > git status -z -uall [26ms]
2024-03-12 16:39:47.151 [info] > git config --get commit.template [7ms]
2024-03-12 16:39:47.151 [info] > git for-each-ref --format=%(refname)%00%(upstream:short)%00%(objectname)%00%(upstream:track)%00%(upstream:remotename)%00%(upstream:remoteref) refs/heads/main refs/remotes/main [1ms]
2024-03-12 16:39:47.176 [info] > git status -z -uall [19ms]
2024-03-12 16:39:52.199 [info] > git config --get commit.template [2ms]
2024-03-12 16:39:52.207 [info] > git for-each-ref --format=%(refname)%00%(upstream:short)%00%(objectname)%00%(upstream:track)%00%(upstream:remotename)%00%(upstream:remoteref) refs/heads/main refs/remotes/main [2ms]
2024-03-12 16:39:52.240 [info] > git status -z -uall [27ms]
2024-03-12 16:39:57.289 [info] > git config --get commit.template [14ms]
2024-03-12 16:39:57.290 [info] > git for-each-ref --format=%(refname)%00%(upstream:short)%00%(objectname)%00%(upstream:track)%00%(upstream:remotename)%00%(upstream:remoteref) refs/heads/main refs/remotes/main [2ms]
2024-03-12 16:39:57.346 [info] > git status -z -uall [41ms]
2024-03-12 16:40:02.387 [info] > git config --get commit.template [9ms]
2024-03-12 16:40:02.388 [info] > git for-each-ref --format=%(refname)%00%(upstream:short)%00%(objectname)%00%(upstream:track)%00%(upstream:remotename)%00%(upstream:remoteref) refs/heads/main refs/remotes/main [1ms]
2024-03-12 16:40:02.414 [info] > git status -z -uall [21ms]
2024-03-12 16:40:07.437 [info] > git config --get commit.template [4ms]
2024-03-12 16:40:07.437 [info] > git for-each-ref --format=%(refname)%00%(upstream:short)%00%(objectname)%00%(upstream:track)%00%(upstream:remotename)%00%(upstream:remoteref) refs/heads/main refs/remotes/main [0ms]
2024-03-12 16:40:07.466 [info] > git status -z -uall [26ms]
2024-03-12 16:40:12.495 [info] > git config --get commit.template [6ms]
2024-03-12 16:40:12.495 [info] > git for-each-ref --format=%(refname)%00%(upstream:short)%00%(objectname)%00%(upstream:track)%00%(upstream:remotename)%00%(upstream:remoteref) refs/heads/main refs/remotes/main [1ms]
2024-03-12 16:40:12.530 [info] > git status -z -uall [29ms]
2024-03-12 16:47:36.527 [info] > git config --get commit.template [4ms]
2024-03-12 16:47:36.527 [info] > git for-each-ref --format=%(refname)%00%(upstream:short)%00%(objectname)%00%(upstream:track)%00%(upstream:remotename)%00%(upstream:remoteref) refs/heads/main refs/remotes/main [0ms]
2024-03-12 16:47:36.551 [info] > git status -z -uall [21ms]
2024-03-12 17:03:02.474 [info] > git config --get commit.template [5ms]
2024-03-12 17:03:02.474 [info] > git for-each-ref --format=%(refname)%00%(upstream:short)%00%(objectname)%00%(upstream:track)%00%(upstream:remotename)%00%(upstream:remoteref) refs/heads/main refs/remotes/main [0ms]
2024-03-12 17:03:02.502 [info] > git status -z -uall [22ms]
2024-03-12 17:08:00.980 [info] > git config --get commit.template [0ms]
2024-03-12 17:08:00.985 [info] > git for-each-ref --format=%(refname)%00%(upstream:short)%00%(objectname)%00%(upstream:track)%00%(upstream:remotename)%00%(upstream:remoteref) refs/heads/main refs/remotes/main [1ms]
2024-03-12 17:08:01.013 [info] > git status -z -uall [25ms]
2024-03-12 19:06:59.628 [info] > git config --get commit.template [6ms]
2024-03-12 19:06:59.629 [info] > git for-each-ref --format=%(refname)%00%(upstream:short)%00%(objectname)%00%(upstream:track)%00%(upstream:remotename)%00%(upstream:remoteref) refs/heads/main refs/remotes/main [1ms]
2024-03-12 19:06:59.657 [info] > git status -z -uall [24ms]
2024-03-12 19:07:04.684 [info] > git config --get commit.template [5ms]
2024-03-12 19:07:04.684 [info] > git for-each-ref --format=%(refname)%00%(upstream:short)%00%(objectname)%00%(upstream:track)%00%(upstream:remotename)%00%(upstream:remoteref) refs/heads/main refs/remotes/main [0ms]
2024-03-12 19:07:04.711 [info] > git status -z -uall [24ms]
2024-03-12 19:28:09.297 [info] > git config --get commit.template [0ms]
2024-03-12 19:28:09.305 [info] > git for-each-ref --format=%(refname)%00%(upstream:short)%00%(objectname)%00%(upstream:track)%00%(upstream:remotename)%00%(upstream:remoteref) refs/heads/main refs/remotes/main [1ms]
2024-03-12 19:28:09.331 [info] > git status -z -uall [19ms]
2024-03-12 19:42:55.563 [info] > git config --get commit.template [5ms]
2024-03-12 19:42:55.564 [info] > git for-each-ref --format=%(refname)%00%(upstream:short)%00%(objectname)%00%(upstream:track)%00%(upstream:remotename)%00%(upstream:remoteref) refs/heads/main refs/remotes/main [2ms]
2024-03-12 19:42:55.626 [info] > git status -z -uall [58ms]
2024-03-12 20:02:43.772 [info] > git config --get commit.template [5ms]
2024-03-12 20:02:43.773 [info] > git for-each-ref --format=%(refname)%00%(upstream:short)%00%(objectname)%00%(upstream:track)%00%(upstream:remotename)%00%(upstream:remoteref) refs/heads/main refs/remotes/main [1ms]
2024-03-12 20:02:43.798 [info] > git status -z -uall [21ms]
2024-03-12 20:32:54.004 [info] > git config --get commit.template [2ms]
2024-03-12 20:32:54.014 [info] > git for-each-ref --format=%(refname)%00%(upstream:short)%00%(objectname)%00%(upstream:track)%00%(upstream:remotename)%00%(upstream:remoteref) refs/heads/main refs/remotes/main [1ms]
2024-03-12 20:32:54.041 [info] > git status -z -uall [22ms]
2024-03-12 20:32:59.068 [info] > git config --get commit.template [4ms]
2024-03-12 20:32:59.069 [info] > git for-each-ref --format=%(refname)%00%(upstream:short)%00%(objectname)%00%(upstream:track)%00%(upstream:remotename)%00%(upstream:remoteref) refs/heads/main refs/remotes/main [1ms]
2024-03-12 20:32:59.091 [info] > git status -z -uall [19ms]
2024-03-12 20:33:04.115 [info] > git config --get commit.template [5ms]
2024-03-12 20:33:04.116 [info] > git for-each-ref --format=%(refname)%00%(upstream:short)%00%(objectname)%00%(upstream:track)%00%(upstream:remotename)%00%(upstream:remoteref) refs/heads/main refs/remotes/main [1ms]
2024-03-12 20:33:04.144 [info] > git status -z -uall [24ms]
2024-03-12 20:33:09.168 [info] > git config --get commit.template [2ms]
2024-03-12 20:33:09.173 [info] > git for-each-ref --format=%(refname)%00%(upstream:short)%00%(objectname)%00%(upstream:track)%00%(upstream:remotename)%00%(upstream:remoteref) refs/heads/main refs/remotes/main [0ms]
2024-03-12 20:33:09.205 [info] > git status -z -uall [28ms]
2024-03-12 20:33:14.230 [info] > git config --get commit.template [4ms]
2024-03-12 20:33:14.230 [info] > git for-each-ref --format=%(refname)%00%(upstream:short)%00%(objectname)%00%(upstream:track)%00%(upstream:remotename)%00%(upstream:remoteref) refs/heads/main refs/remotes/main [0ms]
2024-03-12 20:33:14.260 [info] > git status -z -uall [26ms]
2024-03-12 20:33:19.284 [info] > git config --get commit.template [6ms]
2024-03-12 20:33:19.284 [info] > git for-each-ref --format=%(refname)%00%(upstream:short)%00%(objectname)%00%(upstream:track)%00%(upstream:remotename)%00%(upstream:remoteref) refs/heads/main refs/remotes/main [1ms]
2024-03-12 20:33:19.318 [info] > git status -z -uall [25ms]
2024-03-12 20:33:24.344 [info] > git config --get commit.template [6ms]
2024-03-12 20:33:24.344 [info] > git for-each-ref --format=%(refname)%00%(upstream:short)%00%(objectname)%00%(upstream:track)%00%(upstream:remotename)%00%(upstream:remoteref) refs/heads/main refs/remotes/main [1ms]
2024-03-12 20:33:24.368 [info] > git status -z -uall [20ms]
2024-03-12 20:33:29.400 [info] > git config --get commit.template [8ms]
2024-03-12 20:33:29.400 [info] > git for-each-ref --format=%(refname)%00%(upstream:short)%00%(objectname)%00%(upstream:track)%00%(upstream:remotename)%00%(upstream:remoteref) refs/heads/main refs/remotes/main [1ms]
2024-03-12 20:33:29.424 [info] > git status -z -uall [20ms]
2024-03-12 20:33:34.444 [info] > git config --get commit.template [1ms]
2024-03-12 20:33:34.450 [info] > git for-each-ref --format=%(refname)%00%(upstream:short)%00%(objectname)%00%(upstream:track)%00%(upstream:remotename)%00%(upstream:remoteref) refs/heads/main refs/remotes/main [1ms]
2024-03-12 20:33:34.473 [info] > git status -z -uall [20ms]
2024-03-12 20:33:39.501 [info] > git config --get commit.template [8ms]
2024-03-12 20:33:39.502 [info] > git for-each-ref --format=%(refname)%00%(upstream:short)%00%(objectname)%00%(upstream:track)%00%(upstream:remotename)%00%(upstream:remoteref) refs/heads/main refs/remotes/main [2ms]
2024-03-12 20:33:39.534 [info] > git status -z -uall [25ms]
2024-03-12 20:33:44.557 [info] > git config --get commit.template [5ms]
2024-03-12 20:33:44.557 [info] > git for-each-ref --format=%(refname)%00%(upstream:short)%00%(objectname)%00%(upstream:track)%00%(upstream:remotename)%00%(upstream:remoteref) refs/heads/main refs/remotes/main [1ms]
2024-03-12 20:33:44.582 [info] > git status -z -uall [21ms]
2024-03-12 20:33:49.605 [info] > git config --get commit.template [5ms]
2024-03-12 20:33:49.605 [info] > git for-each-ref --format=%(refname)%00%(upstream:short)%00%(objectname)%00%(upstream:track)%00%(upstream:remotename)%00%(upstream:remoteref) refs/heads/main refs/remotes/main [0ms]
2024-03-12 20:33:49.628 [info] > git status -z -uall [20ms]
2024-03-12 20:33:54.659 [info] > git config --get commit.template [6ms]
2024-03-12 20:33:54.659 [info] > git for-each-ref --format=%(refname)%00%(upstream:short)%00%(objectname)%00%(upstream:track)%00%(upstream:remotename)%00%(upstream:remoteref) refs/heads/main refs/remotes/main [0ms]
2024-03-12 20:33:54.690 [info] > git status -z -uall [27ms]
2024-03-12 20:46:28.075 [info] > git config --get commit.template [4ms]
2024-03-12 20:46:28.076 [info] > git for-each-ref --format=%(refname)%00%(upstream:short)%00%(objectname)%00%(upstream:track)%00%(upstream:remotename)%00%(upstream:remoteref) refs/heads/main refs/remotes/main [1ms]
2024-03-12 20:46:28.099 [info] > git status -z -uall [20ms]
2024-03-12 21:06:57.609 [info] > git config --get commit.template [4ms]
2024-03-12 21:06:57.610 [info] > git for-each-ref --format=%(refname)%00%(upstream:short)%00%(objectname)%00%(upstream:track)%00%(upstream:remotename)%00%(upstream:remoteref) refs/heads/main refs/remotes/main [0ms]
2024-03-12 21:06:57.636 [info] > git status -z -uall [23ms]
2024-03-12 21:17:08.746 [info] > git config --get commit.template [6ms]
2024-03-12 21:17:08.746 [info] > git for-each-ref --format=%(refname)%00%(upstream:short)%00%(objectname)%00%(upstream:track)%00%(upstream:remotename)%00%(upstream:remoteref) refs/heads/main refs/remotes/main [0ms]
2024-03-12 21:17:08.770 [info] > git status -z -uall [19ms]
