2024-03-19 19:48:17.434 [info] Extension host with pid 2386 started
2024-03-19 19:48:17.434 [info] Skipping acquiring lock for /home/n30/.config/Code/User/workspaceStorage/ce82f6cc5b8f3bff4d642450f5af7137.
2024-03-19 19:48:17.551 [info] ExtensionService#_doActivateExtension mechatroner.rainbow-csv, startup: false, activationEvent: 'onLanguage:plaintext'
2024-03-19 19:48:17.555 [info] ExtensionService#_doActivateExtension vscode.emmet, startup: false, activationEvent: 'onLanguage'
2024-03-19 19:48:17.558 [info] ExtensionService#_doActivateExtension vscode.extension-editing, startup: false, activationEvent: 'onLanguage:markdown'
2024-03-19 19:48:17.560 [info] ExtensionService#_doActivateExtension vscode.markdown-language-features, startup: false, activationEvent: 'onLanguage:markdown'
2024-03-19 19:48:17.580 [info] ExtensionService#_doActivateExtension shd101wyy.markdown-preview-enhanced, startup: false, activationEvent: 'onLanguage:markdown'
2024-03-19 19:48:17.796 [info] ExtensionService#_doActivateExtension yzhang.markdown-all-in-one, startup: false, activationEvent: 'onLanguage:markdown'
2024-03-19 19:48:17.859 [info] ExtensionService#_doActivateExtension vscode.markdown-math, startup: false, activationEvent: 'api', root cause: yzhang.markdown-all-in-one
2024-03-19 19:48:17.867 [info] ExtensionService#_doActivateExtension bierner.markdown-checkbox, startup: false, activationEvent: 'api', root cause: yzhang.markdown-all-in-one
2024-03-19 19:48:17.868 [info] ExtensionService#_doActivateExtension bierner.markdown-emoji, startup: false, activationEvent: 'api', root cause: yzhang.markdown-all-in-one
2024-03-19 19:48:17.874 [info] ExtensionService#_doActivateExtension bierner.markdown-footnotes, startup: false, activationEvent: 'api', root cause: yzhang.markdown-all-in-one
2024-03-19 19:48:17.896 [info] ExtensionService#_doActivateExtension bierner.markdown-mermaid, startup: false, activationEvent: 'api', root cause: yzhang.markdown-all-in-one
2024-03-19 19:48:17.908 [info] ExtensionService#_doActivateExtension bierner.markdown-preview-github-styles, startup: false, activationEvent: 'api', root cause: yzhang.markdown-all-in-one
2024-03-19 19:48:17.910 [info] ExtensionService#_doActivateExtension bierner.markdown-yaml-preamble, startup: false, activationEvent: 'api', root cause: yzhang.markdown-all-in-one
2024-03-19 19:48:17.929 [info] ExtensionService#_doActivateExtension vscode.github-authentication, startup: false, activationEvent: 'onAuthenticationRequest:github'
2024-03-19 19:48:18.460 [info] ExtensionService#_doActivateExtension vscode.git-base, startup: true, activationEvent: '*', root cause: vscode.git
2024-03-19 19:48:18.462 [info] ExtensionService#_doActivateExtension mdickin.markdown-shortcuts, startup: true, activationEvent: '*'
2024-03-19 19:48:18.466 [info] ExtensionService#_doActivateExtension vscode.git, startup: true, activationEvent: '*'
2024-03-19 19:48:18.485 [info] ExtensionService#_doActivateExtension vscode.github, startup: true, activationEvent: '*'
2024-03-19 19:48:18.575 [info] Eager extensions activated
2024-03-19 19:48:18.581 [info] ExtensionService#_doActivateExtension vscode.debug-auto-launch, startup: false, activationEvent: 'onStartupFinished'
2024-03-19 19:48:18.582 [info] ExtensionService#_doActivateExtension vscode.merge-conflict, startup: false, activationEvent: 'onStartupFinished'
2024-03-19 19:48:18.585 [info] ExtensionService#_doActivateExtension Catppuccin.catppuccin-vsc, startup: false, activationEvent: 'onStartupFinished'
2024-03-19 19:48:18.586 [info] ExtensionService#_doActivateExtension CS50.markdown50, startup: false, activationEvent: 'onStartupFinished'
2024-03-19 19:48:18.627 [info] ExtensionService#_doActivateExtension ecmel.vscode-html-css, startup: false, activationEvent: 'onStartupFinished'
2024-03-19 19:48:18.627 [info] ExtensionService#_doActivateExtension esbenp.prettier-vscode, startup: false, activationEvent: 'onStartupFinished'
2024-03-19 19:48:18.640 [info] ExtensionService#_doActivateExtension zhuangtongfa.material-theme, startup: false, activationEvent: 'onStartupFinished'
2024-03-19 19:48:18.732 [warning] [Decorations] CAPPING events from decorations provider vscode.git 2484
2024-03-19 19:48:18.842 [warning] [Decorations] CAPPING events from decorations provider vscode.git 2484
2024-03-19 19:48:21.572 [warning] [Decorations] CAPPING events from decorations provider vscode.git 2484
2024-03-19 19:50:06.104 [warning] [Decorations] CAPPING events from decorations provider vscode.git 2484
2024-03-19 19:50:11.541 [info] ExtensionService#_doActivateExtension vscode.json-language-features, startup: false, activationEvent: 'onLanguage:jsonc'
2024-03-19 19:50:11.554 [info] ExtensionService#_doActivateExtension vscode.typescript-language-features, startup: false, activationEvent: 'onLanguage:jsonc'
2024-03-19 19:50:58.436 [warning] [Decorations] CAPPING events from decorations provider vscode.git 2465
2024-03-19 19:51:03.565 [warning] [Decorations] CAPPING events from decorations provider vscode.git 2453
2024-03-19 19:51:08.615 [warning] [Decorations] CAPPING events from decorations provider vscode.git 2453
2024-03-19 19:51:13.671 [warning] [Decorations] CAPPING events from decorations provider vscode.git 2453
2024-03-19 19:51:26.699 [warning] [Decorations] CAPPING events from decorations provider vscode.git 2453
2024-03-19 19:55:16.281 [warning] [Decorations] CAPPING events from decorations provider vscode.git 2453
2024-03-19 19:55:21.328 [warning] [Decorations] CAPPING events from decorations provider vscode.git 2453
2024-03-19 19:55:26.381 [warning] [Decorations] CAPPING events from decorations provider vscode.git 2453
2024-03-19 19:56:13.042 [warning] [Decorations] CAPPING events from decorations provider vscode.git 2453
2024-03-19 19:56:18.087 [warning] [Decorations] CAPPING events from decorations provider vscode.git 2453
2024-03-19 19:56:23.139 [warning] [Decorations] CAPPING events from decorations provider vscode.git 2453
2024-03-19 20:03:17.405 [warning] [Decorations] CAPPING events from decorations provider vscode.git 2453
2024-03-19 20:03:22.466 [warning] [Decorations] CAPPING events from decorations provider vscode.git 2453
2024-03-19 20:03:27.511 [warning] [Decorations] CAPPING events from decorations provider vscode.git 2453
2024-03-19 20:03:32.556 [warning] [Decorations] CAPPING events from decorations provider vscode.git 2453
2024-03-19 20:03:37.623 [warning] [Decorations] CAPPING events from decorations provider vscode.git 2453
2024-03-19 20:03:42.677 [warning] [Decorations] CAPPING events from decorations provider vscode.git 2453
2024-03-19 20:03:47.722 [warning] [Decorations] CAPPING events from decorations provider vscode.git 2453
2024-03-19 20:03:52.778 [warning] [Decorations] CAPPING events from decorations provider vscode.git 2453
2024-03-19 20:03:57.833 [warning] [Decorations] CAPPING events from decorations provider vscode.git 2453
2024-03-19 20:04:02.901 [warning] [Decorations] CAPPING events from decorations provider vscode.git 2453
2024-03-19 20:04:07.980 [warning] [Decorations] CAPPING events from decorations provider vscode.git 2453
2024-03-19 20:04:13.034 [warning] [Decorations] CAPPING events from decorations provider vscode.git 2453
2024-03-19 20:04:18.096 [warning] [Decorations] CAPPING events from decorations provider vscode.git 2453
2024-03-19 20:04:23.152 [warning] [Decorations] CAPPING events from decorations provider vscode.git 2453
2024-03-19 20:04:28.211 [warning] [Decorations] CAPPING events from decorations provider vscode.git 2453
2024-03-19 20:04:33.266 [warning] [Decorations] CAPPING events from decorations provider vscode.git 2453
2024-03-19 20:04:38.325 [warning] [Decorations] CAPPING events from decorations provider vscode.git 2453
2024-03-19 20:04:43.382 [warning] [Decorations] CAPPING events from decorations provider vscode.git 2453
2024-03-19 20:04:48.436 [warning] [Decorations] CAPPING events from decorations provider vscode.git 2453
2024-03-19 20:04:53.534 [warning] [Decorations] CAPPING events from decorations provider vscode.git 2453
2024-03-19 20:04:58.588 [warning] [Decorations] CAPPING events from decorations provider vscode.git 2453
2024-03-19 20:05:03.639 [warning] [Decorations] CAPPING events from decorations provider vscode.git 2453
2024-03-19 20:05:08.693 [warning] [Decorations] CAPPING events from decorations provider vscode.git 2453
2024-03-19 20:05:13.751 [warning] [Decorations] CAPPING events from decorations provider vscode.git 2453
2024-03-19 20:05:18.796 [warning] [Decorations] CAPPING events from decorations provider vscode.git 2453
2024-03-19 20:05:23.846 [warning] [Decorations] CAPPING events from decorations provider vscode.git 2453
2024-03-19 20:05:28.896 [warning] [Decorations] CAPPING events from decorations provider vscode.git 2453
2024-03-19 20:05:33.948 [warning] [Decorations] CAPPING events from decorations provider vscode.git 2453
2024-03-19 20:05:39.025 [warning] [Decorations] CAPPING events from decorations provider vscode.git 2453
2024-03-19 20:05:44.084 [warning] [Decorations] CAPPING events from decorations provider vscode.git 2453
2024-03-19 20:05:49.146 [warning] [Decorations] CAPPING events from decorations provider vscode.git 2453
2024-03-19 20:05:54.192 [warning] [Decorations] CAPPING events from decorations provider vscode.git 2453
2024-03-19 20:05:59.252 [warning] [Decorations] CAPPING events from decorations provider vscode.git 2453
2024-03-19 20:06:04.325 [warning] [Decorations] CAPPING events from decorations provider vscode.git 2453
2024-03-19 20:06:09.372 [warning] [Decorations] CAPPING events from decorations provider vscode.git 2453
2024-03-19 20:06:14.429 [warning] [Decorations] CAPPING events from decorations provider vscode.git 2453
2024-03-19 20:06:19.479 [warning] [Decorations] CAPPING events from decorations provider vscode.git 2453
2024-03-19 20:06:24.550 [warning] [Decorations] CAPPING events from decorations provider vscode.git 2453
2024-03-19 20:06:29.599 [warning] [Decorations] CAPPING events from decorations provider vscode.git 2453
2024-03-19 20:06:34.656 [warning] [Decorations] CAPPING events from decorations provider vscode.git 2453
2024-03-19 20:06:39.715 [warning] [Decorations] CAPPING events from decorations provider vscode.git 2453
2024-03-19 20:06:44.766 [warning] [Decorations] CAPPING events from decorations provider vscode.git 2453
2024-03-19 20:06:49.812 [warning] [Decorations] CAPPING events from decorations provider vscode.git 2453
2024-03-19 20:06:54.890 [warning] [Decorations] CAPPING events from decorations provider vscode.git 2453
2024-03-19 20:06:59.954 [warning] [Decorations] CAPPING events from decorations provider vscode.git 2453
2024-03-19 20:07:04.999 [warning] [Decorations] CAPPING events from decorations provider vscode.git 2453
2024-03-19 20:07:10.067 [warning] [Decorations] CAPPING events from decorations provider vscode.git 2453
2024-03-19 20:07:15.114 [warning] [Decorations] CAPPING events from decorations provider vscode.git 2453
2024-03-19 20:07:20.177 [warning] [Decorations] CAPPING events from decorations provider vscode.git 2453
2024-03-19 20:07:25.223 [warning] [Decorations] CAPPING events from decorations provider vscode.git 2453
2024-03-19 20:07:30.321 [warning] [Decorations] CAPPING events from decorations provider vscode.git 2453
2024-03-19 20:07:35.389 [warning] [Decorations] CAPPING events from decorations provider vscode.git 2453
2024-03-19 20:07:40.443 [warning] [Decorations] CAPPING events from decorations provider vscode.git 2453
2024-03-19 20:07:45.495 [warning] [Decorations] CAPPING events from decorations provider vscode.git 2453
2024-03-19 20:07:50.565 [warning] [Decorations] CAPPING events from decorations provider vscode.git 2453
2024-03-19 20:07:55.642 [warning] [Decorations] CAPPING events from decorations provider vscode.git 2453
2024-03-19 20:08:00.697 [warning] [Decorations] CAPPING events from decorations provider vscode.git 2453
2024-03-19 20:08:05.755 [warning] [Decorations] CAPPING events from decorations provider vscode.git 2453
2024-03-19 20:08:10.808 [warning] [Decorations] CAPPING events from decorations provider vscode.git 2453
2024-03-19 20:08:15.857 [warning] [Decorations] CAPPING events from decorations provider vscode.git 2453
2024-03-19 20:08:20.937 [warning] [Decorations] CAPPING events from decorations provider vscode.git 2453
2024-03-19 20:08:25.999 [warning] [Decorations] CAPPING events from decorations provider vscode.git 2453
2024-03-19 20:08:31.051 [warning] [Decorations] CAPPING events from decorations provider vscode.git 2453
2024-03-19 20:08:36.103 [warning] [Decorations] CAPPING events from decorations provider vscode.git 2453
2024-03-19 20:08:41.160 [warning] [Decorations] CAPPING events from decorations provider vscode.git 2453
2024-03-19 20:08:46.225 [warning] [Decorations] CAPPING events from decorations provider vscode.git 2453
2024-03-19 20:08:51.282 [warning] [Decorations] CAPPING events from decorations provider vscode.git 2453
2024-03-19 20:08:56.333 [warning] [Decorations] CAPPING events from decorations provider vscode.git 2453
2024-03-19 20:09:01.379 [warning] [Decorations] CAPPING events from decorations provider vscode.git 2453
2024-03-19 20:09:06.429 [warning] [Decorations] CAPPING events from decorations provider vscode.git 2453
2024-03-19 20:09:11.483 [warning] [Decorations] CAPPING events from decorations provider vscode.git 2453
2024-03-19 20:09:16.530 [warning] [Decorations] CAPPING events from decorations provider vscode.git 2453
2024-03-19 20:09:21.593 [warning] [Decorations] CAPPING events from decorations provider vscode.git 2453
2024-03-19 20:09:26.658 [warning] [Decorations] CAPPING events from decorations provider vscode.git 2453
2024-03-19 20:09:31.723 [warning] [Decorations] CAPPING events from decorations provider vscode.git 2453
2024-03-19 20:09:36.795 [warning] [Decorations] CAPPING events from decorations provider vscode.git 2453
2024-03-19 20:09:41.844 [warning] [Decorations] CAPPING events from decorations provider vscode.git 2453
2024-03-19 20:09:46.912 [warning] [Decorations] CAPPING events from decorations provider vscode.git 2453
2024-03-19 20:09:51.975 [warning] [Decorations] CAPPING events from decorations provider vscode.git 2453
2024-03-19 20:09:57.028 [warning] [Decorations] CAPPING events from decorations provider vscode.git 2453
2024-03-19 20:10:02.092 [warning] [Decorations] CAPPING events from decorations provider vscode.git 2453
2024-03-19 20:10:07.149 [warning] [Decorations] CAPPING events from decorations provider vscode.git 2453
2024-03-19 20:10:12.206 [warning] [Decorations] CAPPING events from decorations provider vscode.git 2453
2024-03-19 20:10:17.271 [warning] [Decorations] CAPPING events from decorations provider vscode.git 2453
2024-03-19 20:10:22.326 [warning] [Decorations] CAPPING events from decorations provider vscode.git 2453
2024-03-19 20:10:27.390 [warning] [Decorations] CAPPING events from decorations provider vscode.git 2453
2024-03-19 20:10:32.443 [warning] [Decorations] CAPPING events from decorations provider vscode.git 2453
2024-03-19 20:10:37.495 [warning] [Decorations] CAPPING events from decorations provider vscode.git 2453
2024-03-19 20:10:42.556 [warning] [Decorations] CAPPING events from decorations provider vscode.git 2453
2024-03-19 20:10:47.616 [warning] [Decorations] CAPPING events from decorations provider vscode.git 2453
2024-03-19 20:10:52.672 [warning] [Decorations] CAPPING events from decorations provider vscode.git 2453
2024-03-19 20:10:57.726 [warning] [Decorations] CAPPING events from decorations provider vscode.git 2453
2024-03-19 20:11:02.775 [warning] [Decorations] CAPPING events from decorations provider vscode.git 2453
2024-03-19 20:11:07.831 [warning] [Decorations] CAPPING events from decorations provider vscode.git 2453
2024-03-19 20:11:12.894 [warning] [Decorations] CAPPING events from decorations provider vscode.git 2453
2024-03-19 20:11:17.963 [warning] [Decorations] CAPPING events from decorations provider vscode.git 2453
2024-03-19 20:11:23.016 [warning] [Decorations] CAPPING events from decorations provider vscode.git 2453
2024-03-19 20:11:28.070 [warning] [Decorations] CAPPING events from decorations provider vscode.git 2453
2024-03-19 20:11:33.142 [warning] [Decorations] CAPPING events from decorations provider vscode.git 2453
2024-03-19 20:11:38.209 [warning] [Decorations] CAPPING events from decorations provider vscode.git 2453
2024-03-19 20:11:43.256 [warning] [Decorations] CAPPING events from decorations provider vscode.git 2453
2024-03-19 20:11:48.313 [warning] [Decorations] CAPPING events from decorations provider vscode.git 2453
2024-03-19 20:11:53.370 [warning] [Decorations] CAPPING events from decorations provider vscode.git 2453
2024-03-19 20:11:58.438 [warning] [Decorations] CAPPING events from decorations provider vscode.git 2453
2024-03-19 20:12:03.492 [warning] [Decorations] CAPPING events from decorations provider vscode.git 2453
2024-03-19 20:12:08.542 [warning] [Decorations] CAPPING events from decorations provider vscode.git 2453
2024-03-19 20:12:13.596 [warning] [Decorations] CAPPING events from decorations provider vscode.git 2453
2024-03-19 20:12:18.652 [warning] [Decorations] CAPPING events from decorations provider vscode.git 2453
2024-03-19 20:12:23.705 [warning] [Decorations] CAPPING events from decorations provider vscode.git 2453
2024-03-19 20:12:28.761 [warning] [Decorations] CAPPING events from decorations provider vscode.git 2453
2024-03-19 20:12:33.838 [warning] [Decorations] CAPPING events from decorations provider vscode.git 2453
2024-03-19 20:12:38.886 [warning] [Decorations] CAPPING events from decorations provider vscode.git 2453
2024-03-19 20:12:43.946 [warning] [Decorations] CAPPING events from decorations provider vscode.git 2453
2024-03-19 20:12:48.992 [warning] [Decorations] CAPPING events from decorations provider vscode.git 2453
2024-03-19 20:12:54.039 [warning] [Decorations] CAPPING events from decorations provider vscode.git 2453
2024-03-19 20:12:59.092 [warning] [Decorations] CAPPING events from decorations provider vscode.git 2453
2024-03-19 20:13:04.153 [warning] [Decorations] CAPPING events from decorations provider vscode.git 2453
2024-03-19 20:13:09.217 [warning] [Decorations] CAPPING events from decorations provider vscode.git 2453
2024-03-19 20:13:14.277 [warning] [Decorations] CAPPING events from decorations provider vscode.git 2453
2024-03-19 20:13:19.323 [warning] [Decorations] CAPPING events from decorations provider vscode.git 2453
2024-03-19 20:13:24.375 [warning] [Decorations] CAPPING events from decorations provider vscode.git 2453
2024-03-19 20:13:29.430 [warning] [Decorations] CAPPING events from decorations provider vscode.git 2453
2024-03-19 20:13:34.488 [warning] [Decorations] CAPPING events from decorations provider vscode.git 2453
2024-03-19 20:13:39.545 [warning] [Decorations] CAPPING events from decorations provider vscode.git 2453
2024-03-19 20:13:44.631 [warning] [Decorations] CAPPING events from decorations provider vscode.git 2453
2024-03-19 20:13:49.691 [warning] [Decorations] CAPPING events from decorations provider vscode.git 2453
2024-03-19 20:13:54.743 [warning] [Decorations] CAPPING events from decorations provider vscode.git 2453
2024-03-19 20:13:59.792 [warning] [Decorations] CAPPING events from decorations provider vscode.git 2453
2024-03-19 20:14:04.866 [warning] [Decorations] CAPPING events from decorations provider vscode.git 2453
2024-03-19 20:14:09.917 [warning] [Decorations] CAPPING events from decorations provider vscode.git 2453
2024-03-19 20:14:14.991 [warning] [Decorations] CAPPING events from decorations provider vscode.git 2453
2024-03-19 20:14:20.049 [warning] [Decorations] CAPPING events from decorations provider vscode.git 2453
2024-03-19 20:14:25.113 [warning] [Decorations] CAPPING events from decorations provider vscode.git 2453
2024-03-19 20:14:30.176 [warning] [Decorations] CAPPING events from decorations provider vscode.git 2453
2024-03-19 20:14:35.246 [warning] [Decorations] CAPPING events from decorations provider vscode.git 2453
2024-03-19 20:14:40.329 [warning] [Decorations] CAPPING events from decorations provider vscode.git 2453
2024-03-19 20:14:45.393 [warning] [Decorations] CAPPING events from decorations provider vscode.git 2453
2024-03-19 20:14:50.455 [warning] [Decorations] CAPPING events from decorations provider vscode.git 2453
2024-03-19 20:14:55.512 [warning] [Decorations] CAPPING events from decorations provider vscode.git 2453
2024-03-19 20:15:00.576 [warning] [Decorations] CAPPING events from decorations provider vscode.git 2453
2024-03-19 20:15:05.631 [warning] [Decorations] CAPPING events from decorations provider vscode.git 2453
2024-03-19 20:15:10.690 [warning] [Decorations] CAPPING events from decorations provider vscode.git 2453
2024-03-19 20:15:15.747 [warning] [Decorations] CAPPING events from decorations provider vscode.git 2453
2024-03-19 20:15:20.827 [warning] [Decorations] CAPPING events from decorations provider vscode.git 2453
2024-03-19 20:15:25.895 [warning] [Decorations] CAPPING events from decorations provider vscode.git 2453
2024-03-19 20:15:30.957 [warning] [Decorations] CAPPING events from decorations provider vscode.git 2453
2024-03-19 20:15:36.011 [warning] [Decorations] CAPPING events from decorations provider vscode.git 2453
2024-03-19 20:15:41.062 [warning] [Decorations] CAPPING events from decorations provider vscode.git 2453
2024-03-19 20:15:46.125 [warning] [Decorations] CAPPING events from decorations provider vscode.git 2453
2024-03-19 20:15:51.185 [warning] [Decorations] CAPPING events from decorations provider vscode.git 2453
2024-03-19 20:15:56.234 [warning] [Decorations] CAPPING events from decorations provider vscode.git 2453
2024-03-19 20:16:01.291 [warning] [Decorations] CAPPING events from decorations provider vscode.git 2453
2024-03-19 20:16:06.345 [warning] [Decorations] CAPPING events from decorations provider vscode.git 2453
2024-03-19 20:16:11.411 [warning] [Decorations] CAPPING events from decorations provider vscode.git 2453
2024-03-19 20:16:16.472 [warning] [Decorations] CAPPING events from decorations provider vscode.git 2453
2024-03-19 20:16:21.546 [warning] [Decorations] CAPPING events from decorations provider vscode.git 2453
2024-03-19 20:16:26.603 [warning] [Decorations] CAPPING events from decorations provider vscode.git 2453
2024-03-19 20:16:31.669 [warning] [Decorations] CAPPING events from decorations provider vscode.git 2453
2024-03-19 20:16:36.723 [warning] [Decorations] CAPPING events from decorations provider vscode.git 2453
2024-03-19 20:16:41.778 [warning] [Decorations] CAPPING events from decorations provider vscode.git 2453
2024-03-19 20:16:46.837 [warning] [Decorations] CAPPING events from decorations provider vscode.git 2453
2024-03-19 20:16:51.903 [warning] [Decorations] CAPPING events from decorations provider vscode.git 2453
2024-03-19 20:16:56.958 [warning] [Decorations] CAPPING events from decorations provider vscode.git 2453
2024-03-19 20:17:02.014 [warning] [Decorations] CAPPING events from decorations provider vscode.git 2453
2024-03-19 20:17:07.069 [warning] [Decorations] CAPPING events from decorations provider vscode.git 2453
2024-03-19 20:17:12.116 [warning] [Decorations] CAPPING events from decorations provider vscode.git 2453
2024-03-19 20:17:17.174 [warning] [Decorations] CAPPING events from decorations provider vscode.git 2453
2024-03-19 20:17:22.231 [warning] [Decorations] CAPPING events from decorations provider vscode.git 2453
2024-03-19 20:17:27.279 [warning] [Decorations] CAPPING events from decorations provider vscode.git 2453
2024-03-19 20:17:32.330 [warning] [Decorations] CAPPING events from decorations provider vscode.git 2453
2024-03-19 20:17:37.376 [warning] [Decorations] CAPPING events from decorations provider vscode.git 2453
2024-03-19 20:17:42.436 [warning] [Decorations] CAPPING events from decorations provider vscode.git 2453
2024-03-19 20:17:47.496 [warning] [Decorations] CAPPING events from decorations provider vscode.git 2453
2024-03-19 20:17:52.558 [warning] [Decorations] CAPPING events from decorations provider vscode.git 2453
2024-03-19 20:17:57.614 [warning] [Decorations] CAPPING events from decorations provider vscode.git 2453
2024-03-19 20:18:02.666 [warning] [Decorations] CAPPING events from decorations provider vscode.git 2453
2024-03-19 20:18:07.726 [warning] [Decorations] CAPPING events from decorations provider vscode.git 2453
2024-03-19 20:18:12.792 [warning] [Decorations] CAPPING events from decorations provider vscode.git 2453
2024-03-19 20:18:17.834 [warning] [Decorations] CAPPING events from decorations provider vscode.git 2453
2024-03-19 20:18:22.881 [warning] [Decorations] CAPPING events from decorations provider vscode.git 2453
2024-03-19 20:18:27.935 [warning] [Decorations] CAPPING events from decorations provider vscode.git 2453
2024-03-19 20:18:33.000 [warning] [Decorations] CAPPING events from decorations provider vscode.git 2453
2024-03-19 20:18:38.064 [warning] [Decorations] CAPPING events from decorations provider vscode.git 2453
2024-03-19 20:18:43.118 [warning] [Decorations] CAPPING events from decorations provider vscode.git 2453
2024-03-19 20:18:48.172 [warning] [Decorations] CAPPING events from decorations provider vscode.git 2453
2024-03-19 20:18:53.250 [warning] [Decorations] CAPPING events from decorations provider vscode.git 2453
2024-03-19 20:18:58.306 [warning] [Decorations] CAPPING events from decorations provider vscode.git 2453
2024-03-19 20:19:03.360 [warning] [Decorations] CAPPING events from decorations provider vscode.git 2453
2024-03-19 20:19:08.412 [warning] [Decorations] CAPPING events from decorations provider vscode.git 2453
2024-03-19 20:19:13.460 [warning] [Decorations] CAPPING events from decorations provider vscode.git 2453
2024-03-19 20:19:18.556 [warning] [Decorations] CAPPING events from decorations provider vscode.git 2453
2024-03-19 20:19:23.627 [warning] [Decorations] CAPPING events from decorations provider vscode.git 2453
2024-03-19 20:19:28.684 [warning] [Decorations] CAPPING events from decorations provider vscode.git 2453
2024-03-19 20:19:33.738 [warning] [Decorations] CAPPING events from decorations provider vscode.git 2453
2024-03-19 20:19:38.792 [warning] [Decorations] CAPPING events from decorations provider vscode.git 2453
2024-03-19 20:19:43.878 [warning] [Decorations] CAPPING events from decorations provider vscode.git 2453
2024-03-19 20:19:48.929 [warning] [Decorations] CAPPING events from decorations provider vscode.git 2453
2024-03-19 20:19:53.979 [warning] [Decorations] CAPPING events from decorations provider vscode.git 2453
2024-03-19 20:19:59.050 [warning] [Decorations] CAPPING events from decorations provider vscode.git 2453
2024-03-19 20:20:04.116 [warning] [Decorations] CAPPING events from decorations provider vscode.git 2453
2024-03-19 20:20:09.167 [warning] [Decorations] CAPPING events from decorations provider vscode.git 2453
2024-03-19 20:20:14.215 [warning] [Decorations] CAPPING events from decorations provider vscode.git 2453
2024-03-19 20:20:19.270 [warning] [Decorations] CAPPING events from decorations provider vscode.git 2453
2024-03-19 20:20:24.319 [warning] [Decorations] CAPPING events from decorations provider vscode.git 2453
2024-03-19 20:20:29.381 [warning] [Decorations] CAPPING events from decorations provider vscode.git 2453
2024-03-19 20:20:34.435 [warning] [Decorations] CAPPING events from decorations provider vscode.git 2453
2024-03-19 20:20:39.496 [warning] [Decorations] CAPPING events from decorations provider vscode.git 2453
2024-03-19 20:20:44.543 [warning] [Decorations] CAPPING events from decorations provider vscode.git 2453
2024-03-19 20:20:49.607 [warning] [Decorations] CAPPING events from decorations provider vscode.git 2453
2024-03-19 20:20:54.674 [warning] [Decorations] CAPPING events from decorations provider vscode.git 2453
2024-03-19 20:20:59.727 [warning] [Decorations] CAPPING events from decorations provider vscode.git 2453
2024-03-19 20:21:04.784 [warning] [Decorations] CAPPING events from decorations provider vscode.git 2453
2024-03-19 20:21:09.832 [warning] [Decorations] CAPPING events from decorations provider vscode.git 2453
2024-03-19 20:21:14.899 [warning] [Decorations] CAPPING events from decorations provider vscode.git 2453
2024-03-19 20:21:19.963 [warning] [Decorations] CAPPING events from decorations provider vscode.git 2453
2024-03-19 20:21:25.012 [warning] [Decorations] CAPPING events from decorations provider vscode.git 2453
2024-03-19 20:21:30.073 [warning] [Decorations] CAPPING events from decorations provider vscode.git 2453
2024-03-19 20:21:35.121 [warning] [Decorations] CAPPING events from decorations provider vscode.git 2453
2024-03-19 20:21:40.173 [warning] [Decorations] CAPPING events from decorations provider vscode.git 2453
2024-03-19 20:21:45.225 [warning] [Decorations] CAPPING events from decorations provider vscode.git 2453
2024-03-19 20:21:50.295 [warning] [Decorations] CAPPING events from decorations provider vscode.git 2453
2024-03-19 20:21:55.358 [warning] [Decorations] CAPPING events from decorations provider vscode.git 2453
2024-03-19 20:22:00.429 [warning] [Decorations] CAPPING events from decorations provider vscode.git 2453
2024-03-19 20:22:05.502 [warning] [Decorations] CAPPING events from decorations provider vscode.git 2453
2024-03-19 20:22:10.549 [warning] [Decorations] CAPPING events from decorations provider vscode.git 2453
2024-03-19 20:22:15.631 [warning] [Decorations] CAPPING events from decorations provider vscode.git 2453
2024-03-19 20:22:20.680 [warning] [Decorations] CAPPING events from decorations provider vscode.git 2453
2024-03-19 20:22:25.748 [warning] [Decorations] CAPPING events from decorations provider vscode.git 2453
2024-03-19 20:22:30.814 [warning] [Decorations] CAPPING events from decorations provider vscode.git 2453
2024-03-19 20:22:35.870 [warning] [Decorations] CAPPING events from decorations provider vscode.git 2453
2024-03-19 20:22:40.944 [warning] [Decorations] CAPPING events from decorations provider vscode.git 2453
2024-03-19 20:22:46.022 [warning] [Decorations] CAPPING events from decorations provider vscode.git 2453
2024-03-19 20:22:51.083 [warning] [Decorations] CAPPING events from decorations provider vscode.git 2453
2024-03-19 20:22:56.141 [warning] [Decorations] CAPPING events from decorations provider vscode.git 2453
2024-03-19 20:23:01.194 [warning] [Decorations] CAPPING events from decorations provider vscode.git 2453
2024-03-19 20:23:06.241 [warning] [Decorations] CAPPING events from decorations provider vscode.git 2453
2024-03-19 20:23:11.304 [warning] [Decorations] CAPPING events from decorations provider vscode.git 2453
2024-03-19 20:23:16.376 [warning] [Decorations] CAPPING events from decorations provider vscode.git 2453
2024-03-19 20:23:21.426 [warning] [Decorations] CAPPING events from decorations provider vscode.git 2453
2024-03-19 20:23:26.475 [warning] [Decorations] CAPPING events from decorations provider vscode.git 2453
2024-03-19 20:23:31.522 [warning] [Decorations] CAPPING events from decorations provider vscode.git 2453
2024-03-19 20:23:36.575 [warning] [Decorations] CAPPING events from decorations provider vscode.git 2453
2024-03-19 20:23:41.627 [warning] [Decorations] CAPPING events from decorations provider vscode.git 2453
2024-03-19 20:23:46.686 [warning] [Decorations] CAPPING events from decorations provider vscode.git 2453
2024-03-19 20:23:51.750 [warning] [Decorations] CAPPING events from decorations provider vscode.git 2453
2024-03-19 20:23:56.799 [warning] [Decorations] CAPPING events from decorations provider vscode.git 2453
2024-03-19 20:24:01.850 [warning] [Decorations] CAPPING events from decorations provider vscode.git 2453
2024-03-19 20:24:06.917 [warning] [Decorations] CAPPING events from decorations provider vscode.git 2453
2024-03-19 20:24:11.969 [warning] [Decorations] CAPPING events from decorations provider vscode.git 2453
2024-03-19 20:24:17.028 [warning] [Decorations] CAPPING events from decorations provider vscode.git 2453
2024-03-19 20:24:22.108 [warning] [Decorations] CAPPING events from decorations provider vscode.git 2453
2024-03-19 20:24:27.177 [warning] [Decorations] CAPPING events from decorations provider vscode.git 2453
2024-03-19 20:24:32.240 [warning] [Decorations] CAPPING events from decorations provider vscode.git 2453
2024-03-19 20:24:37.300 [warning] [Decorations] CAPPING events from decorations provider vscode.git 2453
2024-03-19 20:24:42.361 [warning] [Decorations] CAPPING events from decorations provider vscode.git 2453
2024-03-19 20:24:47.408 [warning] [Decorations] CAPPING events from decorations provider vscode.git 2453
2024-03-19 20:24:52.454 [warning] [Decorations] CAPPING events from decorations provider vscode.git 2453
2024-03-19 20:24:57.505 [warning] [Decorations] CAPPING events from decorations provider vscode.git 2453
2024-03-19 20:25:02.565 [warning] [Decorations] CAPPING events from decorations provider vscode.git 2453
2024-03-19 20:25:07.635 [warning] [Decorations] CAPPING events from decorations provider vscode.git 2453
2024-03-19 20:25:12.685 [warning] [Decorations] CAPPING events from decorations provider vscode.git 2453
2024-03-19 20:25:17.742 [warning] [Decorations] CAPPING events from decorations provider vscode.git 2453
2024-03-19 20:25:22.793 [warning] [Decorations] CAPPING events from decorations provider vscode.git 2453
2024-03-19 20:25:27.847 [warning] [Decorations] CAPPING events from decorations provider vscode.git 2453
2024-03-19 20:25:32.916 [warning] [Decorations] CAPPING events from decorations provider vscode.git 2453
2024-03-19 20:25:37.977 [warning] [Decorations] CAPPING events from decorations provider vscode.git 2453
2024-03-19 20:25:43.035 [warning] [Decorations] CAPPING events from decorations provider vscode.git 2453
2024-03-19 20:25:48.089 [warning] [Decorations] CAPPING events from decorations provider vscode.git 2453
2024-03-19 20:25:53.149 [warning] [Decorations] CAPPING events from decorations provider vscode.git 2453
2024-03-19 20:25:58.216 [warning] [Decorations] CAPPING events from decorations provider vscode.git 2453
2024-03-19 20:26:03.271 [warning] [Decorations] CAPPING events from decorations provider vscode.git 2453
2024-03-19 20:26:08.333 [warning] [Decorations] CAPPING events from decorations provider vscode.git 2453
2024-03-19 20:26:13.406 [warning] [Decorations] CAPPING events from decorations provider vscode.git 2453
2024-03-19 20:26:18.457 [warning] [Decorations] CAPPING events from decorations provider vscode.git 2453
2024-03-19 20:26:23.522 [warning] [Decorations] CAPPING events from decorations provider vscode.git 2453
2024-03-19 20:26:28.573 [warning] [Decorations] CAPPING events from decorations provider vscode.git 2453
2024-03-19 20:26:33.630 [warning] [Decorations] CAPPING events from decorations provider vscode.git 2453
2024-03-19 20:26:38.675 [warning] [Decorations] CAPPING events from decorations provider vscode.git 2453
2024-03-19 20:26:43.754 [warning] [Decorations] CAPPING events from decorations provider vscode.git 2453
2024-03-19 20:26:48.802 [warning] [Decorations] CAPPING events from decorations provider vscode.git 2453
2024-03-19 20:26:53.867 [warning] [Decorations] CAPPING events from decorations provider vscode.git 2453
2024-03-19 20:26:58.916 [warning] [Decorations] CAPPING events from decorations provider vscode.git 2453
2024-03-19 20:27:03.968 [warning] [Decorations] CAPPING events from decorations provider vscode.git 2453
2024-03-19 20:27:09.042 [warning] [Decorations] CAPPING events from decorations provider vscode.git 2453
2024-03-19 20:27:14.114 [warning] [Decorations] CAPPING events from decorations provider vscode.git 2453
2024-03-19 20:27:19.162 [warning] [Decorations] CAPPING events from decorations provider vscode.git 2453
2024-03-19 20:27:24.209 [warning] [Decorations] CAPPING events from decorations provider vscode.git 2453
2024-03-19 20:27:29.272 [warning] [Decorations] CAPPING events from decorations provider vscode.git 2453
2024-03-19 20:27:34.334 [warning] [Decorations] CAPPING events from decorations provider vscode.git 2453
2024-03-19 20:27:39.388 [warning] [Decorations] CAPPING events from decorations provider vscode.git 2453
2024-03-19 20:27:44.451 [warning] [Decorations] CAPPING events from decorations provider vscode.git 2453
2024-03-19 20:27:49.502 [warning] [Decorations] CAPPING events from decorations provider vscode.git 2453
2024-03-19 20:27:54.564 [warning] [Decorations] CAPPING events from decorations provider vscode.git 2453
2024-03-19 20:27:59.616 [warning] [Decorations] CAPPING events from decorations provider vscode.git 2453
2024-03-19 20:28:04.682 [warning] [Decorations] CAPPING events from decorations provider vscode.git 2453
2024-03-19 20:28:09.729 [warning] [Decorations] CAPPING events from decorations provider vscode.git 2453
2024-03-19 20:28:14.776 [warning] [Decorations] CAPPING events from decorations provider vscode.git 2453
2024-03-19 20:28:19.839 [warning] [Decorations] CAPPING events from decorations provider vscode.git 2453
2024-03-19 20:28:24.906 [warning] [Decorations] CAPPING events from decorations provider vscode.git 2453
2024-03-19 20:28:29.975 [warning] [Decorations] CAPPING events from decorations provider vscode.git 2453
2024-03-19 20:28:35.039 [warning] [Decorations] CAPPING events from decorations provider vscode.git 2453
2024-03-19 20:28:40.084 [warning] [Decorations] CAPPING events from decorations provider vscode.git 2453
2024-03-19 20:28:45.154 [warning] [Decorations] CAPPING events from decorations provider vscode.git 2453
2024-03-19 20:28:50.217 [warning] [Decorations] CAPPING events from decorations provider vscode.git 2453
2024-03-19 20:28:55.276 [warning] [Decorations] CAPPING events from decorations provider vscode.git 2453
2024-03-19 20:29:00.329 [warning] [Decorations] CAPPING events from decorations provider vscode.git 2453
2024-03-19 20:29:05.380 [warning] [Decorations] CAPPING events from decorations provider vscode.git 2453
2024-03-19 20:29:10.435 [warning] [Decorations] CAPPING events from decorations provider vscode.git 2453
2024-03-19 20:29:15.494 [warning] [Decorations] CAPPING events from decorations provider vscode.git 2453
2024-03-19 20:29:20.548 [warning] [Decorations] CAPPING events from decorations provider vscode.git 2453
2024-03-19 20:29:25.602 [warning] [Decorations] CAPPING events from decorations provider vscode.git 2453
2024-03-19 20:29:30.663 [warning] [Decorations] CAPPING events from decorations provider vscode.git 2453
2024-03-19 20:29:35.708 [warning] [Decorations] CAPPING events from decorations provider vscode.git 2453
2024-03-19 20:29:40.760 [warning] [Decorations] CAPPING events from decorations provider vscode.git 2453
2024-03-19 20:29:45.816 [warning] [Decorations] CAPPING events from decorations provider vscode.git 2453
2024-03-19 20:29:50.889 [warning] [Decorations] CAPPING events from decorations provider vscode.git 2453
2024-03-19 20:29:55.958 [warning] [Decorations] CAPPING events from decorations provider vscode.git 2453
2024-03-19 20:30:01.020 [warning] [Decorations] CAPPING events from decorations provider vscode.git 2453
2024-03-19 20:30:06.072 [warning] [Decorations] CAPPING events from decorations provider vscode.git 2453
2024-03-19 20:30:11.119 [warning] [Decorations] CAPPING events from decorations provider vscode.git 2453
2024-03-19 20:30:16.189 [warning] [Decorations] CAPPING events from decorations provider vscode.git 2453
2024-03-19 20:30:21.253 [warning] [Decorations] CAPPING events from decorations provider vscode.git 2453
2024-03-19 20:30:26.303 [warning] [Decorations] CAPPING events from decorations provider vscode.git 2453
2024-03-19 20:30:31.360 [warning] [Decorations] CAPPING events from decorations provider vscode.git 2453
2024-03-19 20:30:36.412 [warning] [Decorations] CAPPING events from decorations provider vscode.git 2453
2024-03-19 20:30:41.459 [warning] [Decorations] CAPPING events from decorations provider vscode.git 2453
2024-03-19 20:30:46.516 [warning] [Decorations] CAPPING events from decorations provider vscode.git 2453
2024-03-19 20:30:51.562 [warning] [Decorations] CAPPING events from decorations provider vscode.git 2453
2024-03-19 20:30:56.616 [warning] [Decorations] CAPPING events from decorations provider vscode.git 2453
2024-03-19 20:31:01.669 [warning] [Decorations] CAPPING events from decorations provider vscode.git 2453
2024-03-19 20:31:06.726 [warning] [Decorations] CAPPING events from decorations provider vscode.git 2453
2024-03-19 20:31:11.780 [warning] [Decorations] CAPPING events from decorations provider vscode.git 2453
2024-03-19 20:31:16.836 [warning] [Decorations] CAPPING events from decorations provider vscode.git 2453
2024-03-19 20:31:21.886 [warning] [Decorations] CAPPING events from decorations provider vscode.git 2453
2024-03-19 20:31:26.943 [warning] [Decorations] CAPPING events from decorations provider vscode.git 2453
2024-03-19 20:31:32.012 [warning] [Decorations] CAPPING events from decorations provider vscode.git 2453
2024-03-19 20:31:37.061 [warning] [Decorations] CAPPING events from decorations provider vscode.git 2453
2024-03-19 20:31:42.117 [warning] [Decorations] CAPPING events from decorations provider vscode.git 2453
2024-03-19 20:31:47.198 [warning] [Decorations] CAPPING events from decorations provider vscode.git 2453
2024-03-19 20:31:52.251 [warning] [Decorations] CAPPING events from decorations provider vscode.git 2453
2024-03-19 20:31:57.309 [warning] [Decorations] CAPPING events from decorations provider vscode.git 2453
2024-03-19 20:32:02.356 [warning] [Decorations] CAPPING events from decorations provider vscode.git 2453
2024-03-19 20:32:07.421 [warning] [Decorations] CAPPING events from decorations provider vscode.git 2453
2024-03-19 20:32:12.468 [warning] [Decorations] CAPPING events from decorations provider vscode.git 2453
2024-03-19 20:32:17.526 [warning] [Decorations] CAPPING events from decorations provider vscode.git 2453
2024-03-19 20:32:22.575 [warning] [Decorations] CAPPING events from decorations provider vscode.git 2453
2024-03-19 20:32:27.627 [warning] [Decorations] CAPPING events from decorations provider vscode.git 2453
2024-03-19 20:32:32.677 [warning] [Decorations] CAPPING events from decorations provider vscode.git 2453
2024-03-19 20:32:37.728 [warning] [Decorations] CAPPING events from decorations provider vscode.git 2453
2024-03-19 20:32:42.810 [warning] [Decorations] CAPPING events from decorations provider vscode.git 2453
2024-03-19 20:32:47.870 [warning] [Decorations] CAPPING events from decorations provider vscode.git 2453
2024-03-19 20:32:52.914 [warning] [Decorations] CAPPING events from decorations provider vscode.git 2453
2024-03-19 20:32:57.977 [warning] [Decorations] CAPPING events from decorations provider vscode.git 2453
2024-03-19 20:33:03.032 [warning] [Decorations] CAPPING events from decorations provider vscode.git 2453
2024-03-19 20:33:08.090 [warning] [Decorations] CAPPING events from decorations provider vscode.git 2453
2024-03-19 20:33:13.153 [warning] [Decorations] CAPPING events from decorations provider vscode.git 2453
2024-03-19 20:33:18.197 [warning] [Decorations] CAPPING events from decorations provider vscode.git 2453
2024-03-19 20:33:23.245 [warning] [Decorations] CAPPING events from decorations provider vscode.git 2453
2024-03-19 20:33:28.313 [warning] [Decorations] CAPPING events from decorations provider vscode.git 2453
2024-03-19 20:33:33.355 [warning] [Decorations] CAPPING events from decorations provider vscode.git 2453
2024-03-19 20:33:38.409 [warning] [Decorations] CAPPING events from decorations provider vscode.git 2453
2024-03-19 20:33:43.455 [warning] [Decorations] CAPPING events from decorations provider vscode.git 2453
2024-03-19 20:33:48.512 [warning] [Decorations] CAPPING events from decorations provider vscode.git 2453
2024-03-19 20:33:53.565 [warning] [Decorations] CAPPING events from decorations provider vscode.git 2453
2024-03-19 20:33:58.618 [warning] [Decorations] CAPPING events from decorations provider vscode.git 2453
2024-03-19 20:34:03.677 [warning] [Decorations] CAPPING events from decorations provider vscode.git 2453
2024-03-19 20:34:08.739 [warning] [Decorations] CAPPING events from decorations provider vscode.git 2453
2024-03-19 20:34:13.787 [warning] [Decorations] CAPPING events from decorations provider vscode.git 2453
2024-03-19 20:34:18.834 [warning] [Decorations] CAPPING events from decorations provider vscode.git 2453
2024-03-19 20:34:23.889 [warning] [Decorations] CAPPING events from decorations provider vscode.git 2453
2024-03-19 20:34:28.947 [warning] [Decorations] CAPPING events from decorations provider vscode.git 2453
2024-03-19 20:34:34.001 [warning] [Decorations] CAPPING events from decorations provider vscode.git 2453
2024-03-19 20:34:39.059 [warning] [Decorations] CAPPING events from decorations provider vscode.git 2453
2024-03-19 20:34:44.149 [warning] [Decorations] CAPPING events from decorations provider vscode.git 2453
2024-03-19 20:34:49.221 [warning] [Decorations] CAPPING events from decorations provider vscode.git 2453
2024-03-19 20:34:54.269 [warning] [Decorations] CAPPING events from decorations provider vscode.git 2453
2024-03-19 20:34:59.321 [warning] [Decorations] CAPPING events from decorations provider vscode.git 2453
2024-03-19 20:35:04.393 [warning] [Decorations] CAPPING events from decorations provider vscode.git 2453
2024-03-19 20:35:09.438 [warning] [Decorations] CAPPING events from decorations provider vscode.git 2453
2024-03-19 20:35:14.504 [warning] [Decorations] CAPPING events from decorations provider vscode.git 2453
2024-03-19 20:35:19.555 [warning] [Decorations] CAPPING events from decorations provider vscode.git 2453
2024-03-19 20:35:24.603 [warning] [Decorations] CAPPING events from decorations provider vscode.git 2453
2024-03-19 20:35:29.665 [warning] [Decorations] CAPPING events from decorations provider vscode.git 2453
2024-03-19 20:35:34.719 [warning] [Decorations] CAPPING events from decorations provider vscode.git 2453
2024-03-19 20:35:39.778 [warning] [Decorations] CAPPING events from decorations provider vscode.git 2453
2024-03-19 20:35:44.825 [warning] [Decorations] CAPPING events from decorations provider vscode.git 2453
2024-03-19 20:35:49.874 [warning] [Decorations] CAPPING events from decorations provider vscode.git 2453
2024-03-19 20:35:54.921 [warning] [Decorations] CAPPING events from decorations provider vscode.git 2453
2024-03-19 20:35:59.969 [warning] [Decorations] CAPPING events from decorations provider vscode.git 2453
2024-03-19 20:36:05.015 [warning] [Decorations] CAPPING events from decorations provider vscode.git 2453
2024-03-19 20:36:10.068 [warning] [Decorations] CAPPING events from decorations provider vscode.git 2453
2024-03-19 20:36:15.111 [warning] [Decorations] CAPPING events from decorations provider vscode.git 2453
2024-03-19 20:36:20.179 [warning] [Decorations] CAPPING events from decorations provider vscode.git 2453
2024-03-19 20:36:25.228 [warning] [Decorations] CAPPING events from decorations provider vscode.git 2453
2024-03-19 20:36:30.288 [warning] [Decorations] CAPPING events from decorations provider vscode.git 2453
2024-03-19 20:36:35.334 [warning] [Decorations] CAPPING events from decorations provider vscode.git 2453
2024-03-19 20:36:40.402 [warning] [Decorations] CAPPING events from decorations provider vscode.git 2453
2024-03-19 20:36:45.464 [warning] [Decorations] CAPPING events from decorations provider vscode.git 2453
2024-03-19 20:36:50.515 [warning] [Decorations] CAPPING events from decorations provider vscode.git 2453
2024-03-19 20:36:55.579 [warning] [Decorations] CAPPING events from decorations provider vscode.git 2453
2024-03-19 20:37:00.644 [warning] [Decorations] CAPPING events from decorations provider vscode.git 2453
2024-03-19 20:37:05.702 [warning] [Decorations] CAPPING events from decorations provider vscode.git 2453
2024-03-19 20:37:10.757 [warning] [Decorations] CAPPING events from decorations provider vscode.git 2453
2024-03-19 20:37:15.816 [warning] [Decorations] CAPPING events from decorations provider vscode.git 2453
2024-03-19 20:37:20.890 [warning] [Decorations] CAPPING events from decorations provider vscode.git 2453
2024-03-19 20:37:25.935 [warning] [Decorations] CAPPING events from decorations provider vscode.git 2453
2024-03-19 20:37:30.987 [warning] [Decorations] CAPPING events from decorations provider vscode.git 2453
2024-03-19 20:37:36.043 [warning] [Decorations] CAPPING events from decorations provider vscode.git 2453
2024-03-19 20:37:41.098 [warning] [Decorations] CAPPING events from decorations provider vscode.git 2453
2024-03-19 20:37:46.158 [warning] [Decorations] CAPPING events from decorations provider vscode.git 2453
2024-03-19 20:37:51.219 [warning] [Decorations] CAPPING events from decorations provider vscode.git 2453
2024-03-19 20:37:56.281 [warning] [Decorations] CAPPING events from decorations provider vscode.git 2453
2024-03-19 20:38:01.329 [warning] [Decorations] CAPPING events from decorations provider vscode.git 2453
2024-03-19 20:38:06.381 [warning] [Decorations] CAPPING events from decorations provider vscode.git 2453
2024-03-19 20:38:11.429 [warning] [Decorations] CAPPING events from decorations provider vscode.git 2453
2024-03-19 20:38:16.502 [warning] [Decorations] CAPPING events from decorations provider vscode.git 2453
2024-03-19 20:38:21.567 [warning] [Decorations] CAPPING events from decorations provider vscode.git 2453
2024-03-19 20:38:26.622 [warning] [Decorations] CAPPING events from decorations provider vscode.git 2453
2024-03-19 20:38:31.676 [warning] [Decorations] CAPPING events from decorations provider vscode.git 2453
2024-03-19 20:38:36.724 [warning] [Decorations] CAPPING events from decorations provider vscode.git 2453
2024-03-19 20:38:41.793 [warning] [Decorations] CAPPING events from decorations provider vscode.git 2453
2024-03-19 20:38:46.850 [warning] [Decorations] CAPPING events from decorations provider vscode.git 2453
2024-03-19 20:38:51.903 [warning] [Decorations] CAPPING events from decorations provider vscode.git 2453
2024-03-19 20:38:56.963 [warning] [Decorations] CAPPING events from decorations provider vscode.git 2453
2024-03-19 20:39:02.019 [warning] [Decorations] CAPPING events from decorations provider vscode.git 2453
2024-03-19 20:39:07.089 [warning] [Decorations] CAPPING events from decorations provider vscode.git 2453
2024-03-19 20:39:12.141 [warning] [Decorations] CAPPING events from decorations provider vscode.git 2453
2024-03-19 20:39:17.197 [warning] [Decorations] CAPPING events from decorations provider vscode.git 2453
2024-03-19 20:39:22.269 [warning] [Decorations] CAPPING events from decorations provider vscode.git 2453
2024-03-19 20:39:27.332 [warning] [Decorations] CAPPING events from decorations provider vscode.git 2453
2024-03-19 20:39:32.391 [warning] [Decorations] CAPPING events from decorations provider vscode.git 2453
2024-03-19 20:39:37.455 [warning] [Decorations] CAPPING events from decorations provider vscode.git 2453
2024-03-19 20:39:42.505 [warning] [Decorations] CAPPING events from decorations provider vscode.git 2453
2024-03-19 20:39:47.567 [warning] [Decorations] CAPPING events from decorations provider vscode.git 2453
2024-03-19 20:39:52.622 [warning] [Decorations] CAPPING events from decorations provider vscode.git 2453
2024-03-19 20:39:57.678 [warning] [Decorations] CAPPING events from decorations provider vscode.git 2453
2024-03-19 20:40:02.723 [warning] [Decorations] CAPPING events from decorations provider vscode.git 2453
2024-03-19 20:40:07.783 [warning] [Decorations] CAPPING events from decorations provider vscode.git 2453
2024-03-19 20:40:12.852 [warning] [Decorations] CAPPING events from decorations provider vscode.git 2453
2024-03-19 20:40:17.907 [warning] [Decorations] CAPPING events from decorations provider vscode.git 2453
2024-03-19 20:40:22.958 [warning] [Decorations] CAPPING events from decorations provider vscode.git 2453
2024-03-19 20:40:28.014 [warning] [Decorations] CAPPING events from decorations provider vscode.git 2453
2024-03-19 20:40:33.069 [warning] [Decorations] CAPPING events from decorations provider vscode.git 2453
2024-03-19 20:40:38.129 [warning] [Decorations] CAPPING events from decorations provider vscode.git 2453
2024-03-19 20:40:43.182 [warning] [Decorations] CAPPING events from decorations provider vscode.git 2453
2024-03-19 20:40:48.236 [warning] [Decorations] CAPPING events from decorations provider vscode.git 2453
2024-03-19 20:40:53.286 [warning] [Decorations] CAPPING events from decorations provider vscode.git 2453
2024-03-19 20:40:58.394 [warning] [Decorations] CAPPING events from decorations provider vscode.git 2453
2024-03-19 20:41:03.450 [warning] [Decorations] CAPPING events from decorations provider vscode.git 2453
2024-03-19 20:41:08.506 [warning] [Decorations] CAPPING events from decorations provider vscode.git 2453
2024-03-19 20:41:13.562 [warning] [Decorations] CAPPING events from decorations provider vscode.git 2453
2024-03-19 20:41:18.607 [warning] [Decorations] CAPPING events from decorations provider vscode.git 2453
2024-03-19 20:41:23.681 [warning] [Decorations] CAPPING events from decorations provider vscode.git 2453
2024-03-19 20:41:28.745 [warning] [Decorations] CAPPING events from decorations provider vscode.git 2453
2024-03-19 20:41:33.799 [warning] [Decorations] CAPPING events from decorations provider vscode.git 2453
2024-03-19 20:41:38.845 [warning] [Decorations] CAPPING events from decorations provider vscode.git 2453
2024-03-19 20:41:43.905 [warning] [Decorations] CAPPING events from decorations provider vscode.git 2453
2024-03-19 20:41:48.956 [warning] [Decorations] CAPPING events from decorations provider vscode.git 2453
2024-03-19 20:41:54.005 [warning] [Decorations] CAPPING events from decorations provider vscode.git 2453
2024-03-19 20:41:59.070 [warning] [Decorations] CAPPING events from decorations provider vscode.git 2453
2024-03-19 20:42:04.133 [warning] [Decorations] CAPPING events from decorations provider vscode.git 2453
2024-03-19 20:42:09.208 [warning] [Decorations] CAPPING events from decorations provider vscode.git 2453
2024-03-19 20:42:14.267 [warning] [Decorations] CAPPING events from decorations provider vscode.git 2453
2024-03-19 20:42:19.319 [warning] [Decorations] CAPPING events from decorations provider vscode.git 2453
2024-03-19 20:42:24.375 [warning] [Decorations] CAPPING events from decorations provider vscode.git 2453
2024-03-19 20:42:29.442 [warning] [Decorations] CAPPING events from decorations provider vscode.git 2453
2024-03-19 20:42:34.511 [warning] [Decorations] CAPPING events from decorations provider vscode.git 2453
2024-03-19 20:42:39.572 [warning] [Decorations] CAPPING events from decorations provider vscode.git 2453
2024-03-19 20:42:44.619 [warning] [Decorations] CAPPING events from decorations provider vscode.git 2453
2024-03-19 20:42:49.670 [warning] [Decorations] CAPPING events from decorations provider vscode.git 2453
2024-03-19 20:42:54.722 [warning] [Decorations] CAPPING events from decorations provider vscode.git 2453
2024-03-19 20:42:59.778 [warning] [Decorations] CAPPING events from decorations provider vscode.git 2453
2024-03-19 20:43:04.830 [warning] [Decorations] CAPPING events from decorations provider vscode.git 2453
2024-03-19 20:43:09.881 [warning] [Decorations] CAPPING events from decorations provider vscode.git 2453
2024-03-19 20:43:14.941 [warning] [Decorations] CAPPING events from decorations provider vscode.git 2453
2024-03-19 20:43:19.985 [warning] [Decorations] CAPPING events from decorations provider vscode.git 2453
2024-03-19 20:43:25.045 [warning] [Decorations] CAPPING events from decorations provider vscode.git 2453
2024-03-19 20:43:30.099 [warning] [Decorations] CAPPING events from decorations provider vscode.git 2453
2024-03-19 20:43:35.154 [warning] [Decorations] CAPPING events from decorations provider vscode.git 2453
2024-03-19 20:43:40.205 [warning] [Decorations] CAPPING events from decorations provider vscode.git 2453
2024-03-19 20:43:45.261 [warning] [Decorations] CAPPING events from decorations provider vscode.git 2453
2024-03-19 20:43:50.320 [warning] [Decorations] CAPPING events from decorations provider vscode.git 2453
2024-03-19 20:43:55.379 [warning] [Decorations] CAPPING events from decorations provider vscode.git 2453
2024-03-19 20:44:00.433 [warning] [Decorations] CAPPING events from decorations provider vscode.git 2453
2024-03-19 20:44:05.479 [warning] [Decorations] CAPPING events from decorations provider vscode.git 2453
2024-03-19 20:44:10.558 [warning] [Decorations] CAPPING events from decorations provider vscode.git 2453
2024-03-19 20:44:15.629 [warning] [Decorations] CAPPING events from decorations provider vscode.git 2453
2024-03-19 20:44:20.676 [warning] [Decorations] CAPPING events from decorations provider vscode.git 2453
2024-03-19 20:44:25.727 [warning] [Decorations] CAPPING events from decorations provider vscode.git 2453
2024-03-19 20:44:30.778 [warning] [Decorations] CAPPING events from decorations provider vscode.git 2453
2024-03-19 20:44:35.834 [warning] [Decorations] CAPPING events from decorations provider vscode.git 2453
2024-03-19 20:44:40.887 [warning] [Decorations] CAPPING events from decorations provider vscode.git 2453
2024-03-19 20:44:45.935 [warning] [Decorations] CAPPING events from decorations provider vscode.git 2453
2024-03-19 20:44:50.996 [warning] [Decorations] CAPPING events from decorations provider vscode.git 2453
2024-03-19 20:44:56.044 [warning] [Decorations] CAPPING events from decorations provider vscode.git 2453
2024-03-19 20:45:01.092 [warning] [Decorations] CAPPING events from decorations provider vscode.git 2453
2024-03-19 20:45:06.157 [warning] [Decorations] CAPPING events from decorations provider vscode.git 2453
2024-03-19 20:45:11.217 [warning] [Decorations] CAPPING events from decorations provider vscode.git 2453
2024-03-19 20:45:16.263 [warning] [Decorations] CAPPING events from decorations provider vscode.git 2453
2024-03-19 20:45:21.330 [warning] [Decorations] CAPPING events from decorations provider vscode.git 2453
2024-03-19 20:45:26.404 [warning] [Decorations] CAPPING events from decorations provider vscode.git 2453
2024-03-19 20:45:31.461 [warning] [Decorations] CAPPING events from decorations provider vscode.git 2453
2024-03-19 20:45:36.518 [warning] [Decorations] CAPPING events from decorations provider vscode.git 2453
2024-03-19 20:45:41.569 [warning] [Decorations] CAPPING events from decorations provider vscode.git 2453
2024-03-19 20:45:46.629 [warning] [Decorations] CAPPING events from decorations provider vscode.git 2453
2024-03-19 20:45:51.689 [warning] [Decorations] CAPPING events from decorations provider vscode.git 2453
2024-03-19 20:45:56.742 [warning] [Decorations] CAPPING events from decorations provider vscode.git 2453
2024-03-19 20:46:01.816 [warning] [Decorations] CAPPING events from decorations provider vscode.git 2453
2024-03-19 20:46:06.879 [warning] [Decorations] CAPPING events from decorations provider vscode.git 2453
2024-03-19 20:46:11.941 [warning] [Decorations] CAPPING events from decorations provider vscode.git 2453
2024-03-19 20:46:16.984 [warning] [Decorations] CAPPING events from decorations provider vscode.git 2453
2024-03-19 20:46:22.046 [warning] [Decorations] CAPPING events from decorations provider vscode.git 2453
2024-03-19 20:46:27.099 [warning] [Decorations] CAPPING events from decorations provider vscode.git 2453
2024-03-19 20:46:32.153 [warning] [Decorations] CAPPING events from decorations provider vscode.git 2453
2024-03-19 20:46:37.219 [warning] [Decorations] CAPPING events from decorations provider vscode.git 2453
2024-03-19 20:46:42.280 [warning] [Decorations] CAPPING events from decorations provider vscode.git 2453
2024-03-19 20:46:47.334 [warning] [Decorations] CAPPING events from decorations provider vscode.git 2453
2024-03-19 20:46:52.408 [warning] [Decorations] CAPPING events from decorations provider vscode.git 2453
2024-03-19 20:46:57.479 [warning] [Decorations] CAPPING events from decorations provider vscode.git 2453
2024-03-19 20:47:02.537 [warning] [Decorations] CAPPING events from decorations provider vscode.git 2453
2024-03-19 20:47:07.587 [warning] [Decorations] CAPPING events from decorations provider vscode.git 2453
2024-03-19 20:47:12.667 [warning] [Decorations] CAPPING events from decorations provider vscode.git 2453
2024-03-19 20:47:17.737 [warning] [Decorations] CAPPING events from decorations provider vscode.git 2453
2024-03-19 20:47:22.798 [warning] [Decorations] CAPPING events from decorations provider vscode.git 2453
2024-03-19 20:47:27.853 [warning] [Decorations] CAPPING events from decorations provider vscode.git 2453
2024-03-19 20:47:32.905 [warning] [Decorations] CAPPING events from decorations provider vscode.git 2453
2024-03-19 20:47:37.963 [warning] [Decorations] CAPPING events from decorations provider vscode.git 2453
2024-03-19 20:47:43.027 [warning] [Decorations] CAPPING events from decorations provider vscode.git 2453
2024-03-19 20:47:48.081 [warning] [Decorations] CAPPING events from decorations provider vscode.git 2453
2024-03-19 20:47:53.132 [warning] [Decorations] CAPPING events from decorations provider vscode.git 2453
2024-03-19 20:47:58.188 [warning] [Decorations] CAPPING events from decorations provider vscode.git 2453
2024-03-19 20:48:03.252 [warning] [Decorations] CAPPING events from decorations provider vscode.git 2453
2024-03-19 20:48:08.306 [warning] [Decorations] CAPPING events from decorations provider vscode.git 2453
2024-03-19 20:48:13.355 [warning] [Decorations] CAPPING events from decorations provider vscode.git 2453
2024-03-19 20:48:18.411 [warning] [Decorations] CAPPING events from decorations provider vscode.git 2453
2024-03-19 20:48:23.458 [warning] [Decorations] CAPPING events from decorations provider vscode.git 2453
2024-03-19 20:48:28.518 [warning] [Decorations] CAPPING events from decorations provider vscode.git 2453
2024-03-19 20:48:33.586 [warning] [Decorations] CAPPING events from decorations provider vscode.git 2453
2024-03-19 20:48:38.637 [warning] [Decorations] CAPPING events from decorations provider vscode.git 2453
2024-03-19 20:48:43.687 [warning] [Decorations] CAPPING events from decorations provider vscode.git 2453
2024-03-19 20:48:48.741 [warning] [Decorations] CAPPING events from decorations provider vscode.git 2453
2024-03-19 20:48:53.795 [warning] [Decorations] CAPPING events from decorations provider vscode.git 2453
2024-03-19 20:48:58.846 [warning] [Decorations] CAPPING events from decorations provider vscode.git 2453
2024-03-19 20:49:03.898 [warning] [Decorations] CAPPING events from decorations provider vscode.git 2453
2024-03-19 20:49:08.944 [warning] [Decorations] CAPPING events from decorations provider vscode.git 2453
2024-03-19 20:49:13.994 [warning] [Decorations] CAPPING events from decorations provider vscode.git 2453
2024-03-19 20:49:19.060 [warning] [Decorations] CAPPING events from decorations provider vscode.git 2453
2024-03-19 20:49:24.125 [warning] [Decorations] CAPPING events from decorations provider vscode.git 2453
2024-03-19 20:49:29.180 [warning] [Decorations] CAPPING events from decorations provider vscode.git 2453
2024-03-19 20:49:34.233 [warning] [Decorations] CAPPING events from decorations provider vscode.git 2453
2024-03-19 20:49:39.292 [warning] [Decorations] CAPPING events from decorations provider vscode.git 2453
2024-03-19 20:49:44.361 [warning] [Decorations] CAPPING events from decorations provider vscode.git 2453
2024-03-19 20:49:49.419 [warning] [Decorations] CAPPING events from decorations provider vscode.git 2453
2024-03-19 20:49:54.486 [warning] [Decorations] CAPPING events from decorations provider vscode.git 2453
2024-03-19 20:49:59.544 [warning] [Decorations] CAPPING events from decorations provider vscode.git 2453
2024-03-19 20:50:04.594 [warning] [Decorations] CAPPING events from decorations provider vscode.git 2453
2024-03-19 20:50:09.644 [warning] [Decorations] CAPPING events from decorations provider vscode.git 2453
2024-03-19 20:50:14.692 [warning] [Decorations] CAPPING events from decorations provider vscode.git 2453
2024-03-19 20:50:19.736 [warning] [Decorations] CAPPING events from decorations provider vscode.git 2453
2024-03-19 20:50:24.792 [warning] [Decorations] CAPPING events from decorations provider vscode.git 2453
2024-03-19 20:50:29.853 [warning] [Decorations] CAPPING events from decorations provider vscode.git 2453
2024-03-19 20:50:34.906 [warning] [Decorations] CAPPING events from decorations provider vscode.git 2453
2024-03-19 20:50:39.961 [warning] [Decorations] CAPPING events from decorations provider vscode.git 2453
2024-03-19 20:50:45.007 [warning] [Decorations] CAPPING events from decorations provider vscode.git 2453
2024-03-19 20:50:50.055 [warning] [Decorations] CAPPING events from decorations provider vscode.git 2453
2024-03-19 20:50:55.110 [warning] [Decorations] CAPPING events from decorations provider vscode.git 2453
2024-03-19 20:51:00.176 [warning] [Decorations] CAPPING events from decorations provider vscode.git 2453
2024-03-19 20:51:05.230 [warning] [Decorations] CAPPING events from decorations provider vscode.git 2453
2024-03-19 20:51:10.291 [warning] [Decorations] CAPPING events from decorations provider vscode.git 2453
2024-03-19 20:51:15.338 [warning] [Decorations] CAPPING events from decorations provider vscode.git 2453
2024-03-19 20:51:20.404 [warning] [Decorations] CAPPING events from decorations provider vscode.git 2453
2024-03-19 20:51:25.451 [warning] [Decorations] CAPPING events from decorations provider vscode.git 2453
2024-03-19 20:51:30.513 [warning] [Decorations] CAPPING events from decorations provider vscode.git 2453
2024-03-19 20:51:35.567 [warning] [Decorations] CAPPING events from decorations provider vscode.git 2453
2024-03-19 20:57:23.862 [warning] [Decorations] CAPPING events from decorations provider vscode.git 2453
2024-03-19 20:57:28.916 [warning] [Decorations] CAPPING events from decorations provider vscode.git 2453
