2024-03-20 14:47:36.044 [info] Log level: Info
2024-03-20 14:47:36.044 [info] Validating found git in: "git"
2024-03-20 14:47:36.044 [info] Using git "2.44.0" from "git"
2024-03-20 14:47:36.044 [info] > git rev-parse --show-toplevel [1ms]
2024-03-20 14:47:36.044 [info] > git rev-parse --git-dir --git-common-dir [10ms]
2024-03-20 14:47:36.044 [info] Open repository: /run/media/n30/nvme_chivos/.dotfiles
2024-03-20 14:47:36.045 [info] > git rev-parse --show-toplevel [1ms]
2024-03-20 14:47:36.045 [info] > git config --get commit.template [5ms]
2024-03-20 14:47:36.053 [info] > git rev-parse --show-toplevel [5ms]
2024-03-20 14:47:36.056 [info] > git for-each-ref --format=%(refname)%00%(upstream:short)%00%(objectname)%00%(upstream:track)%00%(upstream:remotename)%00%(upstream:remoteref) refs/heads/main refs/remotes/main [4ms]
2024-03-20 14:47:36.059 [info] > git rev-parse --show-toplevel [3ms]
2024-03-20 14:47:36.062 [info] > git rev-parse --show-toplevel [1ms]
2024-03-20 14:47:36.065 [info] > git rev-parse --show-toplevel [1ms]
2024-03-20 14:47:36.068 [info] > git rev-parse --show-toplevel [0ms]
2024-03-20 14:47:36.072 [info] > git rev-parse --show-toplevel [1ms]
2024-03-20 14:47:36.077 [info] > git rev-parse --show-toplevel [1ms]
2024-03-20 14:47:36.080 [info] > git rev-parse --show-toplevel [1ms]
2024-03-20 14:47:36.083 [info] > git rev-parse --show-toplevel [0ms]
2024-03-20 14:47:36.086 [info] > git rev-parse --show-toplevel [0ms]
2024-03-20 14:47:36.089 [info] > git rev-parse --show-toplevel [1ms]
2024-03-20 14:47:36.092 [info] > git status -z -uall [33ms]
2024-03-20 14:47:36.092 [info] > git rev-parse --show-toplevel [1ms]
2024-03-20 14:47:36.117 [info] > git rev-parse --show-toplevel [22ms]
2024-03-20 14:47:36.121 [info] > git rev-parse --show-toplevel [1ms]
2024-03-20 14:47:36.121 [info] > git config --get commit.template [4ms]
2024-03-20 14:47:36.127 [info] > git for-each-ref --format=%(refname)%00%(upstream:short)%00%(objectname)%00%(upstream:track)%00%(upstream:remotename)%00%(upstream:remoteref) refs/heads/main refs/remotes/main [3ms]
2024-03-20 14:47:36.130 [info] > git rev-parse --show-toplevel [3ms]
2024-03-20 14:47:36.134 [info] > git rev-parse --show-toplevel [1ms]
2024-03-20 14:47:36.203 [info] > git rev-parse --show-toplevel [66ms]
2024-03-20 14:47:36.207 [info] > git status -z -uall [77ms]
2024-03-20 14:47:36.221 [info] > git rev-parse --show-toplevel [14ms]
2024-03-20 14:47:36.226 [info] > git rev-parse --show-toplevel [1ms]
2024-03-20 14:47:36.229 [info] > git rev-parse --show-toplevel [1ms]
2024-03-20 14:47:36.232 [info] > git rev-parse --show-toplevel [0ms]
2024-03-20 14:47:36.235 [info] > git rev-parse --show-toplevel [0ms]
2024-03-20 14:47:36.239 [info] > git rev-parse --show-toplevel [1ms]
2024-03-20 14:47:36.242 [info] > git rev-parse --show-toplevel [1ms]
2024-03-20 14:47:36.245 [info] > git rev-parse --show-toplevel [0ms]
2024-03-20 14:47:36.248 [info] > git rev-parse --show-toplevel [0ms]
2024-03-20 14:47:36.252 [info] > git rev-parse --show-toplevel [1ms]
2024-03-20 14:47:36.255 [info] > git rev-parse --show-toplevel [1ms]
2024-03-20 14:47:36.258 [info] > git rev-parse --show-toplevel [0ms]
2024-03-20 14:47:36.261 [info] > git rev-parse --show-toplevel [0ms]
2024-03-20 14:47:36.264 [info] > git rev-parse --show-toplevel [0ms]
2024-03-20 14:47:36.268 [info] > git rev-parse --show-toplevel [1ms]
2024-03-20 14:47:36.271 [info] > git rev-parse --show-toplevel [1ms]
2024-03-20 14:47:36.274 [info] > git rev-parse --show-toplevel [0ms]
2024-03-20 14:47:36.277 [info] > git rev-parse --show-toplevel [0ms]
2024-03-20 14:47:36.280 [info] > git rev-parse --show-toplevel [0ms]
2024-03-20 14:47:36.283 [info] > git rev-parse --show-toplevel [0ms]
2024-03-20 14:47:36.286 [info] > git rev-parse --show-toplevel [0ms]
2024-03-20 14:47:36.572 [info] > git check-ignore -v -z --stdin [8ms]
2024-03-20 14:47:36.598 [info] > git show --textconv :wiki-wayland-0.97beta.md [3ms]
2024-03-20 14:47:36.599 [info] > git ls-files --stage -- /run/media/n30/nvme_chivos/.dotfiles/wiki-wayland-0.97beta.md [1ms]
2024-03-20 14:47:36.605 [info] > git cat-file -s f872a935c0386653714b6aadac6cc467b93c2719 [1ms]
2024-03-20 14:47:38.827 [info] > git config --get commit.template [17ms]
2024-03-20 14:47:38.828 [info] > git for-each-ref --format=%(refname)%00%(upstream:short)%00%(objectname)%00%(upstream:track)%00%(upstream:remotename)%00%(upstream:remoteref) refs/heads/main refs/remotes/main [2ms]
2024-03-20 14:47:38.865 [info] > git status -z -uall [31ms]
2024-03-20 14:48:20.205 [info] > git config --get commit.template [3ms]
2024-03-20 14:48:20.206 [info] > git for-each-ref --format=%(refname)%00%(upstream:short)%00%(objectname)%00%(upstream:track)%00%(upstream:remotename)%00%(upstream:remoteref) refs/heads/main refs/remotes/main [1ms]
2024-03-20 14:48:20.227 [info] > git status -z -uall [19ms]
2024-03-20 14:48:26.513 [info] > git config --get commit.template [1ms]
2024-03-20 14:48:26.517 [info] > git for-each-ref --format=%(refname)%00%(upstream:short)%00%(objectname)%00%(upstream:track)%00%(upstream:remotename)%00%(upstream:remoteref) refs/heads/main refs/remotes/main [0ms]
2024-03-20 14:48:26.545 [info] > git status -z -uall [25ms]
2024-03-20 14:48:37.059 [info] > git config --get commit.template [5ms]
2024-03-20 14:48:37.059 [info] > git for-each-ref --format=%(refname)%00%(upstream:short)%00%(objectname)%00%(upstream:track)%00%(upstream:remotename)%00%(upstream:remoteref) refs/heads/main refs/remotes/main [1ms]
2024-03-20 14:48:37.081 [info] > git status -z -uall [19ms]
2024-03-20 14:51:21.129 [info] > git config --get commit.template [4ms]
2024-03-20 14:51:21.129 [info] > git for-each-ref --format=%(refname)%00%(upstream:short)%00%(objectname)%00%(upstream:track)%00%(upstream:remotename)%00%(upstream:remoteref) refs/heads/main refs/remotes/main [1ms]
2024-03-20 14:51:21.152 [info] > git status -z -uall [19ms]
2024-03-20 14:51:53.496 [info] > git config --get commit.template [5ms]
2024-03-20 14:51:53.496 [info] > git for-each-ref --format=%(refname)%00%(upstream:short)%00%(objectname)%00%(upstream:track)%00%(upstream:remotename)%00%(upstream:remoteref) refs/heads/main refs/remotes/main [1ms]
2024-03-20 14:51:53.521 [info] > git status -z -uall [21ms]
2024-03-20 15:42:23.463 [info] > git config --get commit.template [5ms]
2024-03-20 15:42:23.464 [info] > git for-each-ref --format=%(refname)%00%(upstream:short)%00%(objectname)%00%(upstream:track)%00%(upstream:remotename)%00%(upstream:remoteref) refs/heads/main refs/remotes/main [2ms]
2024-03-20 15:42:23.488 [info] > git status -z -uall [20ms]
2024-03-20 15:42:50.952 [info] > git config --get commit.template [6ms]
2024-03-20 15:42:50.952 [info] > git for-each-ref --format=%(refname)%00%(upstream:short)%00%(objectname)%00%(upstream:track)%00%(upstream:remotename)%00%(upstream:remoteref) refs/heads/main refs/remotes/main [1ms]
2024-03-20 15:42:50.999 [info] > git status -z -uall [37ms]
2024-03-20 15:51:48.885 [info] > git config --get commit.template [5ms]
2024-03-20 15:51:48.885 [info] > git for-each-ref --format=%(refname)%00%(upstream:short)%00%(objectname)%00%(upstream:track)%00%(upstream:remotename)%00%(upstream:remoteref) refs/heads/main refs/remotes/main [1ms]
2024-03-20 15:51:48.911 [info] > git status -z -uall [22ms]
2024-03-20 15:55:06.314 [info] > git config --get commit.template [4ms]
2024-03-20 15:55:06.314 [info] > git for-each-ref --format=%(refname)%00%(upstream:short)%00%(objectname)%00%(upstream:track)%00%(upstream:remotename)%00%(upstream:remoteref) refs/heads/main refs/remotes/main [1ms]
2024-03-20 15:55:06.337 [info] > git status -z -uall [20ms]
2024-03-20 16:03:46.437 [info] > git config --get commit.template [4ms]
2024-03-20 16:03:46.437 [info] > git for-each-ref --format=%(refname)%00%(upstream:short)%00%(objectname)%00%(upstream:track)%00%(upstream:remotename)%00%(upstream:remoteref) refs/heads/main refs/remotes/main [1ms]
2024-03-20 16:03:46.463 [info] > git status -z -uall [21ms]
2024-03-20 16:28:51.213 [info] > git config --get commit.template [0ms]
2024-03-20 16:28:51.217 [info] > git for-each-ref --format=%(refname)%00%(upstream:short)%00%(objectname)%00%(upstream:track)%00%(upstream:remotename)%00%(upstream:remoteref) refs/heads/main refs/remotes/main [1ms]
2024-03-20 16:28:51.247 [info] > git status -z -uall [26ms]
2024-03-20 16:36:27.878 [info] > git config --get commit.template [4ms]
2024-03-20 16:36:27.879 [info] > git for-each-ref --format=%(refname)%00%(upstream:short)%00%(objectname)%00%(upstream:track)%00%(upstream:remotename)%00%(upstream:remoteref) refs/heads/main refs/remotes/main [1ms]
2024-03-20 16:36:27.903 [info] > git status -z -uall [21ms]
2024-03-20 16:43:00.199 [info] > git config --get commit.template [4ms]
2024-03-20 16:43:00.200 [info] > git for-each-ref --format=%(refname)%00%(upstream:short)%00%(objectname)%00%(upstream:track)%00%(upstream:remotename)%00%(upstream:remoteref) refs/heads/main refs/remotes/main [1ms]
2024-03-20 16:43:00.228 [info] > git status -z -uall [23ms]
2024-03-20 16:45:30.160 [info] > git config --get commit.template [7ms]
2024-03-20 16:45:30.161 [info] > git for-each-ref --format=%(refname)%00%(upstream:short)%00%(objectname)%00%(upstream:track)%00%(upstream:remotename)%00%(upstream:remoteref) refs/heads/main refs/remotes/main [2ms]
2024-03-20 16:45:30.191 [info] > git status -z -uall [22ms]
2024-03-20 18:33:34.518 [info] > git config --get commit.template [3ms]
2024-03-20 18:33:34.519 [info] > git for-each-ref --format=%(refname)%00%(upstream:short)%00%(objectname)%00%(upstream:track)%00%(upstream:remotename)%00%(upstream:remoteref) refs/heads/main refs/remotes/main [1ms]
2024-03-20 18:33:34.544 [info] > git status -z -uall [22ms]
2024-03-20 18:34:16.272 [info] > git config --get commit.template [4ms]
2024-03-20 18:34:16.272 [info] > git for-each-ref --format=%(refname)%00%(upstream:short)%00%(objectname)%00%(upstream:track)%00%(upstream:remotename)%00%(upstream:remoteref) refs/heads/main refs/remotes/main [0ms]
2024-03-20 18:34:16.298 [info] > git status -z -uall [20ms]
2024-03-20 19:11:17.349 [info] > git config --get commit.template [1ms]
2024-03-20 19:11:17.357 [info] > git for-each-ref --format=%(refname)%00%(upstream:short)%00%(objectname)%00%(upstream:track)%00%(upstream:remotename)%00%(upstream:remoteref) refs/heads/main refs/remotes/main [1ms]
2024-03-20 19:11:17.383 [info] > git status -z -uall [23ms]
2024-03-20 19:19:35.491 [info] > git config --get commit.template [5ms]
2024-03-20 19:19:35.492 [info] > git for-each-ref --format=%(refname)%00%(upstream:short)%00%(objectname)%00%(upstream:track)%00%(upstream:remotename)%00%(upstream:remoteref) refs/heads/main refs/remotes/main [2ms]
2024-03-20 19:19:35.532 [info] > git status -z -uall [34ms]
2024-03-20 19:32:21.702 [info] > git config --get commit.template [1ms]
2024-03-20 19:32:21.709 [info] > git for-each-ref --format=%(refname)%00%(upstream:short)%00%(objectname)%00%(upstream:track)%00%(upstream:remotename)%00%(upstream:remoteref) refs/heads/main refs/remotes/main [1ms]
2024-03-20 19:32:21.741 [info] > git status -z -uall [26ms]
2024-03-20 19:32:26.769 [info] > git config --get commit.template [6ms]
2024-03-20 19:32:26.769 [info] > git for-each-ref --format=%(refname)%00%(upstream:short)%00%(objectname)%00%(upstream:track)%00%(upstream:remotename)%00%(upstream:remoteref) refs/heads/main refs/remotes/main [1ms]
2024-03-20 19:32:26.804 [info] > git status -z -uall [29ms]
2024-03-20 19:32:31.835 [info] > git config --get commit.template [8ms]
2024-03-20 19:32:31.835 [info] > git for-each-ref --format=%(refname)%00%(upstream:short)%00%(objectname)%00%(upstream:track)%00%(upstream:remotename)%00%(upstream:remoteref) refs/heads/main refs/remotes/main [2ms]
2024-03-20 19:32:31.864 [info] > git status -z -uall [24ms]
2024-03-20 19:59:26.194 [info] > git config --get commit.template [6ms]
2024-03-20 19:59:26.194 [info] > git for-each-ref --format=%(refname)%00%(upstream:short)%00%(objectname)%00%(upstream:track)%00%(upstream:remotename)%00%(upstream:remoteref) refs/heads/main refs/remotes/main [1ms]
2024-03-20 19:59:26.221 [info] > git status -z -uall [23ms]
2024-03-20 20:14:07.842 [info] > git config --get commit.template [5ms]
2024-03-20 20:14:07.842 [info] > git for-each-ref --format=%(refname)%00%(upstream:short)%00%(objectname)%00%(upstream:track)%00%(upstream:remotename)%00%(upstream:remoteref) refs/heads/main refs/remotes/main [1ms]
2024-03-20 20:14:07.868 [info] > git status -z -uall [21ms]
2024-03-20 20:24:44.029 [info] > git config --get commit.template [4ms]
2024-03-20 20:24:44.030 [info] > git for-each-ref --format=%(refname)%00%(upstream:short)%00%(objectname)%00%(upstream:track)%00%(upstream:remotename)%00%(upstream:remoteref) refs/heads/main refs/remotes/main [1ms]
2024-03-20 20:24:44.052 [info] > git status -z -uall [19ms]
2024-03-20 20:41:30.333 [info] > git config --get commit.template [6ms]
2024-03-20 20:41:30.333 [info] > git for-each-ref --format=%(refname)%00%(upstream:short)%00%(objectname)%00%(upstream:track)%00%(upstream:remotename)%00%(upstream:remoteref) refs/heads/main refs/remotes/main [1ms]
2024-03-20 20:41:30.358 [info] > git status -z -uall [21ms]
2024-03-20 20:46:11.433 [info] > git config --get commit.template [13ms]
2024-03-20 20:46:11.433 [info] > git for-each-ref --format=%(refname)%00%(upstream:short)%00%(objectname)%00%(upstream:track)%00%(upstream:remotename)%00%(upstream:remoteref) refs/heads/main refs/remotes/main [2ms]
2024-03-20 20:46:11.463 [info] > git status -z -uall [25ms]
2024-03-20 21:16:13.900 [info] > git config --get commit.template [9ms]
2024-03-20 21:16:13.901 [info] > git for-each-ref --format=%(refname)%00%(upstream:short)%00%(objectname)%00%(upstream:track)%00%(upstream:remotename)%00%(upstream:remoteref) refs/heads/main refs/remotes/main [2ms]
2024-03-20 21:16:13.930 [info] > git status -z -uall [25ms]
2024-03-20 21:16:18.958 [info] > git config --get commit.template [6ms]
2024-03-20 21:16:18.959 [info] > git for-each-ref --format=%(refname)%00%(upstream:short)%00%(objectname)%00%(upstream:track)%00%(upstream:remotename)%00%(upstream:remoteref) refs/heads/main refs/remotes/main [1ms]
2024-03-20 21:16:18.995 [info] > git status -z -uall [31ms]
2024-03-20 21:16:24.031 [info] > git config --get commit.template [10ms]
2024-03-20 21:16:24.032 [info] > git for-each-ref --format=%(refname)%00%(upstream:short)%00%(objectname)%00%(upstream:track)%00%(upstream:remotename)%00%(upstream:remoteref) refs/heads/main refs/remotes/main [2ms]
2024-03-20 21:16:24.062 [info] > git status -z -uall [23ms]
2024-03-20 21:18:09.447 [info] > git config --get commit.template [5ms]
2024-03-20 21:18:09.448 [info] > git for-each-ref --format=%(refname)%00%(upstream:short)%00%(objectname)%00%(upstream:track)%00%(upstream:remotename)%00%(upstream:remoteref) refs/heads/main refs/remotes/main [2ms]
2024-03-20 21:18:09.476 [info] > git status -z -uall [19ms]
