2024-03-15 14:35:43.239 [info] Log level: Info
2024-03-15 14:35:43.239 [info] Validating found git in: "git"
2024-03-15 14:35:43.239 [info] Using git "2.44.0" from "git"
2024-03-15 14:35:43.239 [info] > git rev-parse --show-toplevel [1ms]
2024-03-15 14:35:43.239 [info] > git rev-parse --git-dir --git-common-dir [10ms]
2024-03-15 14:35:43.239 [info] Open repository: /run/media/n30/nvme_chivos/.dotfiles
2024-03-15 14:35:43.239 [info] > git rev-parse --show-toplevel [1ms]
2024-03-15 14:35:43.239 [info] > git config --get commit.template [4ms]
2024-03-15 14:35:43.246 [info] > git rev-parse --show-toplevel [4ms]
2024-03-15 14:35:43.250 [info] > git for-each-ref --format=%(refname)%00%(upstream:short)%00%(objectname)%00%(upstream:track)%00%(upstream:remotename)%00%(upstream:remoteref) refs/heads/main refs/remotes/main [5ms]
2024-03-15 14:35:43.255 [info] > git rev-parse --show-toplevel [6ms]
2024-03-15 14:35:43.259 [info] > git rev-parse --show-toplevel [1ms]
2024-03-15 14:35:43.262 [info] > git rev-parse --show-toplevel [0ms]
2024-03-15 14:35:43.265 [info] > git rev-parse --show-toplevel [0ms]
2024-03-15 14:35:43.269 [info] > git rev-parse --show-toplevel [0ms]
2024-03-15 14:35:43.274 [info] > git rev-parse --show-toplevel [1ms]
2024-03-15 14:35:43.278 [info] > git rev-parse --show-toplevel [1ms]
2024-03-15 14:35:43.281 [info] > git rev-parse --show-toplevel [1ms]
2024-03-15 14:35:43.284 [info] > git rev-parse --show-toplevel [0ms]
2024-03-15 14:35:43.287 [info] > git rev-parse --show-toplevel [0ms]
2024-03-15 14:35:43.291 [info] > git status -z -uall [39ms]
2024-03-15 14:35:43.291 [info] > git rev-parse --show-toplevel [1ms]
2024-03-15 14:35:43.315 [info] > git rev-parse --show-toplevel [22ms]
2024-03-15 14:35:43.320 [info] > git rev-parse --show-toplevel [2ms]
2024-03-15 14:35:43.320 [info] > git config --get commit.template [5ms]
2024-03-15 14:35:43.325 [info] > git for-each-ref --format=%(refname)%00%(upstream:short)%00%(objectname)%00%(upstream:track)%00%(upstream:remotename)%00%(upstream:remoteref) refs/heads/main refs/remotes/main [3ms]
2024-03-15 14:35:43.328 [info] > git rev-parse --show-toplevel [3ms]
2024-03-15 14:35:43.397 [info] > git rev-parse --show-toplevel [66ms]
2024-03-15 14:35:43.401 [info] > git status -z -uall [73ms]
2024-03-15 14:35:43.414 [info] > git rev-parse --show-toplevel [13ms]
2024-03-15 14:35:43.419 [info] > git rev-parse --show-toplevel [1ms]
2024-03-15 14:35:43.423 [info] > git rev-parse --show-toplevel [0ms]
2024-03-15 14:35:43.426 [info] > git rev-parse --show-toplevel [1ms]
2024-03-15 14:35:43.429 [info] > git rev-parse --show-toplevel [1ms]
2024-03-15 14:35:43.432 [info] > git rev-parse --show-toplevel [0ms]
2024-03-15 14:35:43.435 [info] > git rev-parse --show-toplevel [0ms]
2024-03-15 14:35:43.439 [info] > git rev-parse --show-toplevel [1ms]
2024-03-15 14:35:43.442 [info] > git rev-parse --show-toplevel [1ms]
2024-03-15 14:35:43.445 [info] > git rev-parse --show-toplevel [0ms]
2024-03-15 14:35:43.449 [info] > git rev-parse --show-toplevel [0ms]
2024-03-15 14:35:43.453 [info] > git rev-parse --show-toplevel [1ms]
2024-03-15 14:35:43.456 [info] > git rev-parse --show-toplevel [1ms]
2024-03-15 14:35:43.459 [info] > git rev-parse --show-toplevel [1ms]
2024-03-15 14:35:43.462 [info] > git rev-parse --show-toplevel [0ms]
2024-03-15 14:35:43.465 [info] > git rev-parse --show-toplevel [0ms]
2024-03-15 14:35:43.468 [info] > git rev-parse --show-toplevel [0ms]
2024-03-15 14:35:43.472 [info] > git rev-parse --show-toplevel [1ms]
2024-03-15 14:35:43.475 [info] > git rev-parse --show-toplevel [1ms]
2024-03-15 14:35:43.478 [info] > git rev-parse --show-toplevel [1ms]
2024-03-15 14:35:43.481 [info] > git rev-parse --show-toplevel [0ms]
2024-03-15 14:35:43.484 [info] > git rev-parse --show-toplevel [0ms]
2024-03-15 14:35:43.778 [info] > git check-ignore -v -z --stdin [11ms]
2024-03-15 14:35:43.779 [info] > git show --textconv :wiki-wayland-0.97beta.md [6ms]
2024-03-15 14:35:43.780 [info] > git ls-files --stage -- /run/media/n30/nvme_chivos/.dotfiles/wiki-wayland-0.97beta.md [2ms]
2024-03-15 14:35:43.789 [info] > git cat-file -s f872a935c0386653714b6aadac6cc467b93c2719 [2ms]
2024-03-15 14:35:46.062 [info] > git config --get commit.template [3ms]
2024-03-15 14:35:46.062 [info] > git for-each-ref --format=%(refname)%00%(upstream:short)%00%(objectname)%00%(upstream:track)%00%(upstream:remotename)%00%(upstream:remoteref) refs/heads/main refs/remotes/main [1ms]
2024-03-15 14:35:46.096 [info] > git status -z -uall [31ms]
2024-03-15 14:36:04.606 [info] > git config --get commit.template [2ms]
2024-03-15 14:36:04.623 [info] > git for-each-ref --format=%(refname)%00%(upstream:short)%00%(objectname)%00%(upstream:track)%00%(upstream:remotename)%00%(upstream:remoteref) refs/heads/main refs/remotes/main [1ms]
2024-03-15 14:36:04.671 [info] > git status -z -uall [37ms]
2024-03-15 14:36:08.526 [info] > git config --get commit.template [5ms]
2024-03-15 14:36:08.527 [info] > git for-each-ref --format=%(refname)%00%(upstream:short)%00%(objectname)%00%(upstream:track)%00%(upstream:remotename)%00%(upstream:remoteref) refs/heads/main refs/remotes/main [1ms]
2024-03-15 14:36:08.559 [info] > git status -z -uall [28ms]
2024-03-15 14:36:13.594 [info] > git config --get commit.template [4ms]
2024-03-15 14:36:13.594 [info] > git for-each-ref --format=%(refname)%00%(upstream:short)%00%(objectname)%00%(upstream:track)%00%(upstream:remotename)%00%(upstream:remoteref) refs/heads/main refs/remotes/main [1ms]
2024-03-15 14:36:13.617 [info] > git status -z -uall [20ms]
2024-03-15 14:36:18.647 [info] > git config --get commit.template [6ms]
2024-03-15 14:36:18.647 [info] > git for-each-ref --format=%(refname)%00%(upstream:short)%00%(objectname)%00%(upstream:track)%00%(upstream:remotename)%00%(upstream:remoteref) refs/heads/main refs/remotes/main [1ms]
2024-03-15 14:36:18.670 [info] > git status -z -uall [19ms]
2024-03-15 14:36:23.702 [info] > git config --get commit.template [4ms]
2024-03-15 14:36:23.703 [info] > git for-each-ref --format=%(refname)%00%(upstream:short)%00%(objectname)%00%(upstream:track)%00%(upstream:remotename)%00%(upstream:remoteref) refs/heads/main refs/remotes/main [1ms]
2024-03-15 14:36:23.727 [info] > git status -z -uall [19ms]
2024-03-15 14:36:28.751 [info] > git config --get commit.template [4ms]
2024-03-15 14:36:28.752 [info] > git for-each-ref --format=%(refname)%00%(upstream:short)%00%(objectname)%00%(upstream:track)%00%(upstream:remotename)%00%(upstream:remoteref) refs/heads/main refs/remotes/main [1ms]
2024-03-15 14:36:28.775 [info] > git status -z -uall [20ms]
2024-03-15 14:36:33.797 [info] > git config --get commit.template [5ms]
2024-03-15 14:36:33.797 [info] > git for-each-ref --format=%(refname)%00%(upstream:short)%00%(objectname)%00%(upstream:track)%00%(upstream:remotename)%00%(upstream:remoteref) refs/heads/main refs/remotes/main [1ms]
2024-03-15 14:36:33.819 [info] > git status -z -uall [18ms]
2024-03-15 14:36:38.860 [info] > git config --get commit.template [9ms]
2024-03-15 14:36:38.861 [info] > git for-each-ref --format=%(refname)%00%(upstream:short)%00%(objectname)%00%(upstream:track)%00%(upstream:remotename)%00%(upstream:remoteref) refs/heads/main refs/remotes/main [2ms]
2024-03-15 14:36:38.885 [info] > git status -z -uall [19ms]
2024-03-15 14:36:43.907 [info] > git config --get commit.template [1ms]
2024-03-15 14:36:43.912 [info] > git for-each-ref --format=%(refname)%00%(upstream:short)%00%(objectname)%00%(upstream:track)%00%(upstream:remotename)%00%(upstream:remoteref) refs/heads/main refs/remotes/main [0ms]
2024-03-15 14:36:43.943 [info] > git status -z -uall [24ms]
2024-03-15 14:36:48.970 [info] > git config --get commit.template [1ms]
2024-03-15 14:36:48.975 [info] > git for-each-ref --format=%(refname)%00%(upstream:short)%00%(objectname)%00%(upstream:track)%00%(upstream:remotename)%00%(upstream:remoteref) refs/heads/main refs/remotes/main [1ms]
2024-03-15 14:36:49.000 [info] > git status -z -uall [19ms]
2024-03-15 14:36:54.037 [info] > git config --get commit.template [7ms]
2024-03-15 14:36:54.037 [info] > git for-each-ref --format=%(refname)%00%(upstream:short)%00%(objectname)%00%(upstream:track)%00%(upstream:remotename)%00%(upstream:remoteref) refs/heads/main refs/remotes/main [1ms]
2024-03-15 14:36:54.061 [info] > git status -z -uall [19ms]
2024-03-15 14:36:59.096 [info] > git config --get commit.template [6ms]
2024-03-15 14:36:59.097 [info] > git for-each-ref --format=%(refname)%00%(upstream:short)%00%(objectname)%00%(upstream:track)%00%(upstream:remotename)%00%(upstream:remoteref) refs/heads/main refs/remotes/main [1ms]
2024-03-15 14:36:59.123 [info] > git status -z -uall [21ms]
2024-03-15 14:37:04.146 [info] > git config --get commit.template [1ms]
2024-03-15 14:37:04.152 [info] > git for-each-ref --format=%(refname)%00%(upstream:short)%00%(objectname)%00%(upstream:track)%00%(upstream:remotename)%00%(upstream:remoteref) refs/heads/main refs/remotes/main [0ms]
2024-03-15 14:37:04.184 [info] > git status -z -uall [26ms]
2024-03-15 14:37:09.208 [info] > git config --get commit.template [5ms]
2024-03-15 14:37:09.208 [info] > git for-each-ref --format=%(refname)%00%(upstream:short)%00%(objectname)%00%(upstream:track)%00%(upstream:remotename)%00%(upstream:remoteref) refs/heads/main refs/remotes/main [1ms]
2024-03-15 14:37:09.233 [info] > git status -z -uall [22ms]
2024-03-15 14:37:14.258 [info] > git config --get commit.template [4ms]
2024-03-15 14:37:14.258 [info] > git for-each-ref --format=%(refname)%00%(upstream:short)%00%(objectname)%00%(upstream:track)%00%(upstream:remotename)%00%(upstream:remoteref) refs/heads/main refs/remotes/main [0ms]
2024-03-15 14:37:14.293 [info] > git status -z -uall [31ms]
2024-03-15 14:37:19.324 [info] > git config --get commit.template [8ms]
2024-03-15 14:37:19.325 [info] > git for-each-ref --format=%(refname)%00%(upstream:short)%00%(objectname)%00%(upstream:track)%00%(upstream:remotename)%00%(upstream:remoteref) refs/heads/main refs/remotes/main [1ms]
2024-03-15 14:37:19.357 [info] > git status -z -uall [27ms]
2024-03-15 14:37:24.382 [info] > git config --get commit.template [4ms]
2024-03-15 14:37:24.382 [info] > git for-each-ref --format=%(refname)%00%(upstream:short)%00%(objectname)%00%(upstream:track)%00%(upstream:remotename)%00%(upstream:remoteref) refs/heads/main refs/remotes/main [1ms]
2024-03-15 14:37:24.403 [info] > git status -z -uall [18ms]
2024-03-15 14:37:29.430 [info] > git config --get commit.template [6ms]
2024-03-15 14:37:29.431 [info] > git for-each-ref --format=%(refname)%00%(upstream:short)%00%(objectname)%00%(upstream:track)%00%(upstream:remotename)%00%(upstream:remoteref) refs/heads/main refs/remotes/main [1ms]
2024-03-15 14:37:29.462 [info] > git status -z -uall [25ms]
2024-03-15 14:37:34.496 [info] > git config --get commit.template [4ms]
2024-03-15 14:37:34.496 [info] > git for-each-ref --format=%(refname)%00%(upstream:short)%00%(objectname)%00%(upstream:track)%00%(upstream:remotename)%00%(upstream:remoteref) refs/heads/main refs/remotes/main [1ms]
2024-03-15 14:37:34.527 [info] > git status -z -uall [27ms]
2024-03-15 14:37:39.556 [info] > git config --get commit.template [7ms]
2024-03-15 14:37:39.556 [info] > git for-each-ref --format=%(refname)%00%(upstream:short)%00%(objectname)%00%(upstream:track)%00%(upstream:remotename)%00%(upstream:remoteref) refs/heads/main refs/remotes/main [1ms]
2024-03-15 14:37:39.580 [info] > git status -z -uall [20ms]
2024-03-15 14:37:44.609 [info] > git config --get commit.template [7ms]
2024-03-15 14:37:44.609 [info] > git for-each-ref --format=%(refname)%00%(upstream:short)%00%(objectname)%00%(upstream:track)%00%(upstream:remotename)%00%(upstream:remoteref) refs/heads/main refs/remotes/main [0ms]
2024-03-15 14:37:44.632 [info] > git status -z -uall [19ms]
2024-03-15 14:37:49.656 [info] > git config --get commit.template [4ms]
2024-03-15 14:37:49.657 [info] > git for-each-ref --format=%(refname)%00%(upstream:short)%00%(objectname)%00%(upstream:track)%00%(upstream:remotename)%00%(upstream:remoteref) refs/heads/main refs/remotes/main [1ms]
2024-03-15 14:37:49.685 [info] > git status -z -uall [24ms]
2024-03-15 14:37:54.711 [info] > git config --get commit.template [4ms]
2024-03-15 14:37:54.712 [info] > git for-each-ref --format=%(refname)%00%(upstream:short)%00%(objectname)%00%(upstream:track)%00%(upstream:remotename)%00%(upstream:remoteref) refs/heads/main refs/remotes/main [1ms]
2024-03-15 14:37:54.738 [info] > git status -z -uall [23ms]
2024-03-15 14:37:59.767 [info] > git config --get commit.template [9ms]
2024-03-15 14:37:59.768 [info] > git for-each-ref --format=%(refname)%00%(upstream:short)%00%(objectname)%00%(upstream:track)%00%(upstream:remotename)%00%(upstream:remoteref) refs/heads/main refs/remotes/main [1ms]
2024-03-15 14:37:59.811 [info] > git status -z -uall [35ms]
2024-03-15 14:38:04.839 [info] > git config --get commit.template [5ms]
2024-03-15 14:38:04.839 [info] > git for-each-ref --format=%(refname)%00%(upstream:short)%00%(objectname)%00%(upstream:track)%00%(upstream:remotename)%00%(upstream:remoteref) refs/heads/main refs/remotes/main [1ms]
2024-03-15 14:38:04.864 [info] > git status -z -uall [22ms]
2024-03-15 14:38:09.891 [info] > git config --get commit.template [4ms]
2024-03-15 14:38:09.892 [info] > git for-each-ref --format=%(refname)%00%(upstream:short)%00%(objectname)%00%(upstream:track)%00%(upstream:remotename)%00%(upstream:remoteref) refs/heads/main refs/remotes/main [1ms]
2024-03-15 14:38:09.929 [info] > git status -z -uall [29ms]
2024-03-15 14:38:14.968 [info] > git config --get commit.template [5ms]
2024-03-15 14:38:14.969 [info] > git for-each-ref --format=%(refname)%00%(upstream:short)%00%(objectname)%00%(upstream:track)%00%(upstream:remotename)%00%(upstream:remoteref) refs/heads/main refs/remotes/main [1ms]
2024-03-15 14:38:15.000 [info] > git status -z -uall [23ms]
2024-03-15 14:38:20.032 [info] > git config --get commit.template [7ms]
2024-03-15 14:38:20.032 [info] > git for-each-ref --format=%(refname)%00%(upstream:short)%00%(objectname)%00%(upstream:track)%00%(upstream:remotename)%00%(upstream:remoteref) refs/heads/main refs/remotes/main [0ms]
2024-03-15 14:38:20.063 [info] > git status -z -uall [24ms]
2024-03-15 14:38:25.092 [info] > git config --get commit.template [6ms]
2024-03-15 14:38:25.093 [info] > git for-each-ref --format=%(refname)%00%(upstream:short)%00%(objectname)%00%(upstream:track)%00%(upstream:remotename)%00%(upstream:remoteref) refs/heads/main refs/remotes/main [1ms]
2024-03-15 14:38:25.117 [info] > git status -z -uall [20ms]
2024-03-15 14:38:30.144 [info] > git config --get commit.template [5ms]
2024-03-15 14:38:30.144 [info] > git for-each-ref --format=%(refname)%00%(upstream:short)%00%(objectname)%00%(upstream:track)%00%(upstream:remotename)%00%(upstream:remoteref) refs/heads/main refs/remotes/main [1ms]
2024-03-15 14:38:30.172 [info] > git status -z -uall [24ms]
2024-03-15 14:38:35.200 [info] > git config --get commit.template [5ms]
2024-03-15 14:38:35.200 [info] > git for-each-ref --format=%(refname)%00%(upstream:short)%00%(objectname)%00%(upstream:track)%00%(upstream:remotename)%00%(upstream:remoteref) refs/heads/main refs/remotes/main [1ms]
2024-03-15 14:38:35.223 [info] > git status -z -uall [19ms]
2024-03-15 14:38:40.251 [info] > git config --get commit.template [6ms]
2024-03-15 14:38:40.252 [info] > git for-each-ref --format=%(refname)%00%(upstream:short)%00%(objectname)%00%(upstream:track)%00%(upstream:remotename)%00%(upstream:remoteref) refs/heads/main refs/remotes/main [2ms]
2024-03-15 14:38:40.296 [info] > git status -z -uall [37ms]
2024-03-15 14:38:45.322 [info] > git config --get commit.template [4ms]
2024-03-15 14:38:45.322 [info] > git for-each-ref --format=%(refname)%00%(upstream:short)%00%(objectname)%00%(upstream:track)%00%(upstream:remotename)%00%(upstream:remoteref) refs/heads/main refs/remotes/main [0ms]
2024-03-15 14:38:45.354 [info] > git status -z -uall [28ms]
2024-03-15 14:38:50.386 [info] > git config --get commit.template [8ms]
2024-03-15 14:38:50.387 [info] > git for-each-ref --format=%(refname)%00%(upstream:short)%00%(objectname)%00%(upstream:track)%00%(upstream:remotename)%00%(upstream:remoteref) refs/heads/main refs/remotes/main [2ms]
2024-03-15 14:38:50.413 [info] > git status -z -uall [20ms]
2024-03-15 14:38:55.447 [info] > git config --get commit.template [4ms]
2024-03-15 14:38:55.448 [info] > git for-each-ref --format=%(refname)%00%(upstream:short)%00%(objectname)%00%(upstream:track)%00%(upstream:remotename)%00%(upstream:remoteref) refs/heads/main refs/remotes/main [1ms]
2024-03-15 14:38:55.471 [info] > git status -z -uall [20ms]
2024-03-15 14:39:00.495 [info] > git config --get commit.template [3ms]
2024-03-15 14:39:00.495 [info] > git for-each-ref --format=%(refname)%00%(upstream:short)%00%(objectname)%00%(upstream:track)%00%(upstream:remotename)%00%(upstream:remoteref) refs/heads/main refs/remotes/main [1ms]
2024-03-15 14:39:00.518 [info] > git status -z -uall [20ms]
2024-03-15 14:39:05.544 [info] > git config --get commit.template [5ms]
2024-03-15 14:39:05.545 [info] > git for-each-ref --format=%(refname)%00%(upstream:short)%00%(objectname)%00%(upstream:track)%00%(upstream:remotename)%00%(upstream:remoteref) refs/heads/main refs/remotes/main [1ms]
2024-03-15 14:39:05.574 [info] > git status -z -uall [25ms]
2024-03-15 14:39:10.608 [info] > git config --get commit.template [5ms]
2024-03-15 14:39:10.608 [info] > git for-each-ref --format=%(refname)%00%(upstream:short)%00%(objectname)%00%(upstream:track)%00%(upstream:remotename)%00%(upstream:remoteref) refs/heads/main refs/remotes/main [1ms]
2024-03-15 14:39:10.636 [info] > git status -z -uall [21ms]
2024-03-15 14:39:15.662 [info] > git config --get commit.template [5ms]
2024-03-15 14:39:15.663 [info] > git for-each-ref --format=%(refname)%00%(upstream:short)%00%(objectname)%00%(upstream:track)%00%(upstream:remotename)%00%(upstream:remoteref) refs/heads/main refs/remotes/main [0ms]
2024-03-15 14:39:15.686 [info] > git status -z -uall [19ms]
2024-03-15 14:39:20.715 [info] > git config --get commit.template [5ms]
2024-03-15 14:39:20.715 [info] > git for-each-ref --format=%(refname)%00%(upstream:short)%00%(objectname)%00%(upstream:track)%00%(upstream:remotename)%00%(upstream:remoteref) refs/heads/main refs/remotes/main [0ms]
2024-03-15 14:39:20.742 [info] > git status -z -uall [22ms]
2024-03-15 14:39:25.766 [info] > git config --get commit.template [4ms]
2024-03-15 14:39:25.767 [info] > git for-each-ref --format=%(refname)%00%(upstream:short)%00%(objectname)%00%(upstream:track)%00%(upstream:remotename)%00%(upstream:remoteref) refs/heads/main refs/remotes/main [1ms]
2024-03-15 14:39:25.802 [info] > git status -z -uall [30ms]
2024-03-15 14:39:30.832 [info] > git config --get commit.template [5ms]
2024-03-15 14:39:30.832 [info] > git for-each-ref --format=%(refname)%00%(upstream:short)%00%(objectname)%00%(upstream:track)%00%(upstream:remotename)%00%(upstream:remoteref) refs/heads/main refs/remotes/main [1ms]
2024-03-15 14:39:30.867 [info] > git status -z -uall [29ms]
2024-03-15 14:39:35.899 [info] > git config --get commit.template [8ms]
2024-03-15 14:39:35.899 [info] > git for-each-ref --format=%(refname)%00%(upstream:short)%00%(objectname)%00%(upstream:track)%00%(upstream:remotename)%00%(upstream:remoteref) refs/heads/main refs/remotes/main [1ms]
2024-03-15 14:39:35.932 [info] > git status -z -uall [27ms]
2024-03-15 14:39:40.958 [info] > git config --get commit.template [6ms]
2024-03-15 14:39:40.959 [info] > git for-each-ref --format=%(refname)%00%(upstream:short)%00%(objectname)%00%(upstream:track)%00%(upstream:remotename)%00%(upstream:remoteref) refs/heads/main refs/remotes/main [1ms]
2024-03-15 14:39:40.988 [info] > git status -z -uall [25ms]
2024-03-15 14:39:46.019 [info] > git config --get commit.template [4ms]
2024-03-15 14:39:46.019 [info] > git for-each-ref --format=%(refname)%00%(upstream:short)%00%(objectname)%00%(upstream:track)%00%(upstream:remotename)%00%(upstream:remoteref) refs/heads/main refs/remotes/main [0ms]
2024-03-15 14:39:46.046 [info] > git status -z -uall [22ms]
2024-03-15 14:39:51.077 [info] > git config --get commit.template [4ms]
2024-03-15 14:39:51.078 [info] > git for-each-ref --format=%(refname)%00%(upstream:short)%00%(objectname)%00%(upstream:track)%00%(upstream:remotename)%00%(upstream:remoteref) refs/heads/main refs/remotes/main [1ms]
2024-03-15 14:39:51.111 [info] > git status -z -uall [24ms]
2024-03-15 14:39:56.154 [info] > git config --get commit.template [12ms]
2024-03-15 14:39:56.154 [info] > git for-each-ref --format=%(refname)%00%(upstream:short)%00%(objectname)%00%(upstream:track)%00%(upstream:remotename)%00%(upstream:remoteref) refs/heads/main refs/remotes/main [1ms]
2024-03-15 14:39:56.177 [info] > git status -z -uall [19ms]
2024-03-15 14:40:01.208 [info] > git config --get commit.template [5ms]
2024-03-15 14:40:01.208 [info] > git for-each-ref --format=%(refname)%00%(upstream:short)%00%(objectname)%00%(upstream:track)%00%(upstream:remotename)%00%(upstream:remoteref) refs/heads/main refs/remotes/main [1ms]
2024-03-15 14:40:01.232 [info] > git status -z -uall [21ms]
2024-03-15 14:40:06.258 [info] > git config --get commit.template [4ms]
2024-03-15 14:40:06.258 [info] > git for-each-ref --format=%(refname)%00%(upstream:short)%00%(objectname)%00%(upstream:track)%00%(upstream:remotename)%00%(upstream:remoteref) refs/heads/main refs/remotes/main [0ms]
2024-03-15 14:40:06.283 [info] > git status -z -uall [21ms]
2024-03-15 14:40:11.317 [info] > git config --get commit.template [10ms]
2024-03-15 14:40:11.317 [info] > git for-each-ref --format=%(refname)%00%(upstream:short)%00%(objectname)%00%(upstream:track)%00%(upstream:remotename)%00%(upstream:remoteref) refs/heads/main refs/remotes/main [1ms]
2024-03-15 14:40:11.340 [info] > git status -z -uall [19ms]
2024-03-15 14:40:16.363 [info] > git config --get commit.template [0ms]
2024-03-15 14:40:16.368 [info] > git for-each-ref --format=%(refname)%00%(upstream:short)%00%(objectname)%00%(upstream:track)%00%(upstream:remotename)%00%(upstream:remoteref) refs/heads/main refs/remotes/main [1ms]
2024-03-15 14:40:16.398 [info] > git status -z -uall [27ms]
2024-03-15 14:40:21.434 [info] > git config --get commit.template [7ms]
2024-03-15 14:40:21.435 [info] > git for-each-ref --format=%(refname)%00%(upstream:short)%00%(objectname)%00%(upstream:track)%00%(upstream:remotename)%00%(upstream:remoteref) refs/heads/main refs/remotes/main [1ms]
2024-03-15 14:40:21.457 [info] > git status -z -uall [19ms]
2024-03-15 14:40:26.339 [info] > git check-ignore -v -z --stdin [2ms]
2024-03-15 14:40:26.482 [info] > git config --get commit.template [5ms]
2024-03-15 14:40:26.482 [info] > git for-each-ref --format=%(refname)%00%(upstream:short)%00%(objectname)%00%(upstream:track)%00%(upstream:remotename)%00%(upstream:remoteref) refs/heads/main refs/remotes/main [0ms]
2024-03-15 14:40:26.507 [info] > git status -z -uall [22ms]
2024-03-15 14:40:32.486 [info] > git config --get commit.template [4ms]
2024-03-15 14:40:32.486 [info] > git for-each-ref --format=%(refname)%00%(upstream:short)%00%(objectname)%00%(upstream:track)%00%(upstream:remotename)%00%(upstream:remoteref) refs/heads/main refs/remotes/main [0ms]
2024-03-15 14:40:32.511 [info] > git status -z -uall [21ms]
2024-03-15 14:40:45.278 [info] > git config --get commit.template [13ms]
2024-03-15 14:40:45.278 [info] > git for-each-ref --format=%(refname)%00%(upstream:short)%00%(objectname)%00%(upstream:track)%00%(upstream:remotename)%00%(upstream:remoteref) refs/heads/main refs/remotes/main [1ms]
2024-03-15 14:40:45.307 [info] > git status -z -uall [22ms]
2024-03-15 14:40:50.336 [info] > git config --get commit.template [8ms]
2024-03-15 14:40:50.336 [info] > git for-each-ref --format=%(refname)%00%(upstream:short)%00%(objectname)%00%(upstream:track)%00%(upstream:remotename)%00%(upstream:remoteref) refs/heads/main refs/remotes/main [1ms]
2024-03-15 14:40:50.376 [info] > git status -z -uall [34ms]
2024-03-15 14:40:55.404 [info] > git config --get commit.template [5ms]
2024-03-15 14:40:55.404 [info] > git for-each-ref --format=%(refname)%00%(upstream:short)%00%(objectname)%00%(upstream:track)%00%(upstream:remotename)%00%(upstream:remoteref) refs/heads/main refs/remotes/main [1ms]
2024-03-15 14:40:55.428 [info] > git status -z -uall [19ms]
2024-03-15 14:45:05.578 [info] > git config --get commit.template [7ms]
2024-03-15 14:45:05.578 [info] > git for-each-ref --format=%(refname)%00%(upstream:short)%00%(objectname)%00%(upstream:track)%00%(upstream:remotename)%00%(upstream:remoteref) refs/heads/main refs/remotes/main [1ms]
2024-03-15 14:45:05.601 [info] > git status -z -uall [18ms]
2024-03-15 14:45:11.926 [info] > git config --get commit.template [6ms]
2024-03-15 14:45:11.926 [info] > git for-each-ref --format=%(refname)%00%(upstream:short)%00%(objectname)%00%(upstream:track)%00%(upstream:remotename)%00%(upstream:remoteref) refs/heads/main refs/remotes/main [1ms]
2024-03-15 14:45:11.952 [info] > git status -z -uall [21ms]
2024-03-15 14:45:21.626 [info] > git config --get commit.template [5ms]
2024-03-15 14:45:21.627 [info] > git for-each-ref --format=%(refname)%00%(upstream:short)%00%(objectname)%00%(upstream:track)%00%(upstream:remotename)%00%(upstream:remoteref) refs/heads/main refs/remotes/main [1ms]
2024-03-15 14:45:21.653 [info] > git status -z -uall [23ms]
2024-03-15 14:45:29.685 [info] > git config --get commit.template [1ms]
2024-03-15 14:45:29.699 [info] > git for-each-ref --format=%(refname)%00%(upstream:short)%00%(objectname)%00%(upstream:track)%00%(upstream:remotename)%00%(upstream:remoteref) refs/heads/main refs/remotes/main [2ms]
2024-03-15 14:45:29.729 [info] > git status -z -uall [24ms]
2024-03-15 14:45:35.679 [info] > git config --get commit.template [5ms]
2024-03-15 14:45:35.679 [info] > git for-each-ref --format=%(refname)%00%(upstream:short)%00%(objectname)%00%(upstream:track)%00%(upstream:remotename)%00%(upstream:remoteref) refs/heads/main refs/remotes/main [1ms]
2024-03-15 14:45:35.708 [info] > git status -z -uall [25ms]
2024-03-15 14:45:45.907 [info] > git config --get commit.template [3ms]
2024-03-15 14:45:45.928 [info] > git for-each-ref --format=%(refname)%00%(upstream:short)%00%(objectname)%00%(upstream:track)%00%(upstream:remotename)%00%(upstream:remoteref) refs/heads/main refs/remotes/main [3ms]
2024-03-15 14:45:45.959 [info] > git status -z -uall [19ms]
2024-03-15 14:46:05.358 [info] > git config --get commit.template [7ms]
2024-03-15 14:46:05.358 [info] > git for-each-ref --format=%(refname)%00%(upstream:short)%00%(objectname)%00%(upstream:track)%00%(upstream:remotename)%00%(upstream:remoteref) refs/heads/main refs/remotes/main [1ms]
2024-03-15 14:46:05.391 [info] > git status -z -uall [27ms]
2024-03-15 14:46:10.973 [info] > git config --get commit.template [10ms]
2024-03-15 14:46:10.974 [info] > git for-each-ref --format=%(refname)%00%(upstream:short)%00%(objectname)%00%(upstream:track)%00%(upstream:remotename)%00%(upstream:remoteref) refs/heads/main refs/remotes/main [1ms]
2024-03-15 14:46:11.012 [info] > git status -z -uall [29ms]
2024-03-15 14:46:16.783 [info] > git config --get commit.template [5ms]
2024-03-15 14:46:16.783 [info] > git for-each-ref --format=%(refname)%00%(upstream:short)%00%(objectname)%00%(upstream:track)%00%(upstream:remotename)%00%(upstream:remoteref) refs/heads/main refs/remotes/main [0ms]
2024-03-15 14:46:16.806 [info] > git status -z -uall [20ms]
2024-03-15 14:50:43.271 [info] > git config --get commit.template [8ms]
2024-03-15 14:50:43.272 [info] > git for-each-ref --format=%(refname)%00%(upstream:short)%00%(objectname)%00%(upstream:track)%00%(upstream:remotename)%00%(upstream:remoteref) refs/heads/main refs/remotes/main [1ms]
2024-03-15 14:50:43.295 [info] > git status -z -uall [19ms]
2024-03-15 14:50:48.317 [info] > git config --get commit.template [4ms]
2024-03-15 14:50:48.318 [info] > git for-each-ref --format=%(refname)%00%(upstream:short)%00%(objectname)%00%(upstream:track)%00%(upstream:remotename)%00%(upstream:remoteref) refs/heads/main refs/remotes/main [1ms]
2024-03-15 14:50:48.341 [info] > git status -z -uall [20ms]
2024-03-15 15:32:37.852 [info] > git config --get commit.template [4ms]
2024-03-15 15:32:37.852 [info] > git for-each-ref --format=%(refname)%00%(upstream:short)%00%(objectname)%00%(upstream:track)%00%(upstream:remotename)%00%(upstream:remoteref) refs/heads/main refs/remotes/main [0ms]
2024-03-15 15:32:37.878 [info] > git status -z -uall [21ms]
2024-03-15 16:29:06.891 [info] > git config --get commit.template [4ms]
2024-03-15 16:29:06.892 [info] > git for-each-ref --format=%(refname)%00%(upstream:short)%00%(objectname)%00%(upstream:track)%00%(upstream:remotename)%00%(upstream:remoteref) refs/heads/main refs/remotes/main [2ms]
2024-03-15 16:29:06.927 [info] > git status -z -uall [28ms]
2024-03-15 16:29:11.955 [info] > git config --get commit.template [5ms]
2024-03-15 16:29:11.955 [info] > git for-each-ref --format=%(refname)%00%(upstream:short)%00%(objectname)%00%(upstream:track)%00%(upstream:remotename)%00%(upstream:remoteref) refs/heads/main refs/remotes/main [1ms]
2024-03-15 16:29:11.980 [info] > git status -z -uall [22ms]
2024-03-15 16:29:17.024 [info] > git config --get commit.template [14ms]
2024-03-15 16:29:17.024 [info] > git for-each-ref --format=%(refname)%00%(upstream:short)%00%(objectname)%00%(upstream:track)%00%(upstream:remotename)%00%(upstream:remoteref) refs/heads/main refs/remotes/main [1ms]
2024-03-15 16:29:17.057 [info] > git status -z -uall [28ms]
2024-03-15 16:29:22.086 [info] > git config --get commit.template [4ms]
2024-03-15 16:29:22.086 [info] > git for-each-ref --format=%(refname)%00%(upstream:short)%00%(objectname)%00%(upstream:track)%00%(upstream:remotename)%00%(upstream:remoteref) refs/heads/main refs/remotes/main [1ms]
2024-03-15 16:29:22.112 [info] > git status -z -uall [22ms]
2024-03-15 16:29:27.156 [info] > git config --get commit.template [14ms]
2024-03-15 16:29:27.157 [info] > git for-each-ref --format=%(refname)%00%(upstream:short)%00%(objectname)%00%(upstream:track)%00%(upstream:remotename)%00%(upstream:remoteref) refs/heads/main refs/remotes/main [2ms]
2024-03-15 16:29:27.193 [info] > git status -z -uall [27ms]
2024-03-15 16:29:32.225 [info] > git config --get commit.template [10ms]
2024-03-15 16:29:32.226 [info] > git for-each-ref --format=%(refname)%00%(upstream:short)%00%(objectname)%00%(upstream:track)%00%(upstream:remotename)%00%(upstream:remoteref) refs/heads/main refs/remotes/main [2ms]
2024-03-15 16:29:32.262 [info] > git status -z -uall [29ms]
2024-03-15 16:29:37.286 [info] > git config --get commit.template [5ms]
2024-03-15 16:29:37.287 [info] > git for-each-ref --format=%(refname)%00%(upstream:short)%00%(objectname)%00%(upstream:track)%00%(upstream:remotename)%00%(upstream:remoteref) refs/heads/main refs/remotes/main [1ms]
2024-03-15 16:29:37.326 [info] > git status -z -uall [35ms]
2024-03-15 18:11:24.849 [info] > git config --get commit.template [4ms]
2024-03-15 18:11:24.849 [info] > git for-each-ref --format=%(refname)%00%(upstream:short)%00%(objectname)%00%(upstream:track)%00%(upstream:remotename)%00%(upstream:remoteref) refs/heads/main refs/remotes/main [0ms]
2024-03-15 18:11:24.876 [info] > git status -z -uall [23ms]
2024-03-15 21:12:54.481 [info] > git config --get commit.template [4ms]
2024-03-15 21:12:54.482 [info] > git for-each-ref --format=%(refname)%00%(upstream:short)%00%(objectname)%00%(upstream:track)%00%(upstream:remotename)%00%(upstream:remoteref) refs/heads/main refs/remotes/main [1ms]
2024-03-15 21:12:54.507 [info] > git status -z -uall [22ms]
2024-03-15 21:13:20.587 [info] > git config --get commit.template [4ms]
2024-03-15 21:13:20.587 [info] > git for-each-ref --format=%(refname)%00%(upstream:short)%00%(objectname)%00%(upstream:track)%00%(upstream:remotename)%00%(upstream:remoteref) refs/heads/main refs/remotes/main [0ms]
2024-03-15 21:13:20.610 [info] > git status -z -uall [19ms]
2024-03-15 21:48:34.924 [info] > git config --get commit.template [0ms]
2024-03-15 21:48:34.935 [info] > git for-each-ref --format=%(refname)%00%(upstream:short)%00%(objectname)%00%(upstream:track)%00%(upstream:remotename)%00%(upstream:remoteref) refs/heads/main refs/remotes/main [4ms]
2024-03-15 21:48:34.971 [info] > git status -z -uall [29ms]
2024-03-15 21:48:40.009 [info] > git config --get commit.template [9ms]
2024-03-15 21:48:40.010 [info] > git for-each-ref --format=%(refname)%00%(upstream:short)%00%(objectname)%00%(upstream:track)%00%(upstream:remotename)%00%(upstream:remoteref) refs/heads/main refs/remotes/main [1ms]
2024-03-15 21:48:40.044 [info] > git status -z -uall [25ms]
2024-03-15 21:48:45.072 [info] > git config --get commit.template [5ms]
2024-03-15 21:48:45.072 [info] > git for-each-ref --format=%(refname)%00%(upstream:short)%00%(objectname)%00%(upstream:track)%00%(upstream:remotename)%00%(upstream:remoteref) refs/heads/main refs/remotes/main [1ms]
2024-03-15 21:48:45.097 [info] > git status -z -uall [22ms]
2024-03-15 21:48:50.120 [info] > git config --get commit.template [4ms]
2024-03-15 21:48:50.121 [info] > git for-each-ref --format=%(refname)%00%(upstream:short)%00%(objectname)%00%(upstream:track)%00%(upstream:remotename)%00%(upstream:remoteref) refs/heads/main refs/remotes/main [1ms]
2024-03-15 21:48:50.154 [info] > git status -z -uall [29ms]
2024-03-15 21:48:55.181 [info] > git config --get commit.template [5ms]
2024-03-15 21:48:55.181 [info] > git for-each-ref --format=%(refname)%00%(upstream:short)%00%(objectname)%00%(upstream:track)%00%(upstream:remotename)%00%(upstream:remoteref) refs/heads/main refs/remotes/main [1ms]
2024-03-15 21:48:55.212 [info] > git status -z -uall [26ms]
2024-03-15 21:49:00.241 [info] > git config --get commit.template [2ms]
2024-03-15 21:49:00.249 [info] > git for-each-ref --format=%(refname)%00%(upstream:short)%00%(objectname)%00%(upstream:track)%00%(upstream:remotename)%00%(upstream:remoteref) refs/heads/main refs/remotes/main [1ms]
2024-03-15 21:49:00.271 [info] > git status -z -uall [19ms]
2024-03-15 21:49:05.303 [info] > git config --get commit.template [9ms]
2024-03-15 21:49:05.303 [info] > git for-each-ref --format=%(refname)%00%(upstream:short)%00%(objectname)%00%(upstream:track)%00%(upstream:remotename)%00%(upstream:remoteref) refs/heads/main refs/remotes/main [1ms]
2024-03-15 21:49:05.334 [info] > git status -z -uall [27ms]
2024-03-15 21:49:10.361 [info] > git config --get commit.template [6ms]
2024-03-15 21:49:10.361 [info] > git for-each-ref --format=%(refname)%00%(upstream:short)%00%(objectname)%00%(upstream:track)%00%(upstream:remotename)%00%(upstream:remoteref) refs/heads/main refs/remotes/main [1ms]
2024-03-15 21:49:10.385 [info] > git status -z -uall [18ms]
2024-03-15 21:49:15.411 [info] > git for-each-ref --format=%(refname)%00%(upstream:short)%00%(objectname)%00%(upstream:track)%00%(upstream:remotename)%00%(upstream:remoteref) refs/heads/main refs/remotes/main [1ms]
2024-03-15 21:49:15.411 [info] > git config --get commit.template [4ms]
2024-03-15 21:49:15.434 [info] > git status -z -uall [19ms]
2024-03-15 21:49:20.457 [info] > git config --get commit.template [1ms]
2024-03-15 21:49:20.463 [info] > git for-each-ref --format=%(refname)%00%(upstream:short)%00%(objectname)%00%(upstream:track)%00%(upstream:remotename)%00%(upstream:remoteref) refs/heads/main refs/remotes/main [1ms]
2024-03-15 21:49:20.488 [info] > git status -z -uall [20ms]
2024-03-15 21:49:25.510 [info] > git config --get commit.template [1ms]
2024-03-15 21:49:25.515 [info] > git for-each-ref --format=%(refname)%00%(upstream:short)%00%(objectname)%00%(upstream:track)%00%(upstream:remotename)%00%(upstream:remoteref) refs/heads/main refs/remotes/main [1ms]
2024-03-15 21:49:25.543 [info] > git status -z -uall [23ms]
2024-03-15 21:49:30.578 [info] > git config --get commit.template [7ms]
2024-03-15 21:49:30.579 [info] > git for-each-ref --format=%(refname)%00%(upstream:short)%00%(objectname)%00%(upstream:track)%00%(upstream:remotename)%00%(upstream:remoteref) refs/heads/main refs/remotes/main [2ms]
2024-03-15 21:49:30.613 [info] > git status -z -uall [28ms]
2024-03-15 21:49:35.655 [info] > git config --get commit.template [14ms]
2024-03-15 21:49:35.656 [info] > git for-each-ref --format=%(refname)%00%(upstream:short)%00%(objectname)%00%(upstream:track)%00%(upstream:remotename)%00%(upstream:remoteref) refs/heads/main refs/remotes/main [1ms]
2024-03-15 21:49:35.682 [info] > git status -z -uall [19ms]
2024-03-15 21:49:40.709 [info] > git config --get commit.template [5ms]
2024-03-15 21:49:40.710 [info] > git for-each-ref --format=%(refname)%00%(upstream:short)%00%(objectname)%00%(upstream:track)%00%(upstream:remotename)%00%(upstream:remoteref) refs/heads/main refs/remotes/main [1ms]
2024-03-15 21:49:40.741 [info] > git status -z -uall [27ms]
2024-03-15 21:49:45.769 [info] > git config --get commit.template [5ms]
2024-03-15 21:49:45.769 [info] > git for-each-ref --format=%(refname)%00%(upstream:short)%00%(objectname)%00%(upstream:track)%00%(upstream:remotename)%00%(upstream:remoteref) refs/heads/main refs/remotes/main [0ms]
2024-03-15 21:49:45.793 [info] > git status -z -uall [19ms]
2024-03-15 21:49:50.834 [info] > git config --get commit.template [9ms]
2024-03-15 21:49:50.834 [info] > git for-each-ref --format=%(refname)%00%(upstream:short)%00%(objectname)%00%(upstream:track)%00%(upstream:remotename)%00%(upstream:remoteref) refs/heads/main refs/remotes/main [1ms]
2024-03-15 21:49:50.858 [info] > git status -z -uall [20ms]
2024-03-15 21:49:55.899 [info] > git config --get commit.template [9ms]
2024-03-15 21:49:55.899 [info] > git for-each-ref --format=%(refname)%00%(upstream:short)%00%(objectname)%00%(upstream:track)%00%(upstream:remotename)%00%(upstream:remoteref) refs/heads/main refs/remotes/main [1ms]
2024-03-15 21:49:55.929 [info] > git status -z -uall [23ms]
2024-03-15 21:50:00.965 [info] > git config --get commit.template [7ms]
2024-03-15 21:50:00.965 [info] > git for-each-ref --format=%(refname)%00%(upstream:short)%00%(objectname)%00%(upstream:track)%00%(upstream:remotename)%00%(upstream:remoteref) refs/heads/main refs/remotes/main [1ms]
2024-03-15 21:50:01.002 [info] > git status -z -uall [28ms]
2024-03-15 21:50:06.030 [info] > git config --get commit.template [4ms]
2024-03-15 21:50:06.030 [info] > git for-each-ref --format=%(refname)%00%(upstream:short)%00%(objectname)%00%(upstream:track)%00%(upstream:remotename)%00%(upstream:remoteref) refs/heads/main refs/remotes/main [0ms]
2024-03-15 21:50:06.065 [info] > git status -z -uall [31ms]
2024-03-15 21:50:11.090 [info] > git config --get commit.template [7ms]
2024-03-15 21:50:11.091 [info] > git for-each-ref --format=%(refname)%00%(upstream:short)%00%(objectname)%00%(upstream:track)%00%(upstream:remotename)%00%(upstream:remoteref) refs/heads/main refs/remotes/main [2ms]
2024-03-15 21:50:11.128 [info] > git status -z -uall [28ms]
2024-03-15 21:50:16.155 [info] > git config --get commit.template [3ms]
2024-03-15 21:50:16.156 [info] > git for-each-ref --format=%(refname)%00%(upstream:short)%00%(objectname)%00%(upstream:track)%00%(upstream:remotename)%00%(upstream:remoteref) refs/heads/main refs/remotes/main [1ms]
2024-03-15 21:50:16.177 [info] > git status -z -uall [18ms]
2024-03-15 21:50:21.212 [info] > git config --get commit.template [9ms]
2024-03-15 21:50:21.213 [info] > git for-each-ref --format=%(refname)%00%(upstream:short)%00%(objectname)%00%(upstream:track)%00%(upstream:remotename)%00%(upstream:remoteref) refs/heads/main refs/remotes/main [2ms]
2024-03-15 21:50:21.253 [info] > git status -z -uall [30ms]
2024-03-15 21:50:26.276 [info] > git config --get commit.template [4ms]
2024-03-15 21:50:26.276 [info] > git for-each-ref --format=%(refname)%00%(upstream:short)%00%(objectname)%00%(upstream:track)%00%(upstream:remotename)%00%(upstream:remoteref) refs/heads/main refs/remotes/main [0ms]
2024-03-15 21:50:26.300 [info] > git status -z -uall [20ms]
2024-03-15 21:50:31.326 [info] > git config --get commit.template [6ms]
2024-03-15 21:50:31.326 [info] > git for-each-ref --format=%(refname)%00%(upstream:short)%00%(objectname)%00%(upstream:track)%00%(upstream:remotename)%00%(upstream:remoteref) refs/heads/main refs/remotes/main [1ms]
2024-03-15 21:50:31.355 [info] > git status -z -uall [25ms]
2024-03-15 21:50:36.386 [info] > git config --get commit.template [8ms]
2024-03-15 21:50:36.387 [info] > git for-each-ref --format=%(refname)%00%(upstream:short)%00%(objectname)%00%(upstream:track)%00%(upstream:remotename)%00%(upstream:remoteref) refs/heads/main refs/remotes/main [1ms]
2024-03-15 21:50:36.414 [info] > git status -z -uall [21ms]
2024-03-15 21:50:41.438 [info] > git config --get commit.template [4ms]
2024-03-15 21:50:41.439 [info] > git for-each-ref --format=%(refname)%00%(upstream:short)%00%(objectname)%00%(upstream:track)%00%(upstream:remotename)%00%(upstream:remoteref) refs/heads/main refs/remotes/main [1ms]
2024-03-15 21:50:41.461 [info] > git status -z -uall [19ms]
2024-03-15 21:50:46.494 [info] > git config --get commit.template [12ms]
2024-03-15 21:50:46.494 [info] > git for-each-ref --format=%(refname)%00%(upstream:short)%00%(objectname)%00%(upstream:track)%00%(upstream:remotename)%00%(upstream:remoteref) refs/heads/main refs/remotes/main [1ms]
2024-03-15 21:50:46.522 [info] > git status -z -uall [23ms]
2024-03-15 21:50:51.561 [info] > git config --get commit.template [9ms]
2024-03-15 21:50:51.562 [info] > git for-each-ref --format=%(refname)%00%(upstream:short)%00%(objectname)%00%(upstream:track)%00%(upstream:remotename)%00%(upstream:remoteref) refs/heads/main refs/remotes/main [2ms]
2024-03-15 21:50:51.594 [info] > git status -z -uall [23ms]
2024-03-15 21:50:56.636 [info] > git config --get commit.template [11ms]
2024-03-15 21:50:56.637 [info] > git for-each-ref --format=%(refname)%00%(upstream:short)%00%(objectname)%00%(upstream:track)%00%(upstream:remotename)%00%(upstream:remoteref) refs/heads/main refs/remotes/main [1ms]
2024-03-15 21:50:56.670 [info] > git status -z -uall [25ms]
2024-03-15 21:51:01.698 [info] > git config --get commit.template [9ms]
2024-03-15 21:51:01.699 [info] > git for-each-ref --format=%(refname)%00%(upstream:short)%00%(objectname)%00%(upstream:track)%00%(upstream:remotename)%00%(upstream:remoteref) refs/heads/main refs/remotes/main [2ms]
2024-03-15 21:51:01.725 [info] > git status -z -uall [19ms]
2024-03-15 21:51:06.752 [info] > git config --get commit.template [5ms]
2024-03-15 21:51:06.753 [info] > git for-each-ref --format=%(refname)%00%(upstream:short)%00%(objectname)%00%(upstream:track)%00%(upstream:remotename)%00%(upstream:remoteref) refs/heads/main refs/remotes/main [1ms]
2024-03-15 21:51:06.778 [info] > git status -z -uall [22ms]
2024-03-15 21:51:11.816 [info] > git config --get commit.template [11ms]
2024-03-15 21:51:11.816 [info] > git for-each-ref --format=%(refname)%00%(upstream:short)%00%(objectname)%00%(upstream:track)%00%(upstream:remotename)%00%(upstream:remoteref) refs/heads/main refs/remotes/main [0ms]
2024-03-15 21:51:11.852 [info] > git status -z -uall [27ms]
2024-03-15 21:51:16.875 [info] > git for-each-ref --format=%(refname)%00%(upstream:short)%00%(objectname)%00%(upstream:track)%00%(upstream:remotename)%00%(upstream:remoteref) refs/heads/main refs/remotes/main [1ms]
2024-03-15 21:51:16.875 [info] > git config --get commit.template [5ms]
2024-03-15 21:51:16.898 [info] > git status -z -uall [19ms]
2024-03-15 21:51:21.927 [info] > git config --get commit.template [5ms]
2024-03-15 21:51:21.928 [info] > git for-each-ref --format=%(refname)%00%(upstream:short)%00%(objectname)%00%(upstream:track)%00%(upstream:remotename)%00%(upstream:remoteref) refs/heads/main refs/remotes/main [1ms]
2024-03-15 21:51:21.959 [info] > git status -z -uall [28ms]
2024-03-15 21:51:26.984 [info] > git config --get commit.template [5ms]
2024-03-15 21:51:26.984 [info] > git for-each-ref --format=%(refname)%00%(upstream:short)%00%(objectname)%00%(upstream:track)%00%(upstream:remotename)%00%(upstream:remoteref) refs/heads/main refs/remotes/main [0ms]
2024-03-15 21:51:27.008 [info] > git status -z -uall [21ms]
2024-03-15 21:51:32.033 [info] > git config --get commit.template [5ms]
2024-03-15 21:51:32.033 [info] > git for-each-ref --format=%(refname)%00%(upstream:short)%00%(objectname)%00%(upstream:track)%00%(upstream:remotename)%00%(upstream:remoteref) refs/heads/main refs/remotes/main [1ms]
2024-03-15 21:51:32.056 [info] > git status -z -uall [20ms]
2024-03-15 21:51:37.083 [info] > git config --get commit.template [6ms]
2024-03-15 21:51:37.084 [info] > git for-each-ref --format=%(refname)%00%(upstream:short)%00%(objectname)%00%(upstream:track)%00%(upstream:remotename)%00%(upstream:remoteref) refs/heads/main refs/remotes/main [1ms]
2024-03-15 21:51:37.112 [info] > git status -z -uall [25ms]
2024-03-15 21:51:42.138 [info] > git config --get commit.template [4ms]
2024-03-15 21:51:42.139 [info] > git for-each-ref --format=%(refname)%00%(upstream:short)%00%(objectname)%00%(upstream:track)%00%(upstream:remotename)%00%(upstream:remoteref) refs/heads/main refs/remotes/main [1ms]
2024-03-15 21:51:42.172 [info] > git status -z -uall [29ms]
2024-03-15 21:51:47.198 [info] > git config --get commit.template [1ms]
2024-03-15 21:51:47.206 [info] > git for-each-ref --format=%(refname)%00%(upstream:short)%00%(objectname)%00%(upstream:track)%00%(upstream:remotename)%00%(upstream:remoteref) refs/heads/main refs/remotes/main [0ms]
2024-03-15 21:51:47.233 [info] > git status -z -uall [23ms]
2024-03-15 21:51:52.274 [info] > git config --get commit.template [10ms]
2024-03-15 21:51:52.275 [info] > git for-each-ref --format=%(refname)%00%(upstream:short)%00%(objectname)%00%(upstream:track)%00%(upstream:remotename)%00%(upstream:remoteref) refs/heads/main refs/remotes/main [1ms]
2024-03-15 21:51:52.300 [info] > git status -z -uall [21ms]
2024-03-15 21:51:57.325 [info] > git config --get commit.template [5ms]
2024-03-15 21:51:57.325 [info] > git for-each-ref --format=%(refname)%00%(upstream:short)%00%(objectname)%00%(upstream:track)%00%(upstream:remotename)%00%(upstream:remoteref) refs/heads/main refs/remotes/main [0ms]
2024-03-15 21:51:57.347 [info] > git status -z -uall [19ms]
2024-03-15 21:52:02.384 [info] > git config --get commit.template [7ms]
2024-03-15 21:52:02.384 [info] > git for-each-ref --format=%(refname)%00%(upstream:short)%00%(objectname)%00%(upstream:track)%00%(upstream:remotename)%00%(upstream:remoteref) refs/heads/main refs/remotes/main [1ms]
2024-03-15 21:52:02.417 [info] > git status -z -uall [29ms]
2024-03-15 21:52:07.463 [info] > git config --get commit.template [12ms]
2024-03-15 21:52:07.464 [info] > git for-each-ref --format=%(refname)%00%(upstream:short)%00%(objectname)%00%(upstream:track)%00%(upstream:remotename)%00%(upstream:remoteref) refs/heads/main refs/remotes/main [2ms]
2024-03-15 21:52:07.496 [info] > git status -z -uall [24ms]
2024-03-15 21:52:12.534 [info] > git for-each-ref --format=%(refname)%00%(upstream:short)%00%(objectname)%00%(upstream:track)%00%(upstream:remotename)%00%(upstream:remoteref) refs/heads/main refs/remotes/main [1ms]
2024-03-15 21:52:12.534 [info] > git config --get commit.template [13ms]
2024-03-15 21:52:12.557 [info] > git status -z -uall [19ms]
2024-03-15 21:52:17.583 [info] > git config --get commit.template [4ms]
2024-03-15 21:52:17.583 [info] > git for-each-ref --format=%(refname)%00%(upstream:short)%00%(objectname)%00%(upstream:track)%00%(upstream:remotename)%00%(upstream:remoteref) refs/heads/main refs/remotes/main [0ms]
2024-03-15 21:52:17.610 [info] > git status -z -uall [23ms]
2024-03-15 21:52:22.636 [info] > git config --get commit.template [5ms]
2024-03-15 21:52:22.637 [info] > git for-each-ref --format=%(refname)%00%(upstream:short)%00%(objectname)%00%(upstream:track)%00%(upstream:remotename)%00%(upstream:remoteref) refs/heads/main refs/remotes/main [1ms]
2024-03-15 21:52:22.661 [info] > git status -z -uall [20ms]
2024-03-15 21:52:27.698 [info] > git config --get commit.template [9ms]
2024-03-15 21:52:27.699 [info] > git for-each-ref --format=%(refname)%00%(upstream:short)%00%(objectname)%00%(upstream:track)%00%(upstream:remotename)%00%(upstream:remoteref) refs/heads/main refs/remotes/main [2ms]
2024-03-15 21:52:27.726 [info] > git status -z -uall [19ms]
2024-03-15 21:52:32.760 [info] > git config --get commit.template [3ms]
2024-03-15 21:52:32.769 [info] > git for-each-ref --format=%(refname)%00%(upstream:short)%00%(objectname)%00%(upstream:track)%00%(upstream:remotename)%00%(upstream:remoteref) refs/heads/main refs/remotes/main [1ms]
2024-03-15 21:52:32.798 [info] > git status -z -uall [24ms]
2024-03-15 21:52:37.828 [info] > git config --get commit.template [5ms]
2024-03-15 21:52:37.828 [info] > git for-each-ref --format=%(refname)%00%(upstream:short)%00%(objectname)%00%(upstream:track)%00%(upstream:remotename)%00%(upstream:remoteref) refs/heads/main refs/remotes/main [0ms]
2024-03-15 21:52:37.852 [info] > git status -z -uall [20ms]
