2024-03-18 14:26:26.339 [info] Log level: Info
2024-03-18 14:26:26.339 [info] Validating found git in: "git"
2024-03-18 14:26:26.339 [info] Using git "2.44.0" from "git"
2024-03-18 14:26:26.339 [info] > git rev-parse --show-toplevel [2ms]
2024-03-18 14:26:26.339 [info] > git rev-parse --git-dir --git-common-dir [70ms]
2024-03-18 14:26:26.339 [info] Open repository: /run/media/n30/nvme_chivos/.dotfiles
2024-03-18 14:26:26.339 [info] > git rev-parse --show-toplevel [7ms]
2024-03-18 14:26:26.339 [info] > git config --get commit.template [10ms]
2024-03-18 14:26:26.348 [info] > git rev-parse --show-toplevel [4ms]
2024-03-18 14:26:26.352 [info] > git for-each-ref --format=%(refname)%00%(upstream:short)%00%(objectname)%00%(upstream:track)%00%(upstream:remotename)%00%(upstream:remoteref) refs/heads/main refs/remotes/main [4ms]
2024-03-18 14:26:26.355 [info] > git rev-parse --show-toplevel [4ms]
2024-03-18 14:26:26.360 [info] > git rev-parse --show-toplevel [1ms]
2024-03-18 14:26:26.364 [info] > git rev-parse --show-toplevel [1ms]
2024-03-18 14:26:26.367 [info] > git rev-parse --show-toplevel [0ms]
2024-03-18 14:26:26.370 [info] > git rev-parse --show-toplevel [0ms]
2024-03-18 14:26:26.373 [info] > git rev-parse --show-toplevel [0ms]
2024-03-18 14:26:26.377 [info] > git rev-parse --show-toplevel [0ms]
2024-03-18 14:26:26.379 [info] > git rev-parse --show-toplevel [0ms]
2024-03-18 14:26:26.382 [info] > git rev-parse --show-toplevel [0ms]
2024-03-18 14:26:26.385 [info] > git rev-parse --show-toplevel [0ms]
2024-03-18 14:26:26.388 [info] > git status -z -uall [33ms]
2024-03-18 14:26:26.389 [info] > git rev-parse --show-toplevel [1ms]
2024-03-18 14:26:26.413 [info] > git rev-parse --show-toplevel [3ms]
2024-03-18 14:26:26.417 [info] > git config --get commit.template [4ms]
2024-03-18 14:26:26.488 [info] > git rev-parse --show-toplevel [71ms]
2024-03-18 14:26:26.492 [info] > git for-each-ref --format=%(refname)%00%(upstream:short)%00%(objectname)%00%(upstream:track)%00%(upstream:remotename)%00%(upstream:remoteref) refs/heads/main refs/remotes/main [4ms]
2024-03-18 14:26:26.495 [info] > git rev-parse --show-toplevel [4ms]
2024-03-18 14:26:26.498 [info] > git rev-parse --show-toplevel [0ms]
2024-03-18 14:26:26.502 [info] > git rev-parse --show-toplevel [1ms]
2024-03-18 14:26:26.505 [info] > git rev-parse --show-toplevel [0ms]
2024-03-18 14:26:26.509 [info] > git rev-parse --show-toplevel [0ms]
2024-03-18 14:26:26.512 [info] > git rev-parse --show-toplevel [1ms]
2024-03-18 14:26:26.516 [info] > git status -z -uall [21ms]
2024-03-18 14:26:26.516 [info] > git rev-parse --show-toplevel [2ms]
2024-03-18 14:26:26.537 [info] > git rev-parse --show-toplevel [2ms]
2024-03-18 14:26:26.540 [info] > git rev-parse --show-toplevel [1ms]
2024-03-18 14:26:26.543 [info] > git rev-parse --show-toplevel [0ms]
2024-03-18 14:26:26.546 [info] > git rev-parse --show-toplevel [0ms]
2024-03-18 14:26:26.549 [info] > git rev-parse --show-toplevel [0ms]
2024-03-18 14:26:26.552 [info] > git rev-parse --show-toplevel [0ms]
2024-03-18 14:26:26.555 [info] > git rev-parse --show-toplevel [0ms]
2024-03-18 14:26:26.558 [info] > git rev-parse --show-toplevel [0ms]
2024-03-18 14:26:26.562 [info] > git rev-parse --show-toplevel [1ms]
2024-03-18 14:26:26.565 [info] > git rev-parse --show-toplevel [1ms]
2024-03-18 14:26:26.567 [info] > git rev-parse --show-toplevel [0ms]
2024-03-18 14:26:26.571 [info] > git rev-parse --show-toplevel [1ms]
2024-03-18 14:26:26.574 [info] > git rev-parse --show-toplevel [1ms]
2024-03-18 14:26:26.577 [info] > git rev-parse --show-toplevel [0ms]
2024-03-18 14:26:26.580 [info] > git rev-parse --show-toplevel [0ms]
2024-03-18 14:26:26.584 [info] > git rev-parse --show-toplevel [0ms]
2024-03-18 14:26:26.587 [info] > git rev-parse --show-toplevel [1ms]
2024-03-18 14:26:26.849 [info] > git check-ignore -v -z --stdin [6ms]
2024-03-18 14:26:26.909 [info] > git show --textconv :wiki-wayland-0.97beta.md [4ms]
2024-03-18 14:26:26.910 [info] > git ls-files --stage -- /run/media/n30/nvme_chivos/.dotfiles/wiki-wayland-0.97beta.md [2ms]
2024-03-18 14:26:26.915 [info] > git cat-file -s f872a935c0386653714b6aadac6cc467b93c2719 [1ms]
2024-03-18 14:26:29.031 [info] > git config --get commit.template [16ms]
2024-03-18 14:26:29.033 [info] > git for-each-ref --format=%(refname)%00%(upstream:short)%00%(objectname)%00%(upstream:track)%00%(upstream:remotename)%00%(upstream:remoteref) refs/heads/main refs/remotes/main [3ms]
2024-03-18 14:26:29.071 [info] > git status -z -uall [28ms]
2024-03-18 14:26:36.647 [info] > git config --get commit.template [4ms]
2024-03-18 14:26:36.647 [info] > git for-each-ref --format=%(refname)%00%(upstream:short)%00%(objectname)%00%(upstream:track)%00%(upstream:remotename)%00%(upstream:remoteref) refs/heads/main refs/remotes/main [1ms]
2024-03-18 14:26:36.673 [info] > git status -z -uall [22ms]
2024-03-18 14:26:41.710 [info] > git config --get commit.template [12ms]
2024-03-18 14:26:41.711 [info] > git for-each-ref --format=%(refname)%00%(upstream:short)%00%(objectname)%00%(upstream:track)%00%(upstream:remotename)%00%(upstream:remoteref) refs/heads/main refs/remotes/main [2ms]
2024-03-18 14:26:41.757 [info] > git status -z -uall [35ms]
2024-03-18 16:28:45.059 [info] > git config --get commit.template [1ms]
2024-03-18 16:28:45.063 [info] > git for-each-ref --format=%(refname)%00%(upstream:short)%00%(objectname)%00%(upstream:track)%00%(upstream:remotename)%00%(upstream:remoteref) refs/heads/main refs/remotes/main [1ms]
2024-03-18 16:28:45.100 [info] > git status -z -uall [34ms]
2024-03-18 16:31:51.465 [info] > git config --get commit.template [4ms]
2024-03-18 16:31:51.465 [info] > git for-each-ref --format=%(refname)%00%(upstream:short)%00%(objectname)%00%(upstream:track)%00%(upstream:remotename)%00%(upstream:remoteref) refs/heads/main refs/remotes/main [0ms]
2024-03-18 16:31:51.489 [info] > git status -z -uall [19ms]
2024-03-18 16:31:56.513 [info] > git config --get commit.template [6ms]
2024-03-18 16:31:56.514 [info] > git for-each-ref --format=%(refname)%00%(upstream:short)%00%(objectname)%00%(upstream:track)%00%(upstream:remotename)%00%(upstream:remoteref) refs/heads/main refs/remotes/main [2ms]
2024-03-18 16:31:56.540 [info] > git status -z -uall [22ms]
2024-03-18 16:32:01.567 [info] > git config --get commit.template [2ms]
2024-03-18 16:32:01.575 [info] > git for-each-ref --format=%(refname)%00%(upstream:short)%00%(objectname)%00%(upstream:track)%00%(upstream:remotename)%00%(upstream:remoteref) refs/heads/main refs/remotes/main [1ms]
2024-03-18 16:32:01.613 [info] > git status -z -uall [32ms]
2024-03-18 16:32:06.647 [info] > git config --get commit.template [8ms]
2024-03-18 16:32:06.647 [info] > git for-each-ref --format=%(refname)%00%(upstream:short)%00%(objectname)%00%(upstream:track)%00%(upstream:remotename)%00%(upstream:remoteref) refs/heads/main refs/remotes/main [1ms]
2024-03-18 16:32:06.677 [info] > git status -z -uall [21ms]
2024-03-18 16:32:11.710 [info] > git config --get commit.template [7ms]
2024-03-18 16:32:11.710 [info] > git for-each-ref --format=%(refname)%00%(upstream:short)%00%(objectname)%00%(upstream:track)%00%(upstream:remotename)%00%(upstream:remoteref) refs/heads/main refs/remotes/main [0ms]
2024-03-18 16:32:11.734 [info] > git status -z -uall [21ms]
2024-03-18 16:32:16.763 [info] > git config --get commit.template [5ms]
2024-03-18 16:32:16.763 [info] > git for-each-ref --format=%(refname)%00%(upstream:short)%00%(objectname)%00%(upstream:track)%00%(upstream:remotename)%00%(upstream:remoteref) refs/heads/main refs/remotes/main [0ms]
2024-03-18 16:32:16.785 [info] > git status -z -uall [19ms]
2024-03-18 16:32:25.292 [info] > git config --get commit.template [17ms]
2024-03-18 16:32:25.293 [info] > git for-each-ref --format=%(refname)%00%(upstream:short)%00%(objectname)%00%(upstream:track)%00%(upstream:remotename)%00%(upstream:remoteref) refs/heads/main refs/remotes/main [2ms]
2024-03-18 16:32:25.320 [info] > git status -z -uall [21ms]
2024-03-18 16:32:30.346 [info] > git config --get commit.template [7ms]
2024-03-18 16:32:30.346 [info] > git for-each-ref --format=%(refname)%00%(upstream:short)%00%(objectname)%00%(upstream:track)%00%(upstream:remotename)%00%(upstream:remoteref) refs/heads/main refs/remotes/main [1ms]
2024-03-18 16:32:30.372 [info] > git status -z -uall [20ms]
2024-03-18 16:32:35.396 [info] > git config --get commit.template [6ms]
2024-03-18 16:32:35.396 [info] > git for-each-ref --format=%(refname)%00%(upstream:short)%00%(objectname)%00%(upstream:track)%00%(upstream:remotename)%00%(upstream:remoteref) refs/heads/main refs/remotes/main [1ms]
2024-03-18 16:32:35.420 [info] > git status -z -uall [20ms]
2024-03-18 16:32:40.440 [info] > git config --get commit.template [1ms]
2024-03-18 16:32:40.444 [info] > git for-each-ref --format=%(refname)%00%(upstream:short)%00%(objectname)%00%(upstream:track)%00%(upstream:remotename)%00%(upstream:remoteref) refs/heads/main refs/remotes/main [1ms]
2024-03-18 16:32:40.471 [info] > git status -z -uall [23ms]
2024-03-18 16:32:45.497 [info] > git config --get commit.template [5ms]
2024-03-18 16:32:45.498 [info] > git for-each-ref --format=%(refname)%00%(upstream:short)%00%(objectname)%00%(upstream:track)%00%(upstream:remotename)%00%(upstream:remoteref) refs/heads/main refs/remotes/main [1ms]
2024-03-18 16:32:45.523 [info] > git status -z -uall [21ms]
2024-03-18 16:32:50.557 [info] > git config --get commit.template [9ms]
2024-03-18 16:32:50.558 [info] > git for-each-ref --format=%(refname)%00%(upstream:short)%00%(objectname)%00%(upstream:track)%00%(upstream:remotename)%00%(upstream:remoteref) refs/heads/main refs/remotes/main [2ms]
2024-03-18 16:32:50.593 [info] > git status -z -uall [30ms]
2024-03-18 16:32:55.621 [info] > git config --get commit.template [4ms]
2024-03-18 16:32:55.621 [info] > git for-each-ref --format=%(refname)%00%(upstream:short)%00%(objectname)%00%(upstream:track)%00%(upstream:remotename)%00%(upstream:remoteref) refs/heads/main refs/remotes/main [0ms]
2024-03-18 16:32:55.647 [info] > git status -z -uall [22ms]
2024-03-18 16:33:00.671 [info] > git config --get commit.template [4ms]
2024-03-18 16:33:00.672 [info] > git for-each-ref --format=%(refname)%00%(upstream:short)%00%(objectname)%00%(upstream:track)%00%(upstream:remotename)%00%(upstream:remoteref) refs/heads/main refs/remotes/main [0ms]
2024-03-18 16:33:00.706 [info] > git status -z -uall [30ms]
2024-03-18 16:33:05.740 [info] > git config --get commit.template [5ms]
2024-03-18 16:33:05.741 [info] > git for-each-ref --format=%(refname)%00%(upstream:short)%00%(objectname)%00%(upstream:track)%00%(upstream:remotename)%00%(upstream:remoteref) refs/heads/main refs/remotes/main [1ms]
2024-03-18 16:33:05.773 [info] > git status -z -uall [27ms]
2024-03-18 16:33:10.806 [info] > git config --get commit.template [9ms]
2024-03-18 16:33:10.806 [info] > git for-each-ref --format=%(refname)%00%(upstream:short)%00%(objectname)%00%(upstream:track)%00%(upstream:remotename)%00%(upstream:remoteref) refs/heads/main refs/remotes/main [1ms]
2024-03-18 16:33:10.832 [info] > git status -z -uall [21ms]
2024-03-18 16:33:15.860 [info] > git config --get commit.template [5ms]
2024-03-18 16:33:15.860 [info] > git for-each-ref --format=%(refname)%00%(upstream:short)%00%(objectname)%00%(upstream:track)%00%(upstream:remotename)%00%(upstream:remoteref) refs/heads/main refs/remotes/main [0ms]
2024-03-18 16:33:15.888 [info] > git status -z -uall [22ms]
2024-03-18 16:33:20.916 [info] > git config --get commit.template [6ms]
2024-03-18 16:33:20.917 [info] > git for-each-ref --format=%(refname)%00%(upstream:short)%00%(objectname)%00%(upstream:track)%00%(upstream:remotename)%00%(upstream:remoteref) refs/heads/main refs/remotes/main [1ms]
2024-03-18 16:33:20.942 [info] > git status -z -uall [20ms]
2024-03-18 16:33:25.970 [info] > git config --get commit.template [5ms]
2024-03-18 16:33:25.970 [info] > git for-each-ref --format=%(refname)%00%(upstream:short)%00%(objectname)%00%(upstream:track)%00%(upstream:remotename)%00%(upstream:remoteref) refs/heads/main refs/remotes/main [1ms]
2024-03-18 16:33:25.995 [info] > git status -z -uall [21ms]
2024-03-18 16:33:31.018 [info] > git config --get commit.template [3ms]
2024-03-18 16:33:31.018 [info] > git for-each-ref --format=%(refname)%00%(upstream:short)%00%(objectname)%00%(upstream:track)%00%(upstream:remotename)%00%(upstream:remoteref) refs/heads/main refs/remotes/main [1ms]
2024-03-18 16:33:31.047 [info] > git status -z -uall [26ms]
2024-03-18 16:33:36.076 [info] > git config --get commit.template [4ms]
2024-03-18 16:33:36.077 [info] > git for-each-ref --format=%(refname)%00%(upstream:short)%00%(objectname)%00%(upstream:track)%00%(upstream:remotename)%00%(upstream:remoteref) refs/heads/main refs/remotes/main [1ms]
2024-03-18 16:33:36.102 [info] > git status -z -uall [21ms]
2024-03-18 16:33:41.128 [info] > git config --get commit.template [6ms]
2024-03-18 16:33:41.128 [info] > git for-each-ref --format=%(refname)%00%(upstream:short)%00%(objectname)%00%(upstream:track)%00%(upstream:remotename)%00%(upstream:remoteref) refs/heads/main refs/remotes/main [1ms]
2024-03-18 16:33:41.158 [info] > git status -z -uall [22ms]
2024-03-18 16:33:47.063 [info] > git config --get commit.template [2ms]
2024-03-18 16:33:47.082 [info] > git for-each-ref --format=%(refname)%00%(upstream:short)%00%(objectname)%00%(upstream:track)%00%(upstream:remotename)%00%(upstream:remoteref) refs/heads/main refs/remotes/main [3ms]
2024-03-18 16:33:47.110 [info] > git status -z -uall [20ms]
2024-03-18 16:33:52.138 [info] > git config --get commit.template [2ms]
2024-03-18 16:33:52.152 [info] > git for-each-ref --format=%(refname)%00%(upstream:short)%00%(objectname)%00%(upstream:track)%00%(upstream:remotename)%00%(upstream:remoteref) refs/heads/main refs/remotes/main [3ms]
2024-03-18 16:33:52.195 [info] > git status -z -uall [30ms]
2024-03-18 17:36:47.687 [info] > git config --get commit.template [0ms]
2024-03-18 17:36:47.692 [info] > git for-each-ref --format=%(refname)%00%(upstream:short)%00%(objectname)%00%(upstream:track)%00%(upstream:remotename)%00%(upstream:remoteref) refs/heads/main refs/remotes/main [1ms]
2024-03-18 17:36:47.716 [info] > git status -z -uall [20ms]
2024-03-18 17:36:52.748 [info] > git config --get commit.template [5ms]
2024-03-18 17:36:52.748 [info] > git for-each-ref --format=%(refname)%00%(upstream:short)%00%(objectname)%00%(upstream:track)%00%(upstream:remotename)%00%(upstream:remoteref) refs/heads/main refs/remotes/main [0ms]
2024-03-18 17:36:52.778 [info] > git status -z -uall [25ms]
2024-03-18 17:36:57.804 [info] > git config --get commit.template [4ms]
2024-03-18 17:36:57.805 [info] > git for-each-ref --format=%(refname)%00%(upstream:short)%00%(objectname)%00%(upstream:track)%00%(upstream:remotename)%00%(upstream:remoteref) refs/heads/main refs/remotes/main [1ms]
2024-03-18 17:36:57.837 [info] > git status -z -uall [27ms]
2024-03-18 17:37:02.870 [info] > git config --get commit.template [9ms]
2024-03-18 17:37:02.871 [info] > git for-each-ref --format=%(refname)%00%(upstream:short)%00%(objectname)%00%(upstream:track)%00%(upstream:remotename)%00%(upstream:remoteref) refs/heads/main refs/remotes/main [2ms]
2024-03-18 17:37:02.900 [info] > git status -z -uall [22ms]
2024-03-18 17:37:07.931 [info] > git config --get commit.template [7ms]
2024-03-18 17:37:07.932 [info] > git for-each-ref --format=%(refname)%00%(upstream:short)%00%(objectname)%00%(upstream:track)%00%(upstream:remotename)%00%(upstream:remoteref) refs/heads/main refs/remotes/main [1ms]
2024-03-18 17:37:07.961 [info] > git status -z -uall [22ms]
2024-03-18 17:37:12.990 [info] > git config --get commit.template [9ms]
2024-03-18 17:37:12.991 [info] > git for-each-ref --format=%(refname)%00%(upstream:short)%00%(objectname)%00%(upstream:track)%00%(upstream:remotename)%00%(upstream:remoteref) refs/heads/main refs/remotes/main [2ms]
2024-03-18 17:37:13.018 [info] > git status -z -uall [22ms]
2024-03-18 17:37:18.041 [info] > git config --get commit.template [4ms]
2024-03-18 17:37:18.041 [info] > git for-each-ref --format=%(refname)%00%(upstream:short)%00%(objectname)%00%(upstream:track)%00%(upstream:remotename)%00%(upstream:remoteref) refs/heads/main refs/remotes/main [1ms]
2024-03-18 17:37:18.063 [info] > git status -z -uall [19ms]
2024-03-18 17:37:23.088 [info] > git config --get commit.template [4ms]
2024-03-18 17:37:23.089 [info] > git for-each-ref --format=%(refname)%00%(upstream:short)%00%(objectname)%00%(upstream:track)%00%(upstream:remotename)%00%(upstream:remoteref) refs/heads/main refs/remotes/main [1ms]
2024-03-18 17:37:23.111 [info] > git status -z -uall [20ms]
2024-03-18 17:37:28.132 [info] > git config --get commit.template [1ms]
2024-03-18 17:37:28.142 [info] > git for-each-ref --format=%(refname)%00%(upstream:short)%00%(objectname)%00%(upstream:track)%00%(upstream:remotename)%00%(upstream:remoteref) refs/heads/main refs/remotes/main [1ms]
2024-03-18 17:37:28.178 [info] > git status -z -uall [28ms]
2024-03-18 17:37:33.203 [info] > git config --get commit.template [8ms]
2024-03-18 17:37:33.204 [info] > git for-each-ref --format=%(refname)%00%(upstream:short)%00%(objectname)%00%(upstream:track)%00%(upstream:remotename)%00%(upstream:remoteref) refs/heads/main refs/remotes/main [2ms]
2024-03-18 17:37:33.244 [info] > git status -z -uall [26ms]
2024-03-18 17:37:38.280 [info] > git config --get commit.template [7ms]
2024-03-18 17:37:38.280 [info] > git for-each-ref --format=%(refname)%00%(upstream:short)%00%(objectname)%00%(upstream:track)%00%(upstream:remotename)%00%(upstream:remoteref) refs/heads/main refs/remotes/main [0ms]
2024-03-18 17:37:38.304 [info] > git status -z -uall [20ms]
2024-03-18 18:11:38.950 [info] > git config --get commit.template [7ms]
2024-03-18 18:11:38.950 [info] > git for-each-ref --format=%(refname)%00%(upstream:short)%00%(objectname)%00%(upstream:track)%00%(upstream:remotename)%00%(upstream:remoteref) refs/heads/main refs/remotes/main [1ms]
2024-03-18 18:11:38.983 [info] > git status -z -uall [25ms]
2024-03-18 18:14:51.779 [info] > git config --get commit.template [7ms]
2024-03-18 18:14:51.780 [info] > git for-each-ref --format=%(refname)%00%(upstream:short)%00%(objectname)%00%(upstream:track)%00%(upstream:remotename)%00%(upstream:remoteref) refs/heads/main refs/remotes/main [1ms]
2024-03-18 18:14:51.810 [info] > git status -z -uall [23ms]
2024-03-18 18:46:52.619 [info] > git config --get commit.template [8ms]
2024-03-18 18:46:52.619 [info] > git for-each-ref --format=%(refname)%00%(upstream:short)%00%(objectname)%00%(upstream:track)%00%(upstream:remotename)%00%(upstream:remoteref) refs/heads/main refs/remotes/main [1ms]
2024-03-18 18:46:52.654 [info] > git status -z -uall [29ms]
2024-03-18 18:46:57.694 [info] > git config --get commit.template [7ms]
2024-03-18 18:46:57.694 [info] > git for-each-ref --format=%(refname)%00%(upstream:short)%00%(objectname)%00%(upstream:track)%00%(upstream:remotename)%00%(upstream:remoteref) refs/heads/main refs/remotes/main [1ms]
2024-03-18 18:46:57.723 [info] > git status -z -uall [24ms]
2024-03-18 18:49:40.951 [info] > git config --get commit.template [5ms]
2024-03-18 18:49:40.951 [info] > git for-each-ref --format=%(refname)%00%(upstream:short)%00%(objectname)%00%(upstream:track)%00%(upstream:remotename)%00%(upstream:remoteref) refs/heads/main refs/remotes/main [1ms]
2024-03-18 18:49:40.976 [info] > git status -z -uall [22ms]
2024-03-18 18:59:08.551 [info] > git config --get commit.template [5ms]
2024-03-18 18:59:08.551 [info] > git for-each-ref --format=%(refname)%00%(upstream:short)%00%(objectname)%00%(upstream:track)%00%(upstream:remotename)%00%(upstream:remoteref) refs/heads/main refs/remotes/main [1ms]
2024-03-18 18:59:08.574 [info] > git status -z -uall [19ms]
2024-03-18 18:59:46.448 [info] > git config --get commit.template [0ms]
2024-03-18 18:59:46.454 [info] > git for-each-ref --format=%(refname)%00%(upstream:short)%00%(objectname)%00%(upstream:track)%00%(upstream:remotename)%00%(upstream:remoteref) refs/heads/main refs/remotes/main [1ms]
2024-03-18 18:59:46.477 [info] > git status -z -uall [19ms]
2024-03-18 20:41:49.818 [info] > git config --get commit.template [9ms]
2024-03-18 20:41:49.819 [info] > git for-each-ref --format=%(refname)%00%(upstream:short)%00%(objectname)%00%(upstream:track)%00%(upstream:remotename)%00%(upstream:remoteref) refs/heads/main refs/remotes/main [3ms]
2024-03-18 20:41:49.845 [info] > git status -z -uall [21ms]
2024-03-18 20:43:46.692 [info] > git config --get commit.template [3ms]
2024-03-18 20:43:46.701 [info] > git for-each-ref --format=%(refname)%00%(upstream:short)%00%(objectname)%00%(upstream:track)%00%(upstream:remotename)%00%(upstream:remoteref) refs/heads/main refs/remotes/main [2ms]
2024-03-18 20:43:46.740 [info] > git status -z -uall [32ms]
2024-03-18 21:06:48.467 [info] > git config --get commit.template [3ms]
2024-03-18 21:06:48.467 [info] > git for-each-ref --format=%(refname)%00%(upstream:short)%00%(objectname)%00%(upstream:track)%00%(upstream:remotename)%00%(upstream:remoteref) refs/heads/main refs/remotes/main [1ms]
2024-03-18 21:06:48.490 [info] > git status -z -uall [20ms]
2024-03-18 21:10:43.274 [info] > git config --get commit.template [4ms]
2024-03-18 21:10:43.274 [info] > git for-each-ref --format=%(refname)%00%(upstream:short)%00%(objectname)%00%(upstream:track)%00%(upstream:remotename)%00%(upstream:remoteref) refs/heads/main refs/remotes/main [0ms]
2024-03-18 21:10:43.299 [info] > git status -z -uall [20ms]
2024-03-18 21:14:23.280 [info] > git config --get commit.template [3ms]
2024-03-18 21:14:23.288 [info] > git for-each-ref --format=%(refname)%00%(upstream:short)%00%(objectname)%00%(upstream:track)%00%(upstream:remotename)%00%(upstream:remoteref) refs/heads/main refs/remotes/main [0ms]
2024-03-18 21:14:23.318 [info] > git status -z -uall [27ms]
2024-03-18 21:14:51.255 [info] > git config --get commit.template [10ms]
2024-03-18 21:14:51.255 [info] > git for-each-ref --format=%(refname)%00%(upstream:short)%00%(objectname)%00%(upstream:track)%00%(upstream:remotename)%00%(upstream:remoteref) refs/heads/main refs/remotes/main [1ms]
2024-03-18 21:14:51.299 [info] > git status -z -uall [36ms]
2024-03-18 21:15:23.035 [info] > git config --get commit.template [1ms]
2024-03-18 21:15:23.044 [info] > git for-each-ref --format=%(refname)%00%(upstream:short)%00%(objectname)%00%(upstream:track)%00%(upstream:remotename)%00%(upstream:remoteref) refs/heads/main refs/remotes/main [1ms]
2024-03-18 21:15:23.079 [info] > git status -z -uall [30ms]
2024-03-18 21:15:28.105 [info] > git config --get commit.template [4ms]
2024-03-18 21:15:28.105 [info] > git for-each-ref --format=%(refname)%00%(upstream:short)%00%(objectname)%00%(upstream:track)%00%(upstream:remotename)%00%(upstream:remoteref) refs/heads/main refs/remotes/main [1ms]
2024-03-18 21:15:28.138 [info] > git status -z -uall [28ms]
2024-03-18 21:15:33.169 [info] > git config --get commit.template [5ms]
2024-03-18 21:15:33.169 [info] > git for-each-ref --format=%(refname)%00%(upstream:short)%00%(objectname)%00%(upstream:track)%00%(upstream:remotename)%00%(upstream:remoteref) refs/heads/main refs/remotes/main [0ms]
2024-03-18 21:15:33.201 [info] > git status -z -uall [27ms]
2024-03-18 21:15:38.227 [info] > git config --get commit.template [5ms]
2024-03-18 21:15:38.227 [info] > git for-each-ref --format=%(refname)%00%(upstream:short)%00%(objectname)%00%(upstream:track)%00%(upstream:remotename)%00%(upstream:remoteref) refs/heads/main refs/remotes/main [0ms]
2024-03-18 21:15:38.251 [info] > git status -z -uall [19ms]
2024-03-18 21:15:43.288 [info] > git config --get commit.template [13ms]
2024-03-18 21:15:43.289 [info] > git for-each-ref --format=%(refname)%00%(upstream:short)%00%(objectname)%00%(upstream:track)%00%(upstream:remotename)%00%(upstream:remoteref) refs/heads/main refs/remotes/main [2ms]
2024-03-18 21:15:43.321 [info] > git status -z -uall [25ms]
2024-03-18 21:18:52.912 [info] > git config --get commit.template [4ms]
2024-03-18 21:18:52.912 [info] > git for-each-ref --format=%(refname)%00%(upstream:short)%00%(objectname)%00%(upstream:track)%00%(upstream:remotename)%00%(upstream:remoteref) refs/heads/main refs/remotes/main [0ms]
2024-03-18 21:18:52.939 [info] > git status -z -uall [22ms]
2024-03-18 21:20:41.330 [info] > git config --get commit.template [0ms]
2024-03-18 21:20:41.335 [info] > git for-each-ref --format=%(refname)%00%(upstream:short)%00%(objectname)%00%(upstream:track)%00%(upstream:remotename)%00%(upstream:remoteref) refs/heads/main refs/remotes/main [1ms]
2024-03-18 21:20:41.359 [info] > git status -z -uall [20ms]
2024-03-18 21:24:19.142 [info] > git config --get commit.template [9ms]
2024-03-18 21:24:19.143 [info] > git for-each-ref --format=%(refname)%00%(upstream:short)%00%(objectname)%00%(upstream:track)%00%(upstream:remotename)%00%(upstream:remoteref) refs/heads/main refs/remotes/main [1ms]
2024-03-18 21:24:19.170 [info] > git status -z -uall [23ms]
2024-03-18 21:39:54.273 [info] > git config --get commit.template [6ms]
2024-03-18 21:39:54.273 [info] > git for-each-ref --format=%(refname)%00%(upstream:short)%00%(objectname)%00%(upstream:track)%00%(upstream:remotename)%00%(upstream:remoteref) refs/heads/main refs/remotes/main [1ms]
2024-03-18 21:39:54.296 [info] > git status -z -uall [19ms]
