2024-03-17 09:02:34.527 [info] Log level: Info
2024-03-17 09:02:34.527 [info] Validating found git in: "git"
2024-03-17 09:02:34.527 [info] Using git "2.44.0" from "git"
2024-03-17 09:02:34.527 [info] > git rev-parse --show-toplevel [2ms]
2024-03-17 09:02:34.527 [info] > git rev-parse --git-dir --git-common-dir [10ms]
2024-03-17 09:02:34.527 [info] Open repository: /run/media/n30/nvme_chivos/.dotfiles
2024-03-17 09:02:34.527 [info] > git rev-parse --show-toplevel [1ms]
2024-03-17 09:02:34.527 [info] > git config --get commit.template [4ms]
2024-03-17 09:02:34.535 [info] > git rev-parse --show-toplevel [3ms]
2024-03-17 09:02:34.538 [info] > git for-each-ref --format=%(refname)%00%(upstream:short)%00%(objectname)%00%(upstream:track)%00%(upstream:remotename)%00%(upstream:remoteref) refs/heads/main refs/remotes/main [3ms]
2024-03-17 09:02:34.541 [info] > git rev-parse --show-toplevel [3ms]
2024-03-17 09:02:34.544 [info] > git rev-parse --show-toplevel [0ms]
2024-03-17 09:02:34.548 [info] > git rev-parse --show-toplevel [0ms]
2024-03-17 09:02:34.552 [info] > git rev-parse --show-toplevel [0ms]
2024-03-17 09:02:34.556 [info] > git rev-parse --show-toplevel [0ms]
2024-03-17 09:02:34.560 [info] > git rev-parse --show-toplevel [1ms]
2024-03-17 09:02:34.564 [info] > git rev-parse --show-toplevel [1ms]
2024-03-17 09:02:34.568 [info] > git rev-parse --show-toplevel [1ms]
2024-03-17 09:02:34.571 [info] > git rev-parse --show-toplevel [1ms]
2024-03-17 09:02:34.574 [info] > git status -z -uall [33ms]
2024-03-17 09:02:34.574 [info] > git rev-parse --show-toplevel [1ms]
2024-03-17 09:02:34.598 [info] > git rev-parse --show-toplevel [21ms]
2024-03-17 09:02:34.602 [info] > git rev-parse --show-toplevel [1ms]
2024-03-17 09:02:34.602 [info] > git config --get commit.template [4ms]
2024-03-17 09:02:34.608 [info] > git for-each-ref --format=%(refname)%00%(upstream:short)%00%(objectname)%00%(upstream:track)%00%(upstream:remotename)%00%(upstream:remoteref) refs/heads/main refs/remotes/main [3ms]
2024-03-17 09:02:34.611 [info] > git rev-parse --show-toplevel [3ms]
2024-03-17 09:02:34.615 [info] > git rev-parse --show-toplevel [1ms]
2024-03-17 09:02:34.683 [info] > git status -z -uall [72ms]
2024-03-17 09:02:34.683 [info] > git rev-parse --show-toplevel [66ms]
2024-03-17 09:02:34.700 [info] > git rev-parse --show-toplevel [13ms]
2024-03-17 09:02:34.705 [info] > git rev-parse --show-toplevel [1ms]
2024-03-17 09:02:34.708 [info] > git rev-parse --show-toplevel [0ms]
2024-03-17 09:02:34.712 [info] > git rev-parse --show-toplevel [1ms]
2024-03-17 09:02:34.715 [info] > git rev-parse --show-toplevel [1ms]
2024-03-17 09:02:34.718 [info] > git rev-parse --show-toplevel [1ms]
2024-03-17 09:02:34.721 [info] > git rev-parse --show-toplevel [0ms]
2024-03-17 09:02:34.725 [info] > git rev-parse --show-toplevel [1ms]
2024-03-17 09:02:34.728 [info] > git rev-parse --show-toplevel [1ms]
2024-03-17 09:02:34.731 [info] > git rev-parse --show-toplevel [0ms]
2024-03-17 09:02:34.734 [info] > git rev-parse --show-toplevel [0ms]
2024-03-17 09:02:34.737 [info] > git rev-parse --show-toplevel [0ms]
2024-03-17 09:02:34.740 [info] > git rev-parse --show-toplevel [0ms]
2024-03-17 09:02:34.744 [info] > git rev-parse --show-toplevel [1ms]
2024-03-17 09:02:34.747 [info] > git rev-parse --show-toplevel [1ms]
2024-03-17 09:02:34.750 [info] > git rev-parse --show-toplevel [1ms]
2024-03-17 09:02:34.753 [info] > git rev-parse --show-toplevel [0ms]
2024-03-17 09:02:34.756 [info] > git rev-parse --show-toplevel [0ms]
2024-03-17 09:02:34.759 [info] > git rev-parse --show-toplevel [0ms]
2024-03-17 09:02:34.762 [info] > git rev-parse --show-toplevel [0ms]
2024-03-17 09:02:34.766 [info] > git rev-parse --show-toplevel [1ms]
2024-03-17 09:02:34.769 [info] > git rev-parse --show-toplevel [1ms]
2024-03-17 09:02:35.047 [info] > git check-ignore -v -z --stdin [9ms]
2024-03-17 09:02:35.086 [info] > git show --textconv :wiki-wayland-0.97beta.md [6ms]
2024-03-17 09:02:35.088 [info] > git ls-files --stage -- /run/media/n30/nvme_chivos/.dotfiles/wiki-wayland-0.97beta.md [3ms]
2024-03-17 09:02:35.092 [info] > git cat-file -s f872a935c0386653714b6aadac6cc467b93c2719 [0ms]
2024-03-17 09:02:37.239 [info] > git config --get commit.template [15ms]
2024-03-17 09:02:37.239 [info] > git for-each-ref --format=%(refname)%00%(upstream:short)%00%(objectname)%00%(upstream:track)%00%(upstream:remotename)%00%(upstream:remoteref) refs/heads/main refs/remotes/main [1ms]
2024-03-17 09:02:37.287 [info] > git status -z -uall [40ms]
2024-03-17 09:38:09.863 [info] > git config --get commit.template [5ms]
2024-03-17 09:38:09.863 [info] > git for-each-ref --format=%(refname)%00%(upstream:short)%00%(objectname)%00%(upstream:track)%00%(upstream:remotename)%00%(upstream:remoteref) refs/heads/main refs/remotes/main [1ms]
2024-03-17 09:38:09.888 [info] > git status -z -uall [19ms]
2024-03-17 09:38:14.924 [info] > git config --get commit.template [9ms]
2024-03-17 09:38:14.925 [info] > git for-each-ref --format=%(refname)%00%(upstream:short)%00%(objectname)%00%(upstream:track)%00%(upstream:remotename)%00%(upstream:remoteref) refs/heads/main refs/remotes/main [2ms]
2024-03-17 09:38:14.959 [info] > git status -z -uall [25ms]
2024-03-17 10:00:49.748 [info] > git config --get commit.template [5ms]
2024-03-17 10:00:49.748 [info] > git for-each-ref --format=%(refname)%00%(upstream:short)%00%(objectname)%00%(upstream:track)%00%(upstream:remotename)%00%(upstream:remoteref) refs/heads/main refs/remotes/main [1ms]
2024-03-17 10:00:49.770 [info] > git status -z -uall [19ms]
2024-03-17 11:47:15.896 [info] > git config --get commit.template [4ms]
2024-03-17 11:47:15.897 [info] > git for-each-ref --format=%(refname)%00%(upstream:short)%00%(objectname)%00%(upstream:track)%00%(upstream:remotename)%00%(upstream:remoteref) refs/heads/main refs/remotes/main [1ms]
2024-03-17 11:47:15.922 [info] > git status -z -uall [22ms]
2024-03-17 11:47:28.366 [info] > git config --get commit.template [2ms]
2024-03-17 11:47:28.373 [info] > git for-each-ref --format=%(refname)%00%(upstream:short)%00%(objectname)%00%(upstream:track)%00%(upstream:remotename)%00%(upstream:remoteref) refs/heads/main refs/remotes/main [1ms]
2024-03-17 11:47:28.398 [info] > git status -z -uall [20ms]
2024-03-17 12:35:25.039 [info] > git for-each-ref --format=%(refname)%00%(upstream:short)%00%(objectname)%00%(upstream:track)%00%(upstream:remotename)%00%(upstream:remoteref) refs/heads/main refs/remotes/main [2ms]
2024-03-17 12:35:25.039 [info] > git config --get commit.template [14ms]
2024-03-17 12:35:25.086 [info] > git status -z -uall [39ms]
2024-03-17 12:35:30.115 [info] > git config --get commit.template [4ms]
2024-03-17 12:35:30.116 [info] > git for-each-ref --format=%(refname)%00%(upstream:short)%00%(objectname)%00%(upstream:track)%00%(upstream:remotename)%00%(upstream:remoteref) refs/heads/main refs/remotes/main [2ms]
2024-03-17 12:35:30.140 [info] > git status -z -uall [20ms]
2024-03-17 12:35:35.169 [info] > git config --get commit.template [7ms]
2024-03-17 12:35:35.169 [info] > git for-each-ref --format=%(refname)%00%(upstream:short)%00%(objectname)%00%(upstream:track)%00%(upstream:remotename)%00%(upstream:remoteref) refs/heads/main refs/remotes/main [1ms]
2024-03-17 12:35:35.222 [info] > git status -z -uall [49ms]
2024-03-17 13:16:12.384 [info] > git config --get commit.template [6ms]
2024-03-17 13:16:12.384 [info] > git for-each-ref --format=%(refname)%00%(upstream:short)%00%(objectname)%00%(upstream:track)%00%(upstream:remotename)%00%(upstream:remoteref) refs/heads/main refs/remotes/main [1ms]
2024-03-17 13:16:12.415 [info] > git status -z -uall [26ms]
2024-03-17 13:37:18.590 [info] > git config --get commit.template [16ms]
2024-03-17 13:37:18.591 [info] > git for-each-ref --format=%(refname)%00%(upstream:short)%00%(objectname)%00%(upstream:track)%00%(upstream:remotename)%00%(upstream:remoteref) refs/heads/main refs/remotes/main [2ms]
2024-03-17 13:37:18.628 [info] > git status -z -uall [32ms]
2024-03-17 14:32:58.355 [info] > git config --get commit.template [1ms]
2024-03-17 14:32:58.363 [info] > git for-each-ref --format=%(refname)%00%(upstream:short)%00%(objectname)%00%(upstream:track)%00%(upstream:remotename)%00%(upstream:remoteref) refs/heads/main refs/remotes/main [0ms]
2024-03-17 14:32:58.389 [info] > git status -z -uall [23ms]
2024-03-17 15:38:54.553 [info] > git config --get commit.template [4ms]
2024-03-17 15:38:54.554 [info] > git for-each-ref --format=%(refname)%00%(upstream:short)%00%(objectname)%00%(upstream:track)%00%(upstream:remotename)%00%(upstream:remoteref) refs/heads/main refs/remotes/main [1ms]
2024-03-17 15:38:54.587 [info] > git status -z -uall [30ms]
2024-03-17 19:35:33.848 [info] > git config --get commit.template [7ms]
2024-03-17 19:35:33.849 [info] > git for-each-ref --format=%(refname)%00%(upstream:short)%00%(objectname)%00%(upstream:track)%00%(upstream:remotename)%00%(upstream:remoteref) refs/heads/main refs/remotes/main [1ms]
2024-03-17 19:35:33.901 [info] > git status -z -uall [47ms]
2024-03-17 21:02:23.210 [info] > git config --get commit.template [4ms]
2024-03-17 21:02:23.211 [info] > git for-each-ref --format=%(refname)%00%(upstream:short)%00%(objectname)%00%(upstream:track)%00%(upstream:remotename)%00%(upstream:remoteref) refs/heads/main refs/remotes/main [1ms]
2024-03-17 21:02:23.254 [info] > git status -z -uall [38ms]
2024-03-17 21:10:58.820 [info] > git config --get commit.template [5ms]
2024-03-17 21:10:58.820 [info] > git for-each-ref --format=%(refname)%00%(upstream:short)%00%(objectname)%00%(upstream:track)%00%(upstream:remotename)%00%(upstream:remoteref) refs/heads/main refs/remotes/main [1ms]
2024-03-17 21:10:58.846 [info] > git status -z -uall [21ms]
