2024-03-19 16:15:07.841 [info] Using settings sync service https://vscode-sync.trafficmanager.net/
2024-03-19 16:15:07.841 [info] Auto Sync is enabled.
2024-03-19 16:15:07.841 [info] Auto Sync: Suspended until auth token is available.
2024-03-19 16:15:08.005 [info] Deleting non existing profile from backup /home/n30/.config/Code/User/sync/extensions
2024-03-19 16:15:08.009 [info] Deleting non existing profile from backup /home/n30/.config/Code/User/sync/globalState
2024-03-19 16:15:08.031 [info] Deleting non existing profile from backup /home/n30/.config/Code/User/sync/keybindings
2024-03-19 16:15:08.101 [info] Deleting non existing profile from backup /home/n30/.config/Code/User/sync/profiles
2024-03-19 16:15:08.157 [info] Deleting non existing profile from backup /home/n30/.config/Code/User/sync/settings
2024-03-19 16:15:08.158 [info] Deleting non existing profile from backup /home/n30/.config/Code/User/sync/snippets
2024-03-19 16:15:08.158 [info] Deleting non existing profile from backup /home/n30/.config/Code/User/sync/tasks
2024-03-19 16:15:08.424 [info] Auto Sync: Triggered by Interval
2024-03-19 16:15:08.424 [info] Sync started.
2024-03-19 16:15:08.919 [info] Settings: Last sync resource does not exist locally.
2024-03-19 16:15:09.210 [info] Settings: No changes found during synchronizing settings.
2024-03-19 16:15:09.211 [info] Keybindings: Last sync resource does not exist locally.
2024-03-19 16:15:09.293 [info] Keybindings: No changes found during synchronizing keybindings.
2024-03-19 16:15:09.293 [info] Snippets: Last sync resource does not exist locally.
2024-03-19 16:15:09.369 [info] Snippets: No changes found during synchronizing snippets.
2024-03-19 16:15:09.370 [info] Tasks: Last sync resource does not exist locally.
2024-03-19 16:15:09.745 [info] Tasks: No changes found during synchronizing tasks.
2024-03-19 16:15:09.745 [info] GlobalState: Last sync resource does not exist locally.
2024-03-19 16:15:10.257 [info] GlobalState: Updated remote ui state. Updated: cpp.1.lastSessionDate,cpp.1.sessionCount,java.2.lastSessionDate,java.2.sessionCount,javascript.1.lastSessionDate,javascript.1.sessionCount,typescript.1.lastSessionDate,typescript.1.sessionCount,csharp.1.lastSessionDate,csharp.1.sessionCount.
2024-03-19 16:15:10.262 [info] GlobalState: Updated last synchronized ui state
2024-03-19 16:15:10.265 [info] Extensions: Last sync resource does not exist locally.
2024-03-19 16:15:10.375 [info] Extensions: No changes found during synchronizing extensions.
2024-03-19 16:15:10.375 [info] Profiles: Last sync resource does not exist locally.
2024-03-19 16:15:10.444 [info] Profiles: No changes found during synchronizing profiles.
2024-03-19 16:15:10.444 [info] Sync done. Took 2020ms
2024-03-19 16:15:22.835 [info] Auto Sync: Triggered by Activity
2024-03-19 16:15:22.835 [info] Sync started.
2024-03-19 16:15:22.905 [info] Settings: No changes found during synchronizing settings.
2024-03-19 16:15:22.906 [info] Keybindings: No changes found during synchronizing keybindings.
2024-03-19 16:15:22.907 [info] Snippets: No changes found during synchronizing snippets.
2024-03-19 16:15:22.908 [info] Tasks: No changes found during synchronizing tasks.
2024-03-19 16:15:22.910 [info] GlobalState: No changes found during synchronizing ui state.
2024-03-19 16:15:22.937 [info] Extensions: No changes found during synchronizing extensions.
2024-03-19 16:15:22.937 [info] Profiles: No changes found during synchronizing profiles.
2024-03-19 16:15:22.938 [info] Sync done. Took 103ms
2024-03-19 16:15:35.259 [info] Auto Sync: Triggered by Activity
2024-03-19 16:15:35.259 [info] Sync started.
2024-03-19 16:15:35.349 [info] Settings: No changes found during synchronizing settings.
2024-03-19 16:15:35.350 [info] Keybindings: No changes found during synchronizing keybindings.
2024-03-19 16:15:35.352 [info] Snippets: No changes found during synchronizing snippets.
2024-03-19 16:15:35.354 [info] Tasks: No changes found during synchronizing tasks.
2024-03-19 16:15:35.355 [info] GlobalState: No changes found during synchronizing ui state.
2024-03-19 16:15:35.398 [info] Extensions: No changes found during synchronizing extensions.
2024-03-19 16:15:35.398 [info] Profiles: No changes found during synchronizing profiles.
2024-03-19 16:15:35.399 [info] Sync done. Took 140ms
2024-03-19 16:15:53.484 [info] Auto Sync: Triggered by Activity
2024-03-19 16:15:53.484 [info] Sync started.
2024-03-19 16:15:53.561 [info] Settings: No changes found during synchronizing settings.
2024-03-19 16:15:53.563 [info] Keybindings: No changes found during synchronizing keybindings.
2024-03-19 16:15:53.564 [info] Snippets: No changes found during synchronizing snippets.
2024-03-19 16:15:53.565 [info] Tasks: No changes found during synchronizing tasks.
2024-03-19 16:15:53.568 [info] GlobalState: No changes found during synchronizing ui state.
2024-03-19 16:15:53.608 [info] Extensions: No changes found during synchronizing extensions.
2024-03-19 16:15:53.608 [info] Profiles: No changes found during synchronizing profiles.
2024-03-19 16:15:53.609 [info] Sync done. Took 125ms
2024-03-19 16:17:14.666 [info] Auto Sync: Triggered by Activity
2024-03-19 16:17:14.666 [info] Sync started.
2024-03-19 16:17:14.736 [info] Settings: No changes found during synchronizing settings.
2024-03-19 16:17:14.737 [info] Keybindings: No changes found during synchronizing keybindings.
2024-03-19 16:17:14.738 [info] Snippets: No changes found during synchronizing snippets.
2024-03-19 16:17:14.739 [info] Tasks: No changes found during synchronizing tasks.
2024-03-19 16:17:14.740 [info] GlobalState: No changes found during synchronizing ui state.
2024-03-19 16:17:14.785 [info] Extensions: No changes found during synchronizing extensions.
2024-03-19 16:17:14.785 [info] Profiles: No changes found during synchronizing profiles.
2024-03-19 16:17:14.785 [info] Sync done. Took 119ms
2024-03-19 16:22:14.795 [info] Auto Sync: Triggered by Interval
2024-03-19 16:22:14.796 [info] Sync started.
2024-03-19 16:22:15.065 [info] Settings: No changes found during synchronizing settings.
2024-03-19 16:22:15.065 [info] Keybindings: No changes found during synchronizing keybindings.
2024-03-19 16:22:15.066 [info] Snippets: No changes found during synchronizing snippets.
2024-03-19 16:22:15.067 [info] Tasks: No changes found during synchronizing tasks.
2024-03-19 16:22:15.069 [info] GlobalState: No changes found during synchronizing ui state.
2024-03-19 16:22:15.112 [info] Extensions: No changes found during synchronizing extensions.
2024-03-19 16:22:15.113 [info] Profiles: No changes found during synchronizing profiles.
2024-03-19 16:22:15.113 [info] Sync done. Took 319ms
2024-03-19 16:27:15.123 [info] Auto Sync: Triggered by Interval
2024-03-19 16:27:15.123 [info] Sync started.
2024-03-19 16:27:15.432 [info] Settings: No changes found during synchronizing settings.
2024-03-19 16:27:15.433 [info] Keybindings: No changes found during synchronizing keybindings.
2024-03-19 16:27:15.434 [info] Snippets: No changes found during synchronizing snippets.
2024-03-19 16:27:15.435 [info] Tasks: No changes found during synchronizing tasks.
2024-03-19 16:27:15.437 [info] GlobalState: No changes found during synchronizing ui state.
2024-03-19 16:27:15.472 [info] Extensions: No changes found during synchronizing extensions.
2024-03-19 16:27:15.475 [info] Profiles: No changes found during synchronizing profiles.
2024-03-19 16:27:15.476 [info] Sync done. Took 353ms
2024-03-19 16:32:15.484 [info] Auto Sync: Triggered by Interval
2024-03-19 16:32:15.484 [info] Sync started.
2024-03-19 16:32:15.758 [info] Settings: No changes found during synchronizing settings.
2024-03-19 16:32:15.760 [info] Keybindings: No changes found during synchronizing keybindings.
2024-03-19 16:32:15.761 [info] Snippets: No changes found during synchronizing snippets.
2024-03-19 16:32:15.763 [info] Tasks: No changes found during synchronizing tasks.
2024-03-19 16:32:15.765 [info] GlobalState: No changes found during synchronizing ui state.
2024-03-19 16:32:15.798 [info] Extensions: No changes found during synchronizing extensions.
2024-03-19 16:32:15.799 [info] Profiles: No changes found during synchronizing profiles.
2024-03-19 16:32:15.799 [info] Sync done. Took 315ms
2024-03-19 16:37:15.807 [info] Auto Sync: Triggered by Interval
2024-03-19 16:37:15.808 [info] Sync started.
2024-03-19 16:37:16.079 [info] Settings: No changes found during synchronizing settings.
2024-03-19 16:37:16.082 [info] Keybindings: No changes found during synchronizing keybindings.
2024-03-19 16:37:16.084 [info] Snippets: No changes found during synchronizing snippets.
2024-03-19 16:37:16.085 [info] Tasks: No changes found during synchronizing tasks.
2024-03-19 16:37:16.089 [info] GlobalState: No changes found during synchronizing ui state.
2024-03-19 16:37:16.126 [info] Extensions: No changes found during synchronizing extensions.
2024-03-19 16:37:16.127 [info] Profiles: No changes found during synchronizing profiles.
2024-03-19 16:37:16.127 [info] Sync done. Took 320ms
2024-03-19 16:42:16.134 [info] Auto Sync: Triggered by Interval
2024-03-19 16:42:16.134 [info] Sync started.
2024-03-19 16:42:16.423 [info] Settings: No changes found during synchronizing settings.
2024-03-19 16:42:16.429 [info] Keybindings: No changes found during synchronizing keybindings.
2024-03-19 16:42:16.433 [info] Snippets: No changes found during synchronizing snippets.
2024-03-19 16:42:16.436 [info] Tasks: No changes found during synchronizing tasks.
2024-03-19 16:42:16.441 [info] GlobalState: No changes found during synchronizing ui state.
2024-03-19 16:42:16.481 [info] Extensions: No changes found during synchronizing extensions.
2024-03-19 16:42:16.482 [info] Profiles: No changes found during synchronizing profiles.
2024-03-19 16:42:16.483 [info] Sync done. Took 349ms
2024-03-19 16:47:16.486 [info] Auto Sync: Triggered by Interval
2024-03-19 16:47:16.487 [info] Sync started.
2024-03-19 16:47:16.759 [info] Settings: No changes found during synchronizing settings.
2024-03-19 16:47:16.760 [info] Keybindings: No changes found during synchronizing keybindings.
2024-03-19 16:47:16.760 [info] Snippets: No changes found during synchronizing snippets.
2024-03-19 16:47:16.761 [info] Tasks: No changes found during synchronizing tasks.
2024-03-19 16:47:16.763 [info] GlobalState: No changes found during synchronizing ui state.
2024-03-19 16:47:16.796 [info] Extensions: No changes found during synchronizing extensions.
2024-03-19 16:47:16.797 [info] Profiles: No changes found during synchronizing profiles.
2024-03-19 16:47:16.797 [info] Sync done. Took 311ms
2024-03-19 16:52:16.805 [info] Auto Sync: Triggered by Interval
2024-03-19 16:52:16.806 [info] Sync started.
2024-03-19 16:52:17.104 [info] Settings: No changes found during synchronizing settings.
2024-03-19 16:52:17.106 [info] Keybindings: No changes found during synchronizing keybindings.
2024-03-19 16:52:17.109 [info] Snippets: No changes found during synchronizing snippets.
2024-03-19 16:52:17.111 [info] Tasks: No changes found during synchronizing tasks.
2024-03-19 16:52:17.117 [info] GlobalState: No changes found during synchronizing ui state.
2024-03-19 16:52:17.177 [info] Extensions: No changes found during synchronizing extensions.
2024-03-19 16:52:17.177 [info] Profiles: No changes found during synchronizing profiles.
2024-03-19 16:52:17.178 [info] Sync done. Took 373ms
