2024-03-13 15:13:52.462 [info] Log level: Info
2024-03-13 15:13:52.462 [info] Validating found git in: "git"
2024-03-13 15:13:52.462 [info] Using git "2.44.0" from "git"
2024-03-13 15:13:52.462 [info] > git rev-parse --show-toplevel [2ms]
2024-03-13 15:13:52.462 [info] > git rev-parse --git-dir --git-common-dir [72ms]
2024-03-13 15:13:52.462 [info] Open repository: /run/media/n30/nvme_chivos/.dotfiles
2024-03-13 15:13:52.473 [info] > git rev-parse --show-toplevel [4ms]
2024-03-13 15:13:52.473 [info] > git config --get commit.template [8ms]
2024-03-13 15:13:52.483 [info] > git rev-parse --show-toplevel [5ms]
2024-03-13 15:13:52.488 [info] > git rev-parse --show-toplevel [1ms]
2024-03-13 15:13:52.488 [info] > git for-each-ref --format=%(refname)%00%(upstream:short)%00%(objectname)%00%(upstream:track)%00%(upstream:remotename)%00%(upstream:remoteref) refs/heads/main refs/remotes/main [6ms]
2024-03-13 15:13:52.517 [info] > git rev-parse --show-toplevel [3ms]
2024-03-13 15:13:52.524 [info] > git rev-parse --show-toplevel [4ms]
2024-03-13 15:13:52.534 [info] > git status -z -uall [43ms]
2024-03-13 15:13:52.535 [info] > git rev-parse --show-toplevel [4ms]
2024-03-13 15:13:52.622 [info] > git rev-parse --show-toplevel [84ms]
2024-03-13 15:13:52.627 [info] > git config --get commit.template [5ms]
2024-03-13 15:13:52.628 [info] > git rev-parse --show-toplevel [2ms]
2024-03-13 15:13:52.640 [info] > git for-each-ref --format=%(refname)%00%(upstream:short)%00%(objectname)%00%(upstream:track)%00%(upstream:remotename)%00%(upstream:remoteref) refs/heads/main refs/remotes/main [8ms]
2024-03-13 15:13:52.645 [info] > git rev-parse --show-toplevel [8ms]
2024-03-13 15:13:52.652 [info] > git rev-parse --show-toplevel [2ms]
2024-03-13 15:13:52.657 [info] > git rev-parse --show-toplevel [1ms]
2024-03-13 15:13:52.662 [info] > git rev-parse --show-toplevel [1ms]
2024-03-13 15:13:52.668 [info] > git status -z -uall [24ms]
2024-03-13 15:13:52.668 [info] > git rev-parse --show-toplevel [1ms]
2024-03-13 15:13:52.684 [info] > git rev-parse --show-toplevel [1ms]
2024-03-13 15:13:52.689 [info] > git rev-parse --show-toplevel [1ms]
2024-03-13 15:13:52.693 [info] > git rev-parse --show-toplevel [1ms]
2024-03-13 15:13:52.696 [info] > git rev-parse --show-toplevel [0ms]
2024-03-13 15:13:52.700 [info] > git rev-parse --show-toplevel [0ms]
2024-03-13 15:13:52.705 [info] > git rev-parse --show-toplevel [0ms]
2024-03-13 15:13:52.708 [info] > git rev-parse --show-toplevel [0ms]
2024-03-13 15:13:52.712 [info] > git rev-parse --show-toplevel [1ms]
2024-03-13 15:13:52.715 [info] > git rev-parse --show-toplevel [0ms]
2024-03-13 15:13:52.719 [info] > git rev-parse --show-toplevel [1ms]
2024-03-13 15:13:52.722 [info] > git rev-parse --show-toplevel [0ms]
2024-03-13 15:13:52.725 [info] > git rev-parse --show-toplevel [0ms]
2024-03-13 15:13:52.729 [info] > git rev-parse --show-toplevel [1ms]
2024-03-13 15:13:52.732 [info] > git rev-parse --show-toplevel [0ms]
2024-03-13 15:13:52.736 [info] > git rev-parse --show-toplevel [1ms]
2024-03-13 15:13:52.739 [info] > git rev-parse --show-toplevel [1ms]
2024-03-13 15:13:52.743 [info] > git rev-parse --show-toplevel [1ms]
2024-03-13 15:13:52.747 [info] > git rev-parse --show-toplevel [0ms]
2024-03-13 15:13:52.752 [info] > git rev-parse --show-toplevel [1ms]
2024-03-13 15:13:52.757 [info] > git rev-parse --show-toplevel [1ms]
2024-03-13 15:13:52.763 [info] > git rev-parse --show-toplevel [1ms]
2024-03-13 15:13:52.768 [info] > git rev-parse --show-toplevel [0ms]
2024-03-13 15:13:52.844 [info] > git rev-parse --show-toplevel [71ms]
2024-03-13 15:13:52.856 [info] > git rev-parse --show-toplevel [8ms]
2024-03-13 15:13:52.860 [info] > git rev-parse --show-toplevel [0ms]
2024-03-13 15:13:52.865 [info] > git rev-parse --show-toplevel [1ms]
2024-03-13 15:13:52.872 [info] > git show --textconv :wiki-wayland-0.97beta.md [4ms]
2024-03-13 15:13:52.873 [info] > git ls-files --stage -- /run/media/n30/nvme_chivos/.dotfiles/wiki-wayland-0.97beta.md [2ms]
2024-03-13 15:13:52.876 [info] > git cat-file -s f872a935c0386653714b6aadac6cc467b93c2719 [0ms]
2024-03-13 15:13:52.982 [info] > git check-ignore -v -z --stdin [4ms]
2024-03-13 15:14:01.726 [info] > git config --get commit.template [7ms]
2024-03-13 15:14:01.727 [info] > git for-each-ref --format=%(refname)%00%(upstream:short)%00%(objectname)%00%(upstream:track)%00%(upstream:remotename)%00%(upstream:remoteref) refs/heads/main refs/remotes/main [4ms]
2024-03-13 15:14:01.758 [info] > git status -z -uall [22ms]
2024-03-13 15:14:06.780 [info] > git config --get commit.template [3ms]
2024-03-13 15:14:06.780 [info] > git for-each-ref --format=%(refname)%00%(upstream:short)%00%(objectname)%00%(upstream:track)%00%(upstream:remotename)%00%(upstream:remoteref) refs/heads/main refs/remotes/main [0ms]
2024-03-13 15:14:06.803 [info] > git status -z -uall [20ms]
2024-03-13 15:14:11.818 [info] > git config --get commit.template [1ms]
2024-03-13 15:14:11.822 [info] > git for-each-ref --format=%(refname)%00%(upstream:short)%00%(objectname)%00%(upstream:track)%00%(upstream:remotename)%00%(upstream:remoteref) refs/heads/main refs/remotes/main [1ms]
2024-03-13 15:14:11.848 [info] > git status -z -uall [22ms]
2024-03-13 15:14:15.584 [info] > git config --get commit.template [4ms]
2024-03-13 15:14:15.585 [info] > git for-each-ref --format=%(refname)%00%(upstream:short)%00%(objectname)%00%(upstream:track)%00%(upstream:remotename)%00%(upstream:remoteref) refs/heads/main refs/remotes/main [1ms]
2024-03-13 15:14:15.609 [info] > git status -z -uall [21ms]
2024-03-13 15:34:16.298 [info] > git config --get commit.template [5ms]
2024-03-13 15:34:16.299 [info] > git for-each-ref --format=%(refname)%00%(upstream:short)%00%(objectname)%00%(upstream:track)%00%(upstream:remotename)%00%(upstream:remoteref) refs/heads/main refs/remotes/main [1ms]
2024-03-13 15:34:16.326 [info] > git status -z -uall [23ms]
2024-03-13 15:47:13.874 [info] > git config --get commit.template [1ms]
2024-03-13 15:47:13.878 [info] > git for-each-ref --format=%(refname)%00%(upstream:short)%00%(objectname)%00%(upstream:track)%00%(upstream:remotename)%00%(upstream:remoteref) refs/heads/main refs/remotes/main [1ms]
2024-03-13 15:47:13.905 [info] > git status -z -uall [24ms]
2024-03-13 15:48:20.158 [info] > git config --get commit.template [1ms]
2024-03-13 15:48:20.163 [info] > git for-each-ref --format=%(refname)%00%(upstream:short)%00%(objectname)%00%(upstream:track)%00%(upstream:remotename)%00%(upstream:remoteref) refs/heads/main refs/remotes/main [1ms]
2024-03-13 15:48:20.191 [info] > git status -z -uall [24ms]
2024-03-13 15:49:00.669 [info] > git config --get commit.template [6ms]
2024-03-13 15:49:00.669 [info] > git for-each-ref --format=%(refname)%00%(upstream:short)%00%(objectname)%00%(upstream:track)%00%(upstream:remotename)%00%(upstream:remoteref) refs/heads/main refs/remotes/main [1ms]
2024-03-13 15:49:00.694 [info] > git status -z -uall [20ms]
2024-03-13 15:49:05.733 [info] > git config --get commit.template [8ms]
2024-03-13 15:49:05.733 [info] > git for-each-ref --format=%(refname)%00%(upstream:short)%00%(objectname)%00%(upstream:track)%00%(upstream:remotename)%00%(upstream:remoteref) refs/heads/main refs/remotes/main [0ms]
2024-03-13 15:49:05.765 [info] > git status -z -uall [27ms]
2024-03-13 15:49:10.788 [info] > git config --get commit.template [4ms]
2024-03-13 15:49:10.788 [info] > git for-each-ref --format=%(refname)%00%(upstream:short)%00%(objectname)%00%(upstream:track)%00%(upstream:remotename)%00%(upstream:remoteref) refs/heads/main refs/remotes/main [0ms]
2024-03-13 15:49:10.811 [info] > git status -z -uall [20ms]
2024-03-13 15:49:15.834 [info] > git config --get commit.template [4ms]
2024-03-13 15:49:15.835 [info] > git for-each-ref --format=%(refname)%00%(upstream:short)%00%(objectname)%00%(upstream:track)%00%(upstream:remotename)%00%(upstream:remoteref) refs/heads/main refs/remotes/main [1ms]
2024-03-13 15:49:15.864 [info] > git status -z -uall [25ms]
2024-03-13 15:49:20.889 [info] > git config --get commit.template [2ms]
2024-03-13 15:49:20.896 [info] > git for-each-ref --format=%(refname)%00%(upstream:short)%00%(objectname)%00%(upstream:track)%00%(upstream:remotename)%00%(upstream:remoteref) refs/heads/main refs/remotes/main [2ms]
2024-03-13 15:49:20.924 [info] > git status -z -uall [23ms]
2024-03-13 15:49:25.962 [info] > git config --get commit.template [12ms]
2024-03-13 15:49:25.963 [info] > git for-each-ref --format=%(refname)%00%(upstream:short)%00%(objectname)%00%(upstream:track)%00%(upstream:remotename)%00%(upstream:remoteref) refs/heads/main refs/remotes/main [2ms]
2024-03-13 15:49:26.017 [info] > git status -z -uall [39ms]
2024-03-13 15:49:31.047 [info] > git config --get commit.template [4ms]
2024-03-13 15:49:31.047 [info] > git for-each-ref --format=%(refname)%00%(upstream:short)%00%(objectname)%00%(upstream:track)%00%(upstream:remotename)%00%(upstream:remoteref) refs/heads/main refs/remotes/main [1ms]
2024-03-13 15:49:31.082 [info] > git status -z -uall [32ms]
2024-03-13 15:49:36.119 [info] > git config --get commit.template [3ms]
2024-03-13 15:49:36.132 [info] > git for-each-ref --format=%(refname)%00%(upstream:short)%00%(objectname)%00%(upstream:track)%00%(upstream:remotename)%00%(upstream:remoteref) refs/heads/main refs/remotes/main [2ms]
2024-03-13 15:49:36.165 [info] > git status -z -uall [28ms]
2024-03-13 15:49:41.198 [info] > git config --get commit.template [6ms]
2024-03-13 15:49:41.198 [info] > git for-each-ref --format=%(refname)%00%(upstream:short)%00%(objectname)%00%(upstream:track)%00%(upstream:remotename)%00%(upstream:remoteref) refs/heads/main refs/remotes/main [1ms]
2024-03-13 15:49:41.232 [info] > git status -z -uall [28ms]
2024-03-13 15:49:46.263 [info] > git config --get commit.template [8ms]
2024-03-13 15:49:46.264 [info] > git for-each-ref --format=%(refname)%00%(upstream:short)%00%(objectname)%00%(upstream:track)%00%(upstream:remotename)%00%(upstream:remoteref) refs/heads/main refs/remotes/main [2ms]
2024-03-13 15:49:46.306 [info] > git status -z -uall [30ms]
2024-03-13 15:49:51.336 [info] > git config --get commit.template [6ms]
2024-03-13 15:49:51.336 [info] > git for-each-ref --format=%(refname)%00%(upstream:short)%00%(objectname)%00%(upstream:track)%00%(upstream:remotename)%00%(upstream:remoteref) refs/heads/main refs/remotes/main [1ms]
2024-03-13 15:49:51.359 [info] > git status -z -uall [19ms]
2024-03-13 15:49:56.382 [info] > git config --get commit.template [4ms]
2024-03-13 15:49:56.383 [info] > git for-each-ref --format=%(refname)%00%(upstream:short)%00%(objectname)%00%(upstream:track)%00%(upstream:remotename)%00%(upstream:remoteref) refs/heads/main refs/remotes/main [1ms]
2024-03-13 15:49:56.407 [info] > git status -z -uall [19ms]
2024-03-13 15:50:01.435 [info] > git config --get commit.template [2ms]
2024-03-13 15:50:01.447 [info] > git for-each-ref --format=%(refname)%00%(upstream:short)%00%(objectname)%00%(upstream:track)%00%(upstream:remotename)%00%(upstream:remoteref) refs/heads/main refs/remotes/main [1ms]
2024-03-13 15:50:01.478 [info] > git status -z -uall [27ms]
2024-03-13 15:50:06.510 [info] > git config --get commit.template [5ms]
2024-03-13 15:50:06.511 [info] > git for-each-ref --format=%(refname)%00%(upstream:short)%00%(objectname)%00%(upstream:track)%00%(upstream:remotename)%00%(upstream:remoteref) refs/heads/main refs/remotes/main [1ms]
2024-03-13 15:50:06.538 [info] > git status -z -uall [24ms]
2024-03-13 15:50:11.573 [info] > git config --get commit.template [10ms]
2024-03-13 15:50:11.574 [info] > git for-each-ref --format=%(refname)%00%(upstream:short)%00%(objectname)%00%(upstream:track)%00%(upstream:remotename)%00%(upstream:remoteref) refs/heads/main refs/remotes/main [1ms]
2024-03-13 15:50:11.606 [info] > git status -z -uall [22ms]
2024-03-13 15:50:16.632 [info] > git config --get commit.template [3ms]
2024-03-13 15:50:16.637 [info] > git for-each-ref --format=%(refname)%00%(upstream:short)%00%(objectname)%00%(upstream:track)%00%(upstream:remotename)%00%(upstream:remoteref) refs/heads/main refs/remotes/main [0ms]
2024-03-13 15:50:16.666 [info] > git status -z -uall [25ms]
2024-03-13 15:50:21.700 [info] > git config --get commit.template [0ms]
2024-03-13 15:50:21.704 [info] > git for-each-ref --format=%(refname)%00%(upstream:short)%00%(objectname)%00%(upstream:track)%00%(upstream:remotename)%00%(upstream:remoteref) refs/heads/main refs/remotes/main [0ms]
2024-03-13 15:50:21.729 [info] > git status -z -uall [22ms]
2024-03-13 15:50:26.761 [info] > git config --get commit.template [9ms]
2024-03-13 15:50:26.761 [info] > git for-each-ref --format=%(refname)%00%(upstream:short)%00%(objectname)%00%(upstream:track)%00%(upstream:remotename)%00%(upstream:remoteref) refs/heads/main refs/remotes/main [1ms]
2024-03-13 15:50:26.790 [info] > git status -z -uall [25ms]
2024-03-13 15:50:31.821 [info] > git config --get commit.template [1ms]
2024-03-13 15:50:31.830 [info] > git for-each-ref --format=%(refname)%00%(upstream:short)%00%(objectname)%00%(upstream:track)%00%(upstream:remotename)%00%(upstream:remoteref) refs/heads/main refs/remotes/main [1ms]
2024-03-13 15:50:31.856 [info] > git status -z -uall [21ms]
2024-03-13 15:50:36.881 [info] > git config --get commit.template [3ms]
2024-03-13 15:50:36.881 [info] > git for-each-ref --format=%(refname)%00%(upstream:short)%00%(objectname)%00%(upstream:track)%00%(upstream:remotename)%00%(upstream:remoteref) refs/heads/main refs/remotes/main [1ms]
2024-03-13 15:50:36.910 [info] > git status -z -uall [26ms]
2024-03-13 15:50:41.934 [info] > git config --get commit.template [3ms]
2024-03-13 15:50:41.934 [info] > git for-each-ref --format=%(refname)%00%(upstream:short)%00%(objectname)%00%(upstream:track)%00%(upstream:remotename)%00%(upstream:remoteref) refs/heads/main refs/remotes/main [0ms]
2024-03-13 15:50:41.971 [info] > git status -z -uall [33ms]
2024-03-13 15:50:47.001 [info] > git config --get commit.template [7ms]
2024-03-13 15:50:47.001 [info] > git for-each-ref --format=%(refname)%00%(upstream:short)%00%(objectname)%00%(upstream:track)%00%(upstream:remotename)%00%(upstream:remoteref) refs/heads/main refs/remotes/main [0ms]
2024-03-13 15:50:47.026 [info] > git status -z -uall [22ms]
2024-03-13 15:50:52.056 [info] > git config --get commit.template [5ms]
2024-03-13 15:50:52.057 [info] > git for-each-ref --format=%(refname)%00%(upstream:short)%00%(objectname)%00%(upstream:track)%00%(upstream:remotename)%00%(upstream:remoteref) refs/heads/main refs/remotes/main [1ms]
2024-03-13 15:50:52.087 [info] > git status -z -uall [27ms]
2024-03-13 15:50:57.131 [info] > git config --get commit.template [14ms]
2024-03-13 15:50:57.133 [info] > git for-each-ref --format=%(refname)%00%(upstream:short)%00%(objectname)%00%(upstream:track)%00%(upstream:remotename)%00%(upstream:remoteref) refs/heads/main refs/remotes/main [3ms]
2024-03-13 15:50:57.174 [info] > git status -z -uall [30ms]
2024-03-13 15:51:02.205 [info] > git config --get commit.template [8ms]
2024-03-13 15:51:02.205 [info] > git for-each-ref --format=%(refname)%00%(upstream:short)%00%(objectname)%00%(upstream:track)%00%(upstream:remotename)%00%(upstream:remoteref) refs/heads/main refs/remotes/main [0ms]
2024-03-13 15:51:02.239 [info] > git status -z -uall [30ms]
2024-03-13 15:51:07.265 [info] > git config --get commit.template [4ms]
2024-03-13 15:51:07.265 [info] > git for-each-ref --format=%(refname)%00%(upstream:short)%00%(objectname)%00%(upstream:track)%00%(upstream:remotename)%00%(upstream:remoteref) refs/heads/main refs/remotes/main [0ms]
2024-03-13 15:51:07.297 [info] > git status -z -uall [27ms]
2024-03-13 15:51:12.325 [info] > git config --get commit.template [3ms]
2024-03-13 15:51:12.335 [info] > git for-each-ref --format=%(refname)%00%(upstream:short)%00%(objectname)%00%(upstream:track)%00%(upstream:remotename)%00%(upstream:remoteref) refs/heads/main refs/remotes/main [2ms]
2024-03-13 15:51:12.363 [info] > git status -z -uall [24ms]
2024-03-13 15:51:17.385 [info] > git config --get commit.template [3ms]
2024-03-13 15:51:17.386 [info] > git for-each-ref --format=%(refname)%00%(upstream:short)%00%(objectname)%00%(upstream:track)%00%(upstream:remotename)%00%(upstream:remoteref) refs/heads/main refs/remotes/main [1ms]
2024-03-13 15:51:17.427 [info] > git status -z -uall [36ms]
2024-03-13 15:51:22.458 [info] > git config --get commit.template [2ms]
2024-03-13 15:51:22.474 [info] > git for-each-ref --format=%(refname)%00%(upstream:short)%00%(objectname)%00%(upstream:track)%00%(upstream:remotename)%00%(upstream:remoteref) refs/heads/main refs/remotes/main [2ms]
2024-03-13 15:51:22.509 [info] > git status -z -uall [27ms]
2024-03-13 15:51:27.539 [info] > git config --get commit.template [1ms]
2024-03-13 15:51:27.548 [info] > git for-each-ref --format=%(refname)%00%(upstream:short)%00%(objectname)%00%(upstream:track)%00%(upstream:remotename)%00%(upstream:remoteref) refs/heads/main refs/remotes/main [3ms]
2024-03-13 15:51:27.581 [info] > git status -z -uall [29ms]
2024-03-13 15:51:32.607 [info] > git config --get commit.template [5ms]
2024-03-13 15:51:32.607 [info] > git for-each-ref --format=%(refname)%00%(upstream:short)%00%(objectname)%00%(upstream:track)%00%(upstream:remotename)%00%(upstream:remoteref) refs/heads/main refs/remotes/main [1ms]
2024-03-13 15:51:32.635 [info] > git status -z -uall [24ms]
2024-03-13 15:51:37.665 [info] > git config --get commit.template [5ms]
2024-03-13 15:51:37.665 [info] > git for-each-ref --format=%(refname)%00%(upstream:short)%00%(objectname)%00%(upstream:track)%00%(upstream:remotename)%00%(upstream:remoteref) refs/heads/main refs/remotes/main [1ms]
2024-03-13 15:51:37.693 [info] > git status -z -uall [20ms]
2024-03-13 15:51:42.726 [info] > git config --get commit.template [10ms]
2024-03-13 15:51:42.726 [info] > git for-each-ref --format=%(refname)%00%(upstream:short)%00%(objectname)%00%(upstream:track)%00%(upstream:remotename)%00%(upstream:remoteref) refs/heads/main refs/remotes/main [0ms]
2024-03-13 15:51:42.768 [info] > git status -z -uall [36ms]
2024-03-13 15:51:47.805 [info] > git config --get commit.template [1ms]
2024-03-13 15:51:47.814 [info] > git for-each-ref --format=%(refname)%00%(upstream:short)%00%(objectname)%00%(upstream:track)%00%(upstream:remotename)%00%(upstream:remoteref) refs/heads/main refs/remotes/main [1ms]
2024-03-13 15:51:47.837 [info] > git status -z -uall [20ms]
2024-03-13 15:51:52.860 [info] > git config --get commit.template [2ms]
2024-03-13 15:51:52.866 [info] > git for-each-ref --format=%(refname)%00%(upstream:short)%00%(objectname)%00%(upstream:track)%00%(upstream:remotename)%00%(upstream:remoteref) refs/heads/main refs/remotes/main [1ms]
2024-03-13 15:51:52.908 [info] > git status -z -uall [37ms]
2024-03-13 15:51:57.935 [info] > git config --get commit.template [5ms]
2024-03-13 15:51:57.936 [info] > git for-each-ref --format=%(refname)%00%(upstream:short)%00%(objectname)%00%(upstream:track)%00%(upstream:remotename)%00%(upstream:remoteref) refs/heads/main refs/remotes/main [1ms]
2024-03-13 15:51:57.960 [info] > git status -z -uall [20ms]
2024-03-13 15:52:02.984 [info] > git config --get commit.template [5ms]
2024-03-13 15:52:02.985 [info] > git for-each-ref --format=%(refname)%00%(upstream:short)%00%(objectname)%00%(upstream:track)%00%(upstream:remotename)%00%(upstream:remoteref) refs/heads/main refs/remotes/main [1ms]
2024-03-13 15:52:03.066 [info] > git status -z -uall [77ms]
2024-03-13 15:52:08.097 [info] > git config --get commit.template [5ms]
2024-03-13 15:52:08.099 [info] > git for-each-ref --format=%(refname)%00%(upstream:short)%00%(objectname)%00%(upstream:track)%00%(upstream:remotename)%00%(upstream:remoteref) refs/heads/main refs/remotes/main [2ms]
2024-03-13 15:52:08.138 [info] > git status -z -uall [28ms]
2024-03-13 15:52:13.165 [info] > git config --get commit.template [6ms]
2024-03-13 15:52:13.168 [info] > git for-each-ref --format=%(refname)%00%(upstream:short)%00%(objectname)%00%(upstream:track)%00%(upstream:remotename)%00%(upstream:remoteref) refs/heads/main refs/remotes/main [2ms]
2024-03-13 15:52:13.196 [info] > git status -z -uall [21ms]
2024-03-13 15:52:18.240 [info] > git config --get commit.template [14ms]
2024-03-13 15:52:18.242 [info] > git for-each-ref --format=%(refname)%00%(upstream:short)%00%(objectname)%00%(upstream:track)%00%(upstream:remotename)%00%(upstream:remoteref) refs/heads/main refs/remotes/main [3ms]
2024-03-13 15:52:18.292 [info] > git status -z -uall [40ms]
2024-03-13 15:52:23.322 [info] > git config --get commit.template [6ms]
2024-03-13 15:52:23.323 [info] > git for-each-ref --format=%(refname)%00%(upstream:short)%00%(objectname)%00%(upstream:track)%00%(upstream:remotename)%00%(upstream:remoteref) refs/heads/main refs/remotes/main [3ms]
2024-03-13 15:52:23.350 [info] > git status -z -uall [21ms]
2024-03-13 15:52:28.379 [info] > git config --get commit.template [9ms]
2024-03-13 15:52:28.380 [info] > git for-each-ref --format=%(refname)%00%(upstream:short)%00%(objectname)%00%(upstream:track)%00%(upstream:remotename)%00%(upstream:remoteref) refs/heads/main refs/remotes/main [2ms]
2024-03-13 15:52:28.406 [info] > git status -z -uall [22ms]
2024-03-13 15:52:33.429 [info] > git config --get commit.template [6ms]
2024-03-13 15:52:33.429 [info] > git for-each-ref --format=%(refname)%00%(upstream:short)%00%(objectname)%00%(upstream:track)%00%(upstream:remotename)%00%(upstream:remoteref) refs/heads/main refs/remotes/main [1ms]
2024-03-13 15:52:33.458 [info] > git status -z -uall [25ms]
2024-03-13 15:52:38.490 [info] > git config --get commit.template [10ms]
2024-03-13 15:52:38.490 [info] > git for-each-ref --format=%(refname)%00%(upstream:short)%00%(objectname)%00%(upstream:track)%00%(upstream:remotename)%00%(upstream:remoteref) refs/heads/main refs/remotes/main [0ms]
2024-03-13 15:52:38.518 [info] > git status -z -uall [21ms]
2024-03-13 15:52:43.544 [info] > git config --get commit.template [4ms]
2024-03-13 15:52:43.544 [info] > git for-each-ref --format=%(refname)%00%(upstream:short)%00%(objectname)%00%(upstream:track)%00%(upstream:remotename)%00%(upstream:remoteref) refs/heads/main refs/remotes/main [1ms]
2024-03-13 15:52:43.569 [info] > git status -z -uall [19ms]
2024-03-13 15:52:48.591 [info] > git config --get commit.template [4ms]
2024-03-13 15:52:48.591 [info] > git for-each-ref --format=%(refname)%00%(upstream:short)%00%(objectname)%00%(upstream:track)%00%(upstream:remotename)%00%(upstream:remoteref) refs/heads/main refs/remotes/main [1ms]
2024-03-13 15:52:48.619 [info] > git status -z -uall [25ms]
2024-03-13 15:52:53.640 [info] > git config --get commit.template [4ms]
2024-03-13 15:52:53.641 [info] > git for-each-ref --format=%(refname)%00%(upstream:short)%00%(objectname)%00%(upstream:track)%00%(upstream:remotename)%00%(upstream:remoteref) refs/heads/main refs/remotes/main [1ms]
2024-03-13 15:52:53.670 [info] > git status -z -uall [26ms]
2024-03-13 15:52:58.694 [info] > git config --get commit.template [5ms]
2024-03-13 15:52:58.694 [info] > git for-each-ref --format=%(refname)%00%(upstream:short)%00%(objectname)%00%(upstream:track)%00%(upstream:remotename)%00%(upstream:remoteref) refs/heads/main refs/remotes/main [1ms]
2024-03-13 15:52:58.728 [info] > git status -z -uall [30ms]
2024-03-13 15:53:03.754 [info] > git config --get commit.template [4ms]
2024-03-13 15:53:03.754 [info] > git for-each-ref --format=%(refname)%00%(upstream:short)%00%(objectname)%00%(upstream:track)%00%(upstream:remotename)%00%(upstream:remoteref) refs/heads/main refs/remotes/main [1ms]
2024-03-13 15:53:03.795 [info] > git status -z -uall [34ms]
2024-03-13 15:53:08.833 [info] > git config --get commit.template [11ms]
2024-03-13 15:53:08.834 [info] > git for-each-ref --format=%(refname)%00%(upstream:short)%00%(objectname)%00%(upstream:track)%00%(upstream:remotename)%00%(upstream:remoteref) refs/heads/main refs/remotes/main [2ms]
2024-03-13 15:53:08.866 [info] > git status -z -uall [24ms]
2024-03-13 15:53:13.887 [info] > git config --get commit.template [4ms]
2024-03-13 15:53:13.888 [info] > git for-each-ref --format=%(refname)%00%(upstream:short)%00%(objectname)%00%(upstream:track)%00%(upstream:remotename)%00%(upstream:remoteref) refs/heads/main refs/remotes/main [1ms]
2024-03-13 15:53:13.923 [info] > git status -z -uall [32ms]
2024-03-13 15:53:18.970 [info] > git config --get commit.template [10ms]
2024-03-13 15:53:18.970 [info] > git for-each-ref --format=%(refname)%00%(upstream:short)%00%(objectname)%00%(upstream:track)%00%(upstream:remotename)%00%(upstream:remoteref) refs/heads/main refs/remotes/main [1ms]
2024-03-13 15:53:18.999 [info] > git status -z -uall [23ms]
2024-03-13 15:53:24.024 [info] > git config --get commit.template [6ms]
2024-03-13 15:53:24.025 [info] > git for-each-ref --format=%(refname)%00%(upstream:short)%00%(objectname)%00%(upstream:track)%00%(upstream:remotename)%00%(upstream:remoteref) refs/heads/main refs/remotes/main [1ms]
2024-03-13 15:53:24.054 [info] > git status -z -uall [25ms]
2024-03-13 15:53:29.083 [info] > git config --get commit.template [8ms]
2024-03-13 15:53:29.083 [info] > git for-each-ref --format=%(refname)%00%(upstream:short)%00%(objectname)%00%(upstream:track)%00%(upstream:remotename)%00%(upstream:remoteref) refs/heads/main refs/remotes/main [1ms]
2024-03-13 15:53:29.112 [info] > git status -z -uall [23ms]
2024-03-13 15:53:34.134 [info] > git config --get commit.template [3ms]
2024-03-13 15:53:34.135 [info] > git for-each-ref --format=%(refname)%00%(upstream:short)%00%(objectname)%00%(upstream:track)%00%(upstream:remotename)%00%(upstream:remoteref) refs/heads/main refs/remotes/main [1ms]
2024-03-13 15:53:34.166 [info] > git status -z -uall [25ms]
2024-03-13 15:53:39.199 [info] > git config --get commit.template [6ms]
2024-03-13 15:53:39.199 [info] > git for-each-ref --format=%(refname)%00%(upstream:short)%00%(objectname)%00%(upstream:track)%00%(upstream:remotename)%00%(upstream:remoteref) refs/heads/main refs/remotes/main [1ms]
2024-03-13 15:53:39.233 [info] > git status -z -uall [29ms]
2024-03-13 15:53:44.257 [info] > git config --get commit.template [5ms]
2024-03-13 15:53:44.257 [info] > git for-each-ref --format=%(refname)%00%(upstream:short)%00%(objectname)%00%(upstream:track)%00%(upstream:remotename)%00%(upstream:remoteref) refs/heads/main refs/remotes/main [1ms]
2024-03-13 15:53:44.287 [info] > git status -z -uall [24ms]
2024-03-13 16:00:18.089 [info] > git config --get commit.template [6ms]
2024-03-13 16:00:18.089 [info] > git for-each-ref --format=%(refname)%00%(upstream:short)%00%(objectname)%00%(upstream:track)%00%(upstream:remotename)%00%(upstream:remoteref) refs/heads/main refs/remotes/main [1ms]
2024-03-13 16:00:18.117 [info] > git status -z -uall [24ms]
2024-03-13 16:00:23.142 [info] > git config --get commit.template [5ms]
2024-03-13 16:00:23.143 [info] > git for-each-ref --format=%(refname)%00%(upstream:short)%00%(objectname)%00%(upstream:track)%00%(upstream:remotename)%00%(upstream:remoteref) refs/heads/main refs/remotes/main [1ms]
2024-03-13 16:00:23.167 [info] > git status -z -uall [21ms]
2024-03-13 16:00:28.193 [info] > git config --get commit.template [4ms]
2024-03-13 16:00:28.194 [info] > git for-each-ref --format=%(refname)%00%(upstream:short)%00%(objectname)%00%(upstream:track)%00%(upstream:remotename)%00%(upstream:remoteref) refs/heads/main refs/remotes/main [1ms]
2024-03-13 16:00:28.219 [info] > git status -z -uall [21ms]
2024-03-13 16:00:33.250 [info] > git config --get commit.template [9ms]
2024-03-13 16:00:33.250 [info] > git for-each-ref --format=%(refname)%00%(upstream:short)%00%(objectname)%00%(upstream:track)%00%(upstream:remotename)%00%(upstream:remoteref) refs/heads/main refs/remotes/main [1ms]
2024-03-13 16:00:33.287 [info] > git status -z -uall [30ms]
2024-03-13 16:00:38.314 [info] > git config --get commit.template [5ms]
2024-03-13 16:00:38.315 [info] > git for-each-ref --format=%(refname)%00%(upstream:short)%00%(objectname)%00%(upstream:track)%00%(upstream:remotename)%00%(upstream:remoteref) refs/heads/main refs/remotes/main [1ms]
2024-03-13 16:00:38.339 [info] > git status -z -uall [20ms]
2024-03-13 16:00:43.369 [info] > git config --get commit.template [9ms]
2024-03-13 16:00:43.370 [info] > git for-each-ref --format=%(refname)%00%(upstream:short)%00%(objectname)%00%(upstream:track)%00%(upstream:remotename)%00%(upstream:remoteref) refs/heads/main refs/remotes/main [3ms]
2024-03-13 16:00:43.401 [info] > git status -z -uall [24ms]
2024-03-13 16:00:48.441 [info] > git config --get commit.template [14ms]
2024-03-13 16:00:48.442 [info] > git for-each-ref --format=%(refname)%00%(upstream:short)%00%(objectname)%00%(upstream:track)%00%(upstream:remotename)%00%(upstream:remoteref) refs/heads/main refs/remotes/main [2ms]
2024-03-13 16:00:48.481 [info] > git status -z -uall [28ms]
2024-03-13 16:00:53.506 [info] > git config --get commit.template [6ms]
2024-03-13 16:00:53.506 [info] > git for-each-ref --format=%(refname)%00%(upstream:short)%00%(objectname)%00%(upstream:track)%00%(upstream:remotename)%00%(upstream:remoteref) refs/heads/main refs/remotes/main [1ms]
2024-03-13 16:00:53.533 [info] > git status -z -uall [22ms]
2024-03-13 16:00:58.561 [info] > git config --get commit.template [5ms]
2024-03-13 16:00:58.561 [info] > git for-each-ref --format=%(refname)%00%(upstream:short)%00%(objectname)%00%(upstream:track)%00%(upstream:remotename)%00%(upstream:remoteref) refs/heads/main refs/remotes/main [1ms]
2024-03-13 16:00:58.599 [info] > git status -z -uall [34ms]
2024-03-13 16:01:03.622 [info] > git config --get commit.template [4ms]
2024-03-13 16:01:03.622 [info] > git for-each-ref --format=%(refname)%00%(upstream:short)%00%(objectname)%00%(upstream:track)%00%(upstream:remotename)%00%(upstream:remoteref) refs/heads/main refs/remotes/main [1ms]
2024-03-13 16:01:03.653 [info] > git status -z -uall [26ms]
2024-03-13 17:01:55.931 [info] > git config --get commit.template [4ms]
2024-03-13 17:01:55.931 [info] > git for-each-ref --format=%(refname)%00%(upstream:short)%00%(objectname)%00%(upstream:track)%00%(upstream:remotename)%00%(upstream:remoteref) refs/heads/main refs/remotes/main [1ms]
2024-03-13 17:01:55.958 [info] > git status -z -uall [21ms]
2024-03-13 17:23:42.114 [info] > git config --get commit.template [3ms]
2024-03-13 17:23:42.114 [info] > git for-each-ref --format=%(refname)%00%(upstream:short)%00%(objectname)%00%(upstream:track)%00%(upstream:remotename)%00%(upstream:remoteref) refs/heads/main refs/remotes/main [0ms]
2024-03-13 17:23:42.135 [info] > git status -z -uall [18ms]
2024-03-13 17:23:47.156 [info] > git config --get commit.template [4ms]
2024-03-13 17:23:47.156 [info] > git for-each-ref --format=%(refname)%00%(upstream:short)%00%(objectname)%00%(upstream:track)%00%(upstream:remotename)%00%(upstream:remoteref) refs/heads/main refs/remotes/main [0ms]
2024-03-13 17:23:47.179 [info] > git status -z -uall [19ms]
2024-03-13 17:23:52.208 [info] > git config --get commit.template [6ms]
2024-03-13 17:23:52.208 [info] > git for-each-ref --format=%(refname)%00%(upstream:short)%00%(objectname)%00%(upstream:track)%00%(upstream:remotename)%00%(upstream:remoteref) refs/heads/main refs/remotes/main [1ms]
2024-03-13 17:23:52.240 [info] > git status -z -uall [27ms]
2024-03-13 17:23:57.274 [info] > git config --get commit.template [9ms]
2024-03-13 17:23:57.275 [info] > git for-each-ref --format=%(refname)%00%(upstream:short)%00%(objectname)%00%(upstream:track)%00%(upstream:remotename)%00%(upstream:remoteref) refs/heads/main refs/remotes/main [2ms]
2024-03-13 17:23:57.303 [info] > git status -z -uall [20ms]
2024-03-13 17:24:02.329 [info] > git config --get commit.template [4ms]
2024-03-13 17:24:02.329 [info] > git for-each-ref --format=%(refname)%00%(upstream:short)%00%(objectname)%00%(upstream:track)%00%(upstream:remotename)%00%(upstream:remoteref) refs/heads/main refs/remotes/main [1ms]
2024-03-13 17:24:02.354 [info] > git status -z -uall [21ms]
2024-03-13 17:24:07.379 [info] > git config --get commit.template [4ms]
2024-03-13 17:24:07.379 [info] > git for-each-ref --format=%(refname)%00%(upstream:short)%00%(objectname)%00%(upstream:track)%00%(upstream:remotename)%00%(upstream:remoteref) refs/heads/main refs/remotes/main [0ms]
2024-03-13 17:24:07.401 [info] > git status -z -uall [19ms]
2024-03-13 17:24:12.435 [info] > git config --get commit.template [9ms]
2024-03-13 17:24:12.436 [info] > git for-each-ref --format=%(refname)%00%(upstream:short)%00%(objectname)%00%(upstream:track)%00%(upstream:remotename)%00%(upstream:remoteref) refs/heads/main refs/remotes/main [2ms]
2024-03-13 17:24:12.461 [info] > git status -z -uall [20ms]
2024-03-13 17:24:17.494 [info] > git config --get commit.template [9ms]
2024-03-13 17:24:17.495 [info] > git for-each-ref --format=%(refname)%00%(upstream:short)%00%(objectname)%00%(upstream:track)%00%(upstream:remotename)%00%(upstream:remoteref) refs/heads/main refs/remotes/main [3ms]
2024-03-13 17:24:17.528 [info] > git status -z -uall [23ms]
2024-03-13 17:24:22.555 [info] > git config --get commit.template [4ms]
2024-03-13 17:24:22.555 [info] > git for-each-ref --format=%(refname)%00%(upstream:short)%00%(objectname)%00%(upstream:track)%00%(upstream:remotename)%00%(upstream:remoteref) refs/heads/main refs/remotes/main [1ms]
2024-03-13 17:24:22.578 [info] > git status -z -uall [20ms]
2024-03-13 17:24:27.600 [info] > git config --get commit.template [4ms]
2024-03-13 17:24:27.601 [info] > git for-each-ref --format=%(refname)%00%(upstream:short)%00%(objectname)%00%(upstream:track)%00%(upstream:remotename)%00%(upstream:remoteref) refs/heads/main refs/remotes/main [1ms]
2024-03-13 17:24:27.622 [info] > git status -z -uall [19ms]
2024-03-13 17:24:32.650 [info] > git config --get commit.template [7ms]
2024-03-13 17:24:32.651 [info] > git for-each-ref --format=%(refname)%00%(upstream:short)%00%(objectname)%00%(upstream:track)%00%(upstream:remotename)%00%(upstream:remoteref) refs/heads/main refs/remotes/main [1ms]
2024-03-13 17:24:32.674 [info] > git status -z -uall [20ms]
2024-03-13 17:24:37.697 [info] > git config --get commit.template [3ms]
2024-03-13 17:24:37.697 [info] > git for-each-ref --format=%(refname)%00%(upstream:short)%00%(objectname)%00%(upstream:track)%00%(upstream:remotename)%00%(upstream:remoteref) refs/heads/main refs/remotes/main [1ms]
2024-03-13 17:24:37.718 [info] > git status -z -uall [18ms]
2024-03-13 17:24:42.748 [info] > git config --get commit.template [5ms]
2024-03-13 17:24:42.749 [info] > git for-each-ref --format=%(refname)%00%(upstream:short)%00%(objectname)%00%(upstream:track)%00%(upstream:remotename)%00%(upstream:remoteref) refs/heads/main refs/remotes/main [1ms]
2024-03-13 17:24:42.782 [info] > git status -z -uall [30ms]
2024-03-13 17:24:47.807 [info] > git config --get commit.template [7ms]
2024-03-13 17:24:47.807 [info] > git for-each-ref --format=%(refname)%00%(upstream:short)%00%(objectname)%00%(upstream:track)%00%(upstream:remotename)%00%(upstream:remoteref) refs/heads/main refs/remotes/main [0ms]
2024-03-13 17:24:47.834 [info] > git status -z -uall [23ms]
2024-03-13 17:24:52.860 [info] > git config --get commit.template [4ms]
2024-03-13 17:24:52.861 [info] > git for-each-ref --format=%(refname)%00%(upstream:short)%00%(objectname)%00%(upstream:track)%00%(upstream:remotename)%00%(upstream:remoteref) refs/heads/main refs/remotes/main [1ms]
2024-03-13 17:24:52.884 [info] > git status -z -uall [20ms]
2024-03-13 17:24:57.907 [info] > git config --get commit.template [2ms]
2024-03-13 17:24:57.914 [info] > git for-each-ref --format=%(refname)%00%(upstream:short)%00%(objectname)%00%(upstream:track)%00%(upstream:remotename)%00%(upstream:remoteref) refs/heads/main refs/remotes/main [1ms]
2024-03-13 17:24:57.945 [info] > git status -z -uall [26ms]
2024-03-13 17:25:02.968 [info] > git config --get commit.template [4ms]
2024-03-13 17:25:02.968 [info] > git for-each-ref --format=%(refname)%00%(upstream:short)%00%(objectname)%00%(upstream:track)%00%(upstream:remotename)%00%(upstream:remoteref) refs/heads/main refs/remotes/main [1ms]
2024-03-13 17:25:02.992 [info] > git status -z -uall [21ms]
2024-03-13 17:25:08.024 [info] > git config --get commit.template [9ms]
2024-03-13 17:25:08.024 [info] > git for-each-ref --format=%(refname)%00%(upstream:short)%00%(objectname)%00%(upstream:track)%00%(upstream:remotename)%00%(upstream:remoteref) refs/heads/main refs/remotes/main [1ms]
2024-03-13 17:25:08.060 [info] > git status -z -uall [29ms]
2024-03-13 17:25:13.091 [info] > git config --get commit.template [10ms]
2024-03-13 17:25:13.093 [info] > git for-each-ref --format=%(refname)%00%(upstream:short)%00%(objectname)%00%(upstream:track)%00%(upstream:remotename)%00%(upstream:remoteref) refs/heads/main refs/remotes/main [3ms]
2024-03-13 17:25:13.124 [info] > git status -z -uall [23ms]
2024-03-13 17:25:18.154 [info] > git config --get commit.template [7ms]
2024-03-13 17:25:18.154 [info] > git for-each-ref --format=%(refname)%00%(upstream:short)%00%(objectname)%00%(upstream:track)%00%(upstream:remotename)%00%(upstream:remoteref) refs/heads/main refs/remotes/main [1ms]
2024-03-13 17:25:18.185 [info] > git status -z -uall [27ms]
2024-03-13 17:25:23.208 [info] > git config --get commit.template [5ms]
2024-03-13 17:25:23.208 [info] > git for-each-ref --format=%(refname)%00%(upstream:short)%00%(objectname)%00%(upstream:track)%00%(upstream:remotename)%00%(upstream:remoteref) refs/heads/main refs/remotes/main [0ms]
2024-03-13 17:25:23.231 [info] > git status -z -uall [20ms]
2024-03-13 17:25:28.255 [info] > git config --get commit.template [5ms]
2024-03-13 17:25:28.255 [info] > git for-each-ref --format=%(refname)%00%(upstream:short)%00%(objectname)%00%(upstream:track)%00%(upstream:remotename)%00%(upstream:remoteref) refs/heads/main refs/remotes/main [1ms]
2024-03-13 17:25:28.291 [info] > git status -z -uall [30ms]
2024-03-13 17:25:33.312 [info] > git config --get commit.template [4ms]
2024-03-13 17:25:33.313 [info] > git for-each-ref --format=%(refname)%00%(upstream:short)%00%(objectname)%00%(upstream:track)%00%(upstream:remotename)%00%(upstream:remoteref) refs/heads/main refs/remotes/main [1ms]
2024-03-13 17:25:33.337 [info] > git status -z -uall [21ms]
2024-03-13 17:25:38.366 [info] > git config --get commit.template [1ms]
2024-03-13 17:25:38.374 [info] > git for-each-ref --format=%(refname)%00%(upstream:short)%00%(objectname)%00%(upstream:track)%00%(upstream:remotename)%00%(upstream:remoteref) refs/heads/main refs/remotes/main [1ms]
2024-03-13 17:25:38.396 [info] > git status -z -uall [18ms]
2024-03-13 17:25:43.417 [info] > git config --get commit.template [4ms]
2024-03-13 17:25:43.417 [info] > git for-each-ref --format=%(refname)%00%(upstream:short)%00%(objectname)%00%(upstream:track)%00%(upstream:remotename)%00%(upstream:remoteref) refs/heads/main refs/remotes/main [1ms]
2024-03-13 17:25:43.440 [info] > git status -z -uall [20ms]
2024-03-13 17:25:48.459 [info] > git config --get commit.template [4ms]
2024-03-13 17:25:48.459 [info] > git for-each-ref --format=%(refname)%00%(upstream:short)%00%(objectname)%00%(upstream:track)%00%(upstream:remotename)%00%(upstream:remoteref) refs/heads/main refs/remotes/main [0ms]
2024-03-13 17:25:48.498 [info] > git status -z -uall [35ms]
2024-03-13 17:25:53.522 [info] > git config --get commit.template [7ms]
2024-03-13 17:25:53.523 [info] > git for-each-ref --format=%(refname)%00%(upstream:short)%00%(objectname)%00%(upstream:track)%00%(upstream:remotename)%00%(upstream:remoteref) refs/heads/main refs/remotes/main [1ms]
2024-03-13 17:25:53.548 [info] > git status -z -uall [21ms]
2024-03-13 17:25:58.592 [info] > git config --get commit.template [17ms]
2024-03-13 17:25:58.594 [info] > git for-each-ref --format=%(refname)%00%(upstream:short)%00%(objectname)%00%(upstream:track)%00%(upstream:remotename)%00%(upstream:remoteref) refs/heads/main refs/remotes/main [4ms]
2024-03-13 17:25:58.668 [info] > git status -z -uall [63ms]
2024-03-13 17:26:03.702 [info] > git config --get commit.template [3ms]
2024-03-13 17:26:03.703 [info] > git for-each-ref --format=%(refname)%00%(upstream:short)%00%(objectname)%00%(upstream:track)%00%(upstream:remotename)%00%(upstream:remoteref) refs/heads/main refs/remotes/main [1ms]
2024-03-13 17:26:03.726 [info] > git status -z -uall [20ms]
2024-03-13 17:26:08.751 [info] > git config --get commit.template [5ms]
2024-03-13 17:26:08.751 [info] > git for-each-ref --format=%(refname)%00%(upstream:short)%00%(objectname)%00%(upstream:track)%00%(upstream:remotename)%00%(upstream:remoteref) refs/heads/main refs/remotes/main [1ms]
2024-03-13 17:26:08.782 [info] > git status -z -uall [25ms]
2024-03-13 17:26:13.803 [info] > git config --get commit.template [4ms]
2024-03-13 17:26:13.803 [info] > git for-each-ref --format=%(refname)%00%(upstream:short)%00%(objectname)%00%(upstream:track)%00%(upstream:remotename)%00%(upstream:remoteref) refs/heads/main refs/remotes/main [0ms]
2024-03-13 17:26:13.824 [info] > git status -z -uall [18ms]
2024-03-13 17:26:18.848 [info] > git config --get commit.template [5ms]
2024-03-13 17:26:18.849 [info] > git for-each-ref --format=%(refname)%00%(upstream:short)%00%(objectname)%00%(upstream:track)%00%(upstream:remotename)%00%(upstream:remoteref) refs/heads/main refs/remotes/main [1ms]
2024-03-13 17:26:18.881 [info] > git status -z -uall [26ms]
2024-03-13 17:26:23.908 [info] > git config --get commit.template [6ms]
2024-03-13 17:26:23.908 [info] > git for-each-ref --format=%(refname)%00%(upstream:short)%00%(objectname)%00%(upstream:track)%00%(upstream:remotename)%00%(upstream:remoteref) refs/heads/main refs/remotes/main [1ms]
2024-03-13 17:26:23.935 [info] > git status -z -uall [21ms]
2024-03-13 17:26:28.963 [info] > git config --get commit.template [5ms]
2024-03-13 17:26:28.964 [info] > git for-each-ref --format=%(refname)%00%(upstream:short)%00%(objectname)%00%(upstream:track)%00%(upstream:remotename)%00%(upstream:remoteref) refs/heads/main refs/remotes/main [1ms]
2024-03-13 17:26:28.986 [info] > git status -z -uall [19ms]
2024-03-13 17:26:34.009 [info] > git config --get commit.template [4ms]
2024-03-13 17:26:34.010 [info] > git for-each-ref --format=%(refname)%00%(upstream:short)%00%(objectname)%00%(upstream:track)%00%(upstream:remotename)%00%(upstream:remoteref) refs/heads/main refs/remotes/main [1ms]
2024-03-13 17:26:34.038 [info] > git status -z -uall [24ms]
2024-03-13 17:26:39.060 [info] > git config --get commit.template [5ms]
2024-03-13 17:26:39.060 [info] > git for-each-ref --format=%(refname)%00%(upstream:short)%00%(objectname)%00%(upstream:track)%00%(upstream:remotename)%00%(upstream:remoteref) refs/heads/main refs/remotes/main [1ms]
2024-03-13 17:26:39.085 [info] > git status -z -uall [22ms]
2024-03-13 17:26:44.109 [info] > git config --get commit.template [1ms]
2024-03-13 17:26:44.125 [info] > git for-each-ref --format=%(refname)%00%(upstream:short)%00%(objectname)%00%(upstream:track)%00%(upstream:remotename)%00%(upstream:remoteref) refs/heads/main refs/remotes/main [3ms]
2024-03-13 17:26:44.155 [info] > git status -z -uall [22ms]
2024-03-13 17:26:49.176 [info] > git config --get commit.template [4ms]
2024-03-13 17:26:49.177 [info] > git for-each-ref --format=%(refname)%00%(upstream:short)%00%(objectname)%00%(upstream:track)%00%(upstream:remotename)%00%(upstream:remoteref) refs/heads/main refs/remotes/main [1ms]
2024-03-13 17:26:49.211 [info] > git status -z -uall [29ms]
2024-03-13 17:26:54.237 [info] > git config --get commit.template [4ms]
2024-03-13 17:26:54.238 [info] > git for-each-ref --format=%(refname)%00%(upstream:short)%00%(objectname)%00%(upstream:track)%00%(upstream:remotename)%00%(upstream:remoteref) refs/heads/main refs/remotes/main [1ms]
2024-03-13 17:26:54.260 [info] > git status -z -uall [19ms]
2024-03-13 17:26:59.289 [info] > git config --get commit.template [1ms]
2024-03-13 17:26:59.297 [info] > git for-each-ref --format=%(refname)%00%(upstream:short)%00%(objectname)%00%(upstream:track)%00%(upstream:remotename)%00%(upstream:remoteref) refs/heads/main refs/remotes/main [1ms]
2024-03-13 17:26:59.325 [info] > git status -z -uall [24ms]
2024-03-13 17:27:04.363 [info] > git config --get commit.template [5ms]
2024-03-13 17:27:04.363 [info] > git for-each-ref --format=%(refname)%00%(upstream:short)%00%(objectname)%00%(upstream:track)%00%(upstream:remotename)%00%(upstream:remoteref) refs/heads/main refs/remotes/main [1ms]
2024-03-13 17:27:04.386 [info] > git status -z -uall [20ms]
2024-03-13 17:27:09.405 [info] > git config --get commit.template [3ms]
2024-03-13 17:27:09.405 [info] > git for-each-ref --format=%(refname)%00%(upstream:short)%00%(objectname)%00%(upstream:track)%00%(upstream:remotename)%00%(upstream:remoteref) refs/heads/main refs/remotes/main [0ms]
2024-03-13 17:27:09.430 [info] > git status -z -uall [21ms]
2024-03-13 17:27:14.462 [info] > git config --get commit.template [8ms]
2024-03-13 17:27:14.462 [info] > git for-each-ref --format=%(refname)%00%(upstream:short)%00%(objectname)%00%(upstream:track)%00%(upstream:remotename)%00%(upstream:remoteref) refs/heads/main refs/remotes/main [1ms]
2024-03-13 17:27:14.486 [info] > git status -z -uall [20ms]
2024-03-13 17:27:19.517 [info] > git config --get commit.template [10ms]
2024-03-13 17:27:19.517 [info] > git for-each-ref --format=%(refname)%00%(upstream:short)%00%(objectname)%00%(upstream:track)%00%(upstream:remotename)%00%(upstream:remoteref) refs/heads/main refs/remotes/main [1ms]
2024-03-13 17:27:19.542 [info] > git status -z -uall [20ms]
2024-03-13 17:27:24.567 [info] > git config --get commit.template [7ms]
2024-03-13 17:27:24.568 [info] > git for-each-ref --format=%(refname)%00%(upstream:short)%00%(objectname)%00%(upstream:track)%00%(upstream:remotename)%00%(upstream:remoteref) refs/heads/main refs/remotes/main [1ms]
2024-03-13 17:27:24.602 [info] > git status -z -uall [29ms]
2024-03-13 17:27:29.637 [info] > git config --get commit.template [12ms]
2024-03-13 17:27:29.637 [info] > git for-each-ref --format=%(refname)%00%(upstream:short)%00%(objectname)%00%(upstream:track)%00%(upstream:remotename)%00%(upstream:remoteref) refs/heads/main refs/remotes/main [1ms]
2024-03-13 17:27:29.673 [info] > git status -z -uall [29ms]
2024-03-13 17:27:34.698 [info] > git config --get commit.template [7ms]
2024-03-13 17:27:34.699 [info] > git for-each-ref --format=%(refname)%00%(upstream:short)%00%(objectname)%00%(upstream:track)%00%(upstream:remotename)%00%(upstream:remoteref) refs/heads/main refs/remotes/main [1ms]
2024-03-13 17:27:34.728 [info] > git status -z -uall [23ms]
2024-03-13 17:27:39.756 [info] > git config --get commit.template [10ms]
2024-03-13 17:27:39.757 [info] > git for-each-ref --format=%(refname)%00%(upstream:short)%00%(objectname)%00%(upstream:track)%00%(upstream:remotename)%00%(upstream:remoteref) refs/heads/main refs/remotes/main [1ms]
2024-03-13 17:27:39.791 [info] > git status -z -uall [29ms]
2024-03-13 17:27:44.816 [info] > git config --get commit.template [4ms]
2024-03-13 17:27:44.817 [info] > git for-each-ref --format=%(refname)%00%(upstream:short)%00%(objectname)%00%(upstream:track)%00%(upstream:remotename)%00%(upstream:remoteref) refs/heads/main refs/remotes/main [1ms]
2024-03-13 17:27:44.856 [info] > git status -z -uall [35ms]
2024-03-13 17:27:49.879 [info] > git config --get commit.template [3ms]
2024-03-13 17:27:49.879 [info] > git for-each-ref --format=%(refname)%00%(upstream:short)%00%(objectname)%00%(upstream:track)%00%(upstream:remotename)%00%(upstream:remoteref) refs/heads/main refs/remotes/main [0ms]
2024-03-13 17:27:49.902 [info] > git status -z -uall [19ms]
2024-03-13 17:27:54.930 [info] > git config --get commit.template [6ms]
2024-03-13 17:27:54.931 [info] > git for-each-ref --format=%(refname)%00%(upstream:short)%00%(objectname)%00%(upstream:track)%00%(upstream:remotename)%00%(upstream:remoteref) refs/heads/main refs/remotes/main [1ms]
2024-03-13 17:27:54.961 [info] > git status -z -uall [24ms]
2024-03-13 17:27:59.985 [info] > git config --get commit.template [5ms]
2024-03-13 17:27:59.986 [info] > git for-each-ref --format=%(refname)%00%(upstream:short)%00%(objectname)%00%(upstream:track)%00%(upstream:remotename)%00%(upstream:remoteref) refs/heads/main refs/remotes/main [1ms]
2024-03-13 17:28:00.016 [info] > git status -z -uall [24ms]
2024-03-13 17:28:05.039 [info] > git config --get commit.template [5ms]
2024-03-13 17:28:05.039 [info] > git for-each-ref --format=%(refname)%00%(upstream:short)%00%(objectname)%00%(upstream:track)%00%(upstream:remotename)%00%(upstream:remoteref) refs/heads/main refs/remotes/main [1ms]
2024-03-13 17:28:05.064 [info] > git status -z -uall [20ms]
2024-03-13 17:28:10.092 [info] > git config --get commit.template [9ms]
2024-03-13 17:28:10.092 [info] > git for-each-ref --format=%(refname)%00%(upstream:short)%00%(objectname)%00%(upstream:track)%00%(upstream:remotename)%00%(upstream:remoteref) refs/heads/main refs/remotes/main [1ms]
2024-03-13 17:28:10.124 [info] > git status -z -uall [23ms]
2024-03-13 17:28:15.147 [info] > git config --get commit.template [3ms]
2024-03-13 17:28:15.148 [info] > git for-each-ref --format=%(refname)%00%(upstream:short)%00%(objectname)%00%(upstream:track)%00%(upstream:remotename)%00%(upstream:remoteref) refs/heads/main refs/remotes/main [1ms]
2024-03-13 17:28:15.170 [info] > git status -z -uall [19ms]
2024-03-13 17:28:20.194 [info] > git config --get commit.template [3ms]
2024-03-13 17:28:20.194 [info] > git for-each-ref --format=%(refname)%00%(upstream:short)%00%(objectname)%00%(upstream:track)%00%(upstream:remotename)%00%(upstream:remoteref) refs/heads/main refs/remotes/main [1ms]
2024-03-13 17:28:20.221 [info] > git status -z -uall [24ms]
2024-03-13 17:28:25.250 [info] > git config --get commit.template [5ms]
2024-03-13 17:28:25.250 [info] > git for-each-ref --format=%(refname)%00%(upstream:short)%00%(objectname)%00%(upstream:track)%00%(upstream:remotename)%00%(upstream:remoteref) refs/heads/main refs/remotes/main [1ms]
2024-03-13 17:28:25.279 [info] > git status -z -uall [26ms]
2024-03-13 17:28:30.303 [info] > git config --get commit.template [4ms]
2024-03-13 17:28:30.303 [info] > git for-each-ref --format=%(refname)%00%(upstream:short)%00%(objectname)%00%(upstream:track)%00%(upstream:remotename)%00%(upstream:remoteref) refs/heads/main refs/remotes/main [1ms]
2024-03-13 17:28:30.328 [info] > git status -z -uall [21ms]
2024-03-13 17:28:35.349 [info] > git config --get commit.template [4ms]
2024-03-13 17:28:35.349 [info] > git for-each-ref --format=%(refname)%00%(upstream:short)%00%(objectname)%00%(upstream:track)%00%(upstream:remotename)%00%(upstream:remoteref) refs/heads/main refs/remotes/main [1ms]
2024-03-13 17:28:35.380 [info] > git status -z -uall [28ms]
2024-03-13 17:28:40.402 [info] > git config --get commit.template [4ms]
2024-03-13 17:28:40.402 [info] > git for-each-ref --format=%(refname)%00%(upstream:short)%00%(objectname)%00%(upstream:track)%00%(upstream:remotename)%00%(upstream:remoteref) refs/heads/main refs/remotes/main [0ms]
2024-03-13 17:28:40.425 [info] > git status -z -uall [20ms]
2024-03-13 17:28:45.453 [info] > git config --get commit.template [5ms]
2024-03-13 17:28:45.453 [info] > git for-each-ref --format=%(refname)%00%(upstream:short)%00%(objectname)%00%(upstream:track)%00%(upstream:remotename)%00%(upstream:remoteref) refs/heads/main refs/remotes/main [1ms]
2024-03-13 17:28:45.478 [info] > git status -z -uall [20ms]
2024-03-13 17:28:50.502 [info] > git config --get commit.template [7ms]
2024-03-13 17:28:50.503 [info] > git for-each-ref --format=%(refname)%00%(upstream:short)%00%(objectname)%00%(upstream:track)%00%(upstream:remotename)%00%(upstream:remoteref) refs/heads/main refs/remotes/main [1ms]
2024-03-13 17:28:50.525 [info] > git status -z -uall [18ms]
2024-03-13 17:28:55.547 [info] > git config --get commit.template [3ms]
2024-03-13 17:28:55.548 [info] > git for-each-ref --format=%(refname)%00%(upstream:short)%00%(objectname)%00%(upstream:track)%00%(upstream:remotename)%00%(upstream:remoteref) refs/heads/main refs/remotes/main [1ms]
2024-03-13 17:28:55.572 [info] > git status -z -uall [21ms]
2024-03-13 17:29:00.597 [info] > git config --get commit.template [6ms]
2024-03-13 17:29:00.597 [info] > git for-each-ref --format=%(refname)%00%(upstream:short)%00%(objectname)%00%(upstream:track)%00%(upstream:remotename)%00%(upstream:remoteref) refs/heads/main refs/remotes/main [1ms]
2024-03-13 17:29:00.626 [info] > git status -z -uall [21ms]
2024-03-13 17:29:05.646 [info] > git config --get commit.template [4ms]
2024-03-13 17:29:05.646 [info] > git for-each-ref --format=%(refname)%00%(upstream:short)%00%(objectname)%00%(upstream:track)%00%(upstream:remotename)%00%(upstream:remoteref) refs/heads/main refs/remotes/main [1ms]
2024-03-13 17:29:05.672 [info] > git status -z -uall [23ms]
2024-03-13 17:29:12.367 [info] > git config --get commit.template [4ms]
2024-03-13 17:29:12.367 [info] > git for-each-ref --format=%(refname)%00%(upstream:short)%00%(objectname)%00%(upstream:track)%00%(upstream:remotename)%00%(upstream:remoteref) refs/heads/main refs/remotes/main [0ms]
2024-03-13 17:29:12.397 [info] > git status -z -uall [25ms]
2024-03-13 17:29:17.442 [info] > git config --get commit.template [14ms]
2024-03-13 17:29:17.442 [info] > git for-each-ref --format=%(refname)%00%(upstream:short)%00%(objectname)%00%(upstream:track)%00%(upstream:remotename)%00%(upstream:remoteref) refs/heads/main refs/remotes/main [1ms]
2024-03-13 17:29:17.479 [info] > git status -z -uall [24ms]
2024-03-13 17:29:22.498 [info] > git config --get commit.template [4ms]
2024-03-13 17:29:22.498 [info] > git for-each-ref --format=%(refname)%00%(upstream:short)%00%(objectname)%00%(upstream:track)%00%(upstream:remotename)%00%(upstream:remoteref) refs/heads/main refs/remotes/main [0ms]
2024-03-13 17:29:22.523 [info] > git status -z -uall [21ms]
2024-03-13 17:29:27.542 [info] > git config --get commit.template [3ms]
2024-03-13 17:29:27.542 [info] > git for-each-ref --format=%(refname)%00%(upstream:short)%00%(objectname)%00%(upstream:track)%00%(upstream:remotename)%00%(upstream:remoteref) refs/heads/main refs/remotes/main [1ms]
2024-03-13 17:29:27.595 [info] > git status -z -uall [47ms]
2024-03-13 17:29:32.623 [info] > git config --get commit.template [5ms]
2024-03-13 17:29:32.624 [info] > git for-each-ref --format=%(refname)%00%(upstream:short)%00%(objectname)%00%(upstream:track)%00%(upstream:remotename)%00%(upstream:remoteref) refs/heads/main refs/remotes/main [1ms]
2024-03-13 17:29:32.662 [info] > git status -z -uall [34ms]
2024-03-13 17:29:37.686 [info] > git config --get commit.template [6ms]
2024-03-13 17:29:37.687 [info] > git for-each-ref --format=%(refname)%00%(upstream:short)%00%(objectname)%00%(upstream:track)%00%(upstream:remotename)%00%(upstream:remoteref) refs/heads/main refs/remotes/main [1ms]
2024-03-13 17:29:37.720 [info] > git status -z -uall [27ms]
2024-03-13 17:29:42.742 [info] > git config --get commit.template [1ms]
2024-03-13 17:29:42.749 [info] > git for-each-ref --format=%(refname)%00%(upstream:short)%00%(objectname)%00%(upstream:track)%00%(upstream:remotename)%00%(upstream:remoteref) refs/heads/main refs/remotes/main [1ms]
2024-03-13 17:29:42.775 [info] > git status -z -uall [22ms]
2024-03-13 17:29:47.797 [info] > git config --get commit.template [5ms]
2024-03-13 17:29:47.798 [info] > git for-each-ref --format=%(refname)%00%(upstream:short)%00%(objectname)%00%(upstream:track)%00%(upstream:remotename)%00%(upstream:remoteref) refs/heads/main refs/remotes/main [1ms]
2024-03-13 17:29:47.822 [info] > git status -z -uall [21ms]
2024-03-13 17:29:52.858 [info] > git config --get commit.template [8ms]
2024-03-13 17:29:52.858 [info] > git for-each-ref --format=%(refname)%00%(upstream:short)%00%(objectname)%00%(upstream:track)%00%(upstream:remotename)%00%(upstream:remoteref) refs/heads/main refs/remotes/main [1ms]
2024-03-13 17:29:52.881 [info] > git status -z -uall [18ms]
2024-03-13 17:29:57.913 [info] > git config --get commit.template [5ms]
2024-03-13 17:29:57.914 [info] > git for-each-ref --format=%(refname)%00%(upstream:short)%00%(objectname)%00%(upstream:track)%00%(upstream:remotename)%00%(upstream:remoteref) refs/heads/main refs/remotes/main [1ms]
2024-03-13 17:29:57.938 [info] > git status -z -uall [20ms]
2024-03-13 17:30:02.962 [info] > git config --get commit.template [7ms]
2024-03-13 17:30:02.963 [info] > git for-each-ref --format=%(refname)%00%(upstream:short)%00%(objectname)%00%(upstream:track)%00%(upstream:remotename)%00%(upstream:remoteref) refs/heads/main refs/remotes/main [1ms]
2024-03-13 17:30:02.989 [info] > git status -z -uall [21ms]
2024-03-13 17:30:08.015 [info] > git config --get commit.template [6ms]
2024-03-13 17:30:08.015 [info] > git for-each-ref --format=%(refname)%00%(upstream:short)%00%(objectname)%00%(upstream:track)%00%(upstream:remotename)%00%(upstream:remoteref) refs/heads/main refs/remotes/main [1ms]
2024-03-13 17:30:08.040 [info] > git status -z -uall [20ms]
2024-03-13 17:30:13.067 [info] > git config --get commit.template [5ms]
2024-03-13 17:30:13.067 [info] > git for-each-ref --format=%(refname)%00%(upstream:short)%00%(objectname)%00%(upstream:track)%00%(upstream:remotename)%00%(upstream:remoteref) refs/heads/main refs/remotes/main [0ms]
2024-03-13 17:30:13.091 [info] > git status -z -uall [20ms]
2024-03-13 17:30:18.113 [info] > git config --get commit.template [4ms]
2024-03-13 17:30:18.113 [info] > git for-each-ref --format=%(refname)%00%(upstream:short)%00%(objectname)%00%(upstream:track)%00%(upstream:remotename)%00%(upstream:remoteref) refs/heads/main refs/remotes/main [0ms]
2024-03-13 17:30:18.136 [info] > git status -z -uall [20ms]
2024-03-13 17:30:23.165 [info] > git config --get commit.template [2ms]
2024-03-13 17:30:23.175 [info] > git for-each-ref --format=%(refname)%00%(upstream:short)%00%(objectname)%00%(upstream:track)%00%(upstream:remotename)%00%(upstream:remoteref) refs/heads/main refs/remotes/main [1ms]
2024-03-13 17:30:23.201 [info] > git status -z -uall [20ms]
2024-03-13 19:21:08.513 [info] > git config --get commit.template [1ms]
2024-03-13 19:21:08.517 [info] > git for-each-ref --format=%(refname)%00%(upstream:short)%00%(objectname)%00%(upstream:track)%00%(upstream:remotename)%00%(upstream:remoteref) refs/heads/main refs/remotes/main [1ms]
2024-03-13 19:21:08.540 [info] > git status -z -uall [20ms]
2024-03-13 20:18:17.857 [info] > git config --get commit.template [4ms]
2024-03-13 20:18:17.857 [info] > git for-each-ref --format=%(refname)%00%(upstream:short)%00%(objectname)%00%(upstream:track)%00%(upstream:remotename)%00%(upstream:remoteref) refs/heads/main refs/remotes/main [0ms]
2024-03-13 20:18:17.882 [info] > git status -z -uall [22ms]
