2024-03-14 14:33:37.027 [info] Log level: Info
2024-03-14 14:33:37.027 [info] Validating found git in: "git"
2024-03-14 14:33:37.027 [info] Using git "2.44.0" from "git"
2024-03-14 14:33:37.027 [info] > git rev-parse --show-toplevel [6ms]
2024-03-14 14:33:37.027 [info] > git rev-parse --git-dir --git-common-dir [11ms]
2024-03-14 14:33:37.027 [info] Open repository: /run/media/n30/nvme_chivos/.dotfiles
2024-03-14 14:33:37.027 [info] > git rev-parse --show-toplevel [5ms]
2024-03-14 14:33:37.027 [info] > git config --get commit.template [9ms]
2024-03-14 14:33:37.037 [info] > git rev-parse --show-toplevel [6ms]
2024-03-14 14:33:37.046 [info] > git rev-parse --show-toplevel [5ms]
2024-03-14 14:33:37.046 [info] > git for-each-ref --format=%(refname)%00%(upstream:short)%00%(objectname)%00%(upstream:track)%00%(upstream:remotename)%00%(upstream:remoteref) refs/heads/main refs/remotes/main [10ms]
2024-03-14 14:33:37.053 [info] > git rev-parse --show-toplevel [0ms]
2024-03-14 14:33:37.057 [info] > git rev-parse --show-toplevel [0ms]
2024-03-14 14:33:37.061 [info] > git rev-parse --show-toplevel [1ms]
2024-03-14 14:33:37.064 [info] > git rev-parse --show-toplevel [1ms]
2024-03-14 14:33:37.067 [info] > git rev-parse --show-toplevel [0ms]
2024-03-14 14:33:37.071 [info] > git rev-parse --show-toplevel [0ms]
2024-03-14 14:33:37.075 [info] > git rev-parse --show-toplevel [1ms]
2024-03-14 14:33:37.079 [info] > git rev-parse --show-toplevel [0ms]
2024-03-14 14:33:37.084 [info] > git status -z -uall [35ms]
2024-03-14 14:33:37.084 [info] > git rev-parse --show-toplevel [1ms]
2024-03-14 14:33:37.180 [info] > git rev-parse --show-toplevel [91ms]
2024-03-14 14:33:37.184 [info] > git config --get commit.template [7ms]
2024-03-14 14:33:37.186 [info] > git rev-parse --show-toplevel [2ms]
2024-03-14 14:33:37.193 [info] > git for-each-ref --format=%(refname)%00%(upstream:short)%00%(objectname)%00%(upstream:track)%00%(upstream:remotename)%00%(upstream:remoteref) refs/heads/main refs/remotes/main [4ms]
2024-03-14 14:33:37.197 [info] > git rev-parse --show-toplevel [4ms]
2024-03-14 14:33:37.205 [info] > git rev-parse --show-toplevel [2ms]
2024-03-14 14:33:37.210 [info] > git rev-parse --show-toplevel [0ms]
2024-03-14 14:33:37.214 [info] > git rev-parse --show-toplevel [1ms]
2024-03-14 14:33:37.218 [info] > git status -z -uall [22ms]
2024-03-14 14:33:37.218 [info] > git rev-parse --show-toplevel [1ms]
2024-03-14 14:33:37.234 [info] > git rev-parse --show-toplevel [1ms]
2024-03-14 14:33:37.238 [info] > git rev-parse --show-toplevel [1ms]
2024-03-14 14:33:37.241 [info] > git rev-parse --show-toplevel [1ms]
2024-03-14 14:33:37.245 [info] > git rev-parse --show-toplevel [1ms]
2024-03-14 14:33:37.249 [info] > git rev-parse --show-toplevel [1ms]
2024-03-14 14:33:37.252 [info] > git rev-parse --show-toplevel [0ms]
2024-03-14 14:33:37.256 [info] > git rev-parse --show-toplevel [0ms]
2024-03-14 14:33:37.260 [info] > git rev-parse --show-toplevel [1ms]
2024-03-14 14:33:37.264 [info] > git rev-parse --show-toplevel [1ms]
2024-03-14 14:33:37.267 [info] > git rev-parse --show-toplevel [0ms]
2024-03-14 14:33:37.271 [info] > git rev-parse --show-toplevel [1ms]
2024-03-14 14:33:37.274 [info] > git rev-parse --show-toplevel [0ms]
2024-03-14 14:33:37.278 [info] > git rev-parse --show-toplevel [1ms]
2024-03-14 14:33:37.282 [info] > git rev-parse --show-toplevel [1ms]
2024-03-14 14:33:37.285 [info] > git rev-parse --show-toplevel [1ms]
2024-03-14 14:33:37.288 [info] > git rev-parse --show-toplevel [0ms]
2024-03-14 14:33:37.292 [info] > git rev-parse --show-toplevel [1ms]
2024-03-14 14:33:37.295 [info] > git rev-parse --show-toplevel [0ms]
2024-03-14 14:33:37.299 [info] > git rev-parse --show-toplevel [1ms]
2024-03-14 14:33:37.303 [info] > git rev-parse --show-toplevel [1ms]
2024-03-14 14:33:37.533 [info] > git check-ignore -v -z --stdin [4ms]
2024-03-14 14:33:37.596 [info] > git show --textconv :wiki-wayland-0.97beta.md [4ms]
2024-03-14 14:33:37.597 [info] > git ls-files --stage -- /run/media/n30/nvme_chivos/.dotfiles/wiki-wayland-0.97beta.md [2ms]
2024-03-14 14:33:37.601 [info] > git cat-file -s f872a935c0386653714b6aadac6cc467b93c2719 [1ms]
2024-03-14 14:33:50.520 [info] > git config --get commit.template [1ms]
2024-03-14 14:33:50.534 [info] > git for-each-ref --format=%(refname)%00%(upstream:short)%00%(objectname)%00%(upstream:track)%00%(upstream:remotename)%00%(upstream:remoteref) refs/heads/main refs/remotes/main [1ms]
2024-03-14 14:33:50.577 [info] > git status -z -uall [33ms]
2024-03-14 14:33:57.874 [info] > git config --get commit.template [1ms]
2024-03-14 14:33:57.880 [info] > git for-each-ref --format=%(refname)%00%(upstream:short)%00%(objectname)%00%(upstream:track)%00%(upstream:remotename)%00%(upstream:remoteref) refs/heads/main refs/remotes/main [1ms]
2024-03-14 14:33:57.904 [info] > git status -z -uall [19ms]
2024-03-14 14:34:08.403 [info] > git config --get commit.template [1ms]
2024-03-14 14:34:08.409 [info] > git for-each-ref --format=%(refname)%00%(upstream:short)%00%(objectname)%00%(upstream:track)%00%(upstream:remotename)%00%(upstream:remoteref) refs/heads/main refs/remotes/main [1ms]
2024-03-14 14:34:08.435 [info] > git status -z -uall [22ms]
2024-03-14 14:40:47.647 [info] > git config --get commit.template [4ms]
2024-03-14 14:40:47.647 [info] > git for-each-ref --format=%(refname)%00%(upstream:short)%00%(objectname)%00%(upstream:track)%00%(upstream:remotename)%00%(upstream:remoteref) refs/heads/main refs/remotes/main [1ms]
2024-03-14 14:40:47.672 [info] > git status -z -uall [21ms]
2024-03-14 14:48:05.579 [info] > git config --get commit.template [4ms]
2024-03-14 14:48:05.579 [info] > git for-each-ref --format=%(refname)%00%(upstream:short)%00%(objectname)%00%(upstream:track)%00%(upstream:remotename)%00%(upstream:remoteref) refs/heads/main refs/remotes/main [0ms]
2024-03-14 14:48:05.613 [info] > git status -z -uall [30ms]
2024-03-14 15:16:29.479 [info] > git config --get commit.template [16ms]
2024-03-14 15:16:29.480 [info] > git for-each-ref --format=%(refname)%00%(upstream:short)%00%(objectname)%00%(upstream:track)%00%(upstream:remotename)%00%(upstream:remoteref) refs/heads/main refs/remotes/main [2ms]
2024-03-14 15:16:29.514 [info] > git status -z -uall [25ms]
2024-03-14 15:16:34.555 [info] > git config --get commit.template [10ms]
2024-03-14 15:16:34.555 [info] > git for-each-ref --format=%(refname)%00%(upstream:short)%00%(objectname)%00%(upstream:track)%00%(upstream:remotename)%00%(upstream:remoteref) refs/heads/main refs/remotes/main [2ms]
2024-03-14 15:16:34.583 [info] > git status -z -uall [22ms]
2024-03-14 15:16:39.614 [info] > git config --get commit.template [7ms]
2024-03-14 15:16:39.615 [info] > git for-each-ref --format=%(refname)%00%(upstream:short)%00%(objectname)%00%(upstream:track)%00%(upstream:remotename)%00%(upstream:remoteref) refs/heads/main refs/remotes/main [1ms]
2024-03-14 15:16:39.641 [info] > git status -z -uall [21ms]
2024-03-14 15:16:44.667 [info] > git config --get commit.template [5ms]
2024-03-14 15:16:44.668 [info] > git for-each-ref --format=%(refname)%00%(upstream:short)%00%(objectname)%00%(upstream:track)%00%(upstream:remotename)%00%(upstream:remoteref) refs/heads/main refs/remotes/main [1ms]
2024-03-14 15:16:44.704 [info] > git status -z -uall [28ms]
2024-03-14 15:16:49.732 [info] > git config --get commit.template [5ms]
2024-03-14 15:16:49.733 [info] > git for-each-ref --format=%(refname)%00%(upstream:short)%00%(objectname)%00%(upstream:track)%00%(upstream:remotename)%00%(upstream:remoteref) refs/heads/main refs/remotes/main [2ms]
2024-03-14 15:16:49.780 [info] > git status -z -uall [41ms]
2024-03-14 15:16:54.813 [info] > git config --get commit.template [4ms]
2024-03-14 15:16:54.820 [info] > git for-each-ref --format=%(refname)%00%(upstream:short)%00%(objectname)%00%(upstream:track)%00%(upstream:remotename)%00%(upstream:remoteref) refs/heads/main refs/remotes/main [1ms]
2024-03-14 15:16:54.849 [info] > git status -z -uall [21ms]
2024-03-14 15:16:59.875 [info] > git config --get commit.template [4ms]
2024-03-14 15:16:59.875 [info] > git for-each-ref --format=%(refname)%00%(upstream:short)%00%(objectname)%00%(upstream:track)%00%(upstream:remotename)%00%(upstream:remoteref) refs/heads/main refs/remotes/main [0ms]
2024-03-14 15:16:59.905 [info] > git status -z -uall [24ms]
2024-03-14 15:17:04.933 [info] > git config --get commit.template [6ms]
2024-03-14 15:17:04.933 [info] > git for-each-ref --format=%(refname)%00%(upstream:short)%00%(objectname)%00%(upstream:track)%00%(upstream:remotename)%00%(upstream:remoteref) refs/heads/main refs/remotes/main [1ms]
2024-03-14 15:17:04.976 [info] > git status -z -uall [37ms]
2024-03-14 15:17:10.005 [info] > git config --get commit.template [3ms]
2024-03-14 15:17:10.011 [info] > git for-each-ref --format=%(refname)%00%(upstream:short)%00%(objectname)%00%(upstream:track)%00%(upstream:remotename)%00%(upstream:remoteref) refs/heads/main refs/remotes/main [1ms]
2024-03-14 15:17:10.042 [info] > git status -z -uall [22ms]
2024-03-14 15:17:15.076 [info] > git config --get commit.template [10ms]
2024-03-14 15:17:15.076 [info] > git for-each-ref --format=%(refname)%00%(upstream:short)%00%(objectname)%00%(upstream:track)%00%(upstream:remotename)%00%(upstream:remoteref) refs/heads/main refs/remotes/main [1ms]
2024-03-14 15:17:15.126 [info] > git status -z -uall [44ms]
2024-03-14 15:17:20.152 [info] > git config --get commit.template [6ms]
2024-03-14 15:17:20.152 [info] > git for-each-ref --format=%(refname)%00%(upstream:short)%00%(objectname)%00%(upstream:track)%00%(upstream:remotename)%00%(upstream:remoteref) refs/heads/main refs/remotes/main [1ms]
2024-03-14 15:17:20.179 [info] > git status -z -uall [19ms]
2024-03-14 15:17:25.216 [info] > git config --get commit.template [9ms]
2024-03-14 15:17:25.216 [info] > git for-each-ref --format=%(refname)%00%(upstream:short)%00%(objectname)%00%(upstream:track)%00%(upstream:remotename)%00%(upstream:remoteref) refs/heads/main refs/remotes/main [0ms]
2024-03-14 15:17:25.248 [info] > git status -z -uall [27ms]
2024-03-14 15:17:30.275 [info] > git config --get commit.template [5ms]
2024-03-14 15:17:30.276 [info] > git for-each-ref --format=%(refname)%00%(upstream:short)%00%(objectname)%00%(upstream:track)%00%(upstream:remotename)%00%(upstream:remoteref) refs/heads/main refs/remotes/main [1ms]
2024-03-14 15:17:30.306 [info] > git status -z -uall [24ms]
2024-03-14 15:17:35.336 [info] > git config --get commit.template [4ms]
2024-03-14 15:17:35.336 [info] > git for-each-ref --format=%(refname)%00%(upstream:short)%00%(objectname)%00%(upstream:track)%00%(upstream:remotename)%00%(upstream:remoteref) refs/heads/main refs/remotes/main [1ms]
2024-03-14 15:17:35.378 [info] > git status -z -uall [37ms]
2024-03-14 15:17:40.411 [info] > git config --get commit.template [7ms]
2024-03-14 15:17:40.412 [info] > git for-each-ref --format=%(refname)%00%(upstream:short)%00%(objectname)%00%(upstream:track)%00%(upstream:remotename)%00%(upstream:remoteref) refs/heads/main refs/remotes/main [1ms]
2024-03-14 15:17:40.470 [info] > git status -z -uall [51ms]
2024-03-14 15:17:45.494 [info] > git config --get commit.template [1ms]
2024-03-14 15:17:45.505 [info] > git for-each-ref --format=%(refname)%00%(upstream:short)%00%(objectname)%00%(upstream:track)%00%(upstream:remotename)%00%(upstream:remoteref) refs/heads/main refs/remotes/main [0ms]
2024-03-14 15:17:45.537 [info] > git status -z -uall [26ms]
2024-03-14 15:17:50.559 [info] > git config --get commit.template [1ms]
2024-03-14 15:17:50.568 [info] > git for-each-ref --format=%(refname)%00%(upstream:short)%00%(objectname)%00%(upstream:track)%00%(upstream:remotename)%00%(upstream:remoteref) refs/heads/main refs/remotes/main [3ms]
2024-03-14 15:17:50.600 [info] > git status -z -uall [25ms]
2024-03-14 15:17:55.632 [info] > git config --get commit.template [4ms]
2024-03-14 15:17:55.633 [info] > git for-each-ref --format=%(refname)%00%(upstream:short)%00%(objectname)%00%(upstream:track)%00%(upstream:remotename)%00%(upstream:remoteref) refs/heads/main refs/remotes/main [1ms]
2024-03-14 15:17:55.669 [info] > git status -z -uall [29ms]
2024-03-14 15:18:00.700 [info] > git config --get commit.template [5ms]
2024-03-14 15:18:00.700 [info] > git for-each-ref --format=%(refname)%00%(upstream:short)%00%(objectname)%00%(upstream:track)%00%(upstream:remotename)%00%(upstream:remoteref) refs/heads/main refs/remotes/main [1ms]
2024-03-14 15:18:00.731 [info] > git status -z -uall [26ms]
2024-03-14 15:24:58.627 [info] > git config --get commit.template [7ms]
2024-03-14 15:24:58.627 [info] > git for-each-ref --format=%(refname)%00%(upstream:short)%00%(objectname)%00%(upstream:track)%00%(upstream:remotename)%00%(upstream:remoteref) refs/heads/main refs/remotes/main [1ms]
2024-03-14 15:24:58.662 [info] > git status -z -uall [27ms]
2024-03-14 15:25:03.693 [info] > git config --get commit.template [6ms]
2024-03-14 15:25:03.693 [info] > git for-each-ref --format=%(refname)%00%(upstream:short)%00%(objectname)%00%(upstream:track)%00%(upstream:remotename)%00%(upstream:remoteref) refs/heads/main refs/remotes/main [1ms]
2024-03-14 15:25:03.716 [info] > git status -z -uall [19ms]
2024-03-14 15:25:08.743 [info] > git config --get commit.template [6ms]
2024-03-14 15:25:08.744 [info] > git for-each-ref --format=%(refname)%00%(upstream:short)%00%(objectname)%00%(upstream:track)%00%(upstream:remotename)%00%(upstream:remoteref) refs/heads/main refs/remotes/main [2ms]
2024-03-14 15:25:08.781 [info] > git status -z -uall [32ms]
2024-03-14 15:25:13.821 [info] > git config --get commit.template [5ms]
2024-03-14 15:25:13.821 [info] > git for-each-ref --format=%(refname)%00%(upstream:short)%00%(objectname)%00%(upstream:track)%00%(upstream:remotename)%00%(upstream:remoteref) refs/heads/main refs/remotes/main [0ms]
2024-03-14 15:25:13.845 [info] > git status -z -uall [20ms]
2024-03-14 17:32:07.755 [info] > git config --get commit.template [4ms]
2024-03-14 17:32:07.756 [info] > git for-each-ref --format=%(refname)%00%(upstream:short)%00%(objectname)%00%(upstream:track)%00%(upstream:remotename)%00%(upstream:remoteref) refs/heads/main refs/remotes/main [1ms]
2024-03-14 17:32:07.787 [info] > git status -z -uall [28ms]
2024-03-14 18:23:25.063 [info] > git config --get commit.template [2ms]
2024-03-14 18:23:25.078 [info] > git for-each-ref --format=%(refname)%00%(upstream:short)%00%(objectname)%00%(upstream:track)%00%(upstream:remotename)%00%(upstream:remoteref) refs/heads/main refs/remotes/main [3ms]
2024-03-14 18:23:25.105 [info] > git status -z -uall [22ms]
2024-03-14 21:39:28.228 [info] > git config --get commit.template [0ms]
2024-03-14 21:39:28.233 [info] > git for-each-ref --format=%(refname)%00%(upstream:short)%00%(objectname)%00%(upstream:track)%00%(upstream:remotename)%00%(upstream:remoteref) refs/heads/main refs/remotes/main [1ms]
2024-03-14 21:39:28.261 [info] > git status -z -uall [23ms]
2024-03-14 21:40:58.170 [info] > git config --get commit.template [4ms]
2024-03-14 21:40:58.170 [info] > git for-each-ref --format=%(refname)%00%(upstream:short)%00%(objectname)%00%(upstream:track)%00%(upstream:remotename)%00%(upstream:remoteref) refs/heads/main refs/remotes/main [0ms]
2024-03-14 21:40:58.230 [info] > git status -z -uall [56ms]
