2024-03-16 07:26:30.779 [info] Log level: Info
2024-03-16 07:26:30.779 [info] Validating found git in: "git"
2024-03-16 07:26:30.779 [info] Using git "2.44.0" from "git"
2024-03-16 07:26:30.779 [info] > git rev-parse --show-toplevel [5ms]
2024-03-16 07:26:30.779 [info] > git rev-parse --git-dir --git-common-dir [9ms]
2024-03-16 07:26:30.779 [info] Open repository: /run/media/n30/nvme_chivos/.dotfiles
2024-03-16 07:26:30.786 [info] > git rev-parse --show-toplevel [1ms]
2024-03-16 07:26:30.786 [info] > git config --get commit.template [4ms]
2024-03-16 07:26:30.794 [info] > git rev-parse --show-toplevel [4ms]
2024-03-16 07:26:30.798 [info] > git for-each-ref --format=%(refname)%00%(upstream:short)%00%(objectname)%00%(upstream:track)%00%(upstream:remotename)%00%(upstream:remoteref) refs/heads/main refs/remotes/main [4ms]
2024-03-16 07:26:30.802 [info] > git rev-parse --show-toplevel [4ms]
2024-03-16 07:26:30.807 [info] > git rev-parse --show-toplevel [1ms]
2024-03-16 07:26:30.811 [info] > git rev-parse --show-toplevel [1ms]
2024-03-16 07:26:30.814 [info] > git rev-parse --show-toplevel [0ms]
2024-03-16 07:26:30.819 [info] > git rev-parse --show-toplevel [0ms]
2024-03-16 07:26:30.822 [info] > git rev-parse --show-toplevel [0ms]
2024-03-16 07:26:30.825 [info] > git rev-parse --show-toplevel [0ms]
2024-03-16 07:26:30.829 [info] > git rev-parse --show-toplevel [1ms]
2024-03-16 07:26:30.832 [info] > git rev-parse --show-toplevel [1ms]
2024-03-16 07:26:30.835 [info] > git status -z -uall [33ms]
2024-03-16 07:26:30.835 [info] > git rev-parse --show-toplevel [1ms]
2024-03-16 07:26:30.860 [info] > git rev-parse --show-toplevel [3ms]
2024-03-16 07:26:30.864 [info] > git config --get commit.template [4ms]
2024-03-16 07:26:30.867 [info] > git rev-parse --show-toplevel [3ms]
2024-03-16 07:26:30.871 [info] > git for-each-ref --format=%(refname)%00%(upstream:short)%00%(objectname)%00%(upstream:track)%00%(upstream:remotename)%00%(upstream:remoteref) refs/heads/main refs/remotes/main [3ms]
2024-03-16 07:26:30.874 [info] > git rev-parse --show-toplevel [4ms]
2024-03-16 07:26:30.877 [info] > git rev-parse --show-toplevel [1ms]
2024-03-16 07:26:30.946 [info] > git status -z -uall [73ms]
2024-03-16 07:26:30.946 [info] > git rev-parse --show-toplevel [67ms]
2024-03-16 07:26:30.970 [info] > git rev-parse --show-toplevel [20ms]
2024-03-16 07:26:30.976 [info] > git rev-parse --show-toplevel [1ms]
2024-03-16 07:26:30.980 [info] > git rev-parse --show-toplevel [0ms]
2024-03-16 07:26:30.984 [info] > git rev-parse --show-toplevel [1ms]
2024-03-16 07:26:30.988 [info] > git rev-parse --show-toplevel [1ms]
2024-03-16 07:26:30.992 [info] > git rev-parse --show-toplevel [1ms]
2024-03-16 07:26:30.996 [info] > git rev-parse --show-toplevel [1ms]
2024-03-16 07:26:30.999 [info] > git rev-parse --show-toplevel [0ms]
2024-03-16 07:26:31.003 [info] > git rev-parse --show-toplevel [1ms]
2024-03-16 07:26:31.007 [info] > git rev-parse --show-toplevel [1ms]
2024-03-16 07:26:31.011 [info] > git rev-parse --show-toplevel [0ms]
2024-03-16 07:26:31.014 [info] > git rev-parse --show-toplevel [0ms]
2024-03-16 07:26:31.018 [info] > git rev-parse --show-toplevel [0ms]
2024-03-16 07:26:31.022 [info] > git rev-parse --show-toplevel [0ms]
2024-03-16 07:26:31.026 [info] > git rev-parse --show-toplevel [1ms]
2024-03-16 07:26:31.029 [info] > git rev-parse --show-toplevel [0ms]
2024-03-16 07:26:31.033 [info] > git rev-parse --show-toplevel [1ms]
2024-03-16 07:26:31.037 [info] > git rev-parse --show-toplevel [1ms]
2024-03-16 07:26:31.040 [info] > git rev-parse --show-toplevel [0ms]
2024-03-16 07:26:31.044 [info] > git rev-parse --show-toplevel [1ms]
2024-03-16 07:26:31.048 [info] > git rev-parse --show-toplevel [1ms]
2024-03-16 07:26:31.134 [info] > git rev-parse --show-toplevel [81ms]
2024-03-16 07:26:31.309 [info] > git check-ignore -v -z --stdin [7ms]
2024-03-16 07:26:31.350 [info] > git show --textconv :wiki-wayland-0.97beta.md [8ms]
2024-03-16 07:26:31.352 [info] > git ls-files --stage -- /run/media/n30/nvme_chivos/.dotfiles/wiki-wayland-0.97beta.md [2ms]
2024-03-16 07:26:31.358 [info] > git cat-file -s f872a935c0386653714b6aadac6cc467b93c2719 [1ms]
2024-03-16 07:26:33.529 [info] > git config --get commit.template [14ms]
2024-03-16 07:26:33.530 [info] > git for-each-ref --format=%(refname)%00%(upstream:short)%00%(objectname)%00%(upstream:track)%00%(upstream:remotename)%00%(upstream:remoteref) refs/heads/main refs/remotes/main [2ms]
2024-03-16 07:26:33.570 [info] > git status -z -uall [29ms]
2024-03-16 07:26:38.593 [info] > git config --get commit.template [5ms]
2024-03-16 07:26:38.594 [info] > git for-each-ref --format=%(refname)%00%(upstream:short)%00%(objectname)%00%(upstream:track)%00%(upstream:remotename)%00%(upstream:remoteref) refs/heads/main refs/remotes/main [1ms]
2024-03-16 07:26:38.619 [info] > git status -z -uall [21ms]
2024-03-16 07:29:04.239 [info] > git config --get commit.template [1ms]
2024-03-16 07:29:04.244 [info] > git for-each-ref --format=%(refname)%00%(upstream:short)%00%(objectname)%00%(upstream:track)%00%(upstream:remotename)%00%(upstream:remoteref) refs/heads/main refs/remotes/main [0ms]
2024-03-16 07:29:04.266 [info] > git status -z -uall [19ms]
2024-03-16 07:29:09.295 [info] > git config --get commit.template [4ms]
2024-03-16 07:29:09.295 [info] > git for-each-ref --format=%(refname)%00%(upstream:short)%00%(objectname)%00%(upstream:track)%00%(upstream:remotename)%00%(upstream:remoteref) refs/heads/main refs/remotes/main [1ms]
2024-03-16 07:29:09.319 [info] > git status -z -uall [21ms]
2024-03-16 07:29:17.303 [info] > git config --get commit.template [6ms]
2024-03-16 07:29:17.303 [info] > git for-each-ref --format=%(refname)%00%(upstream:short)%00%(objectname)%00%(upstream:track)%00%(upstream:remotename)%00%(upstream:remoteref) refs/heads/main refs/remotes/main [1ms]
2024-03-16 07:29:17.327 [info] > git status -z -uall [20ms]
2024-03-16 07:31:37.331 [info] > git config --get commit.template [8ms]
2024-03-16 07:31:37.331 [info] > git for-each-ref --format=%(refname)%00%(upstream:short)%00%(objectname)%00%(upstream:track)%00%(upstream:remotename)%00%(upstream:remoteref) refs/heads/main refs/remotes/main [0ms]
2024-03-16 07:31:37.359 [info] > git status -z -uall [22ms]
2024-03-16 07:31:42.382 [info] > git config --get commit.template [4ms]
2024-03-16 07:31:42.383 [info] > git for-each-ref --format=%(refname)%00%(upstream:short)%00%(objectname)%00%(upstream:track)%00%(upstream:remotename)%00%(upstream:remoteref) refs/heads/main refs/remotes/main [1ms]
2024-03-16 07:31:42.408 [info] > git status -z -uall [22ms]
2024-03-16 07:31:47.439 [info] > git config --get commit.template [9ms]
2024-03-16 07:31:47.439 [info] > git for-each-ref --format=%(refname)%00%(upstream:short)%00%(objectname)%00%(upstream:track)%00%(upstream:remotename)%00%(upstream:remoteref) refs/heads/main refs/remotes/main [2ms]
2024-03-16 07:31:47.483 [info] > git status -z -uall [35ms]
2024-03-16 07:31:52.504 [info] > git config --get commit.template [3ms]
2024-03-16 07:31:52.504 [info] > git for-each-ref --format=%(refname)%00%(upstream:short)%00%(objectname)%00%(upstream:track)%00%(upstream:remotename)%00%(upstream:remoteref) refs/heads/main refs/remotes/main [0ms]
2024-03-16 07:31:52.526 [info] > git status -z -uall [19ms]
2024-03-16 07:31:57.565 [info] > git config --get commit.template [12ms]
2024-03-16 07:31:57.565 [info] > git for-each-ref --format=%(refname)%00%(upstream:short)%00%(objectname)%00%(upstream:track)%00%(upstream:remotename)%00%(upstream:remoteref) refs/heads/main refs/remotes/main [1ms]
2024-03-16 07:31:57.608 [info] > git status -z -uall [37ms]
2024-03-16 07:32:02.650 [info] > git config --get commit.template [9ms]
2024-03-16 07:32:02.651 [info] > git for-each-ref --format=%(refname)%00%(upstream:short)%00%(objectname)%00%(upstream:track)%00%(upstream:remotename)%00%(upstream:remoteref) refs/heads/main refs/remotes/main [1ms]
2024-03-16 07:32:02.693 [info] > git status -z -uall [38ms]
2024-03-16 07:32:07.722 [info] > git config --get commit.template [6ms]
2024-03-16 07:32:07.722 [info] > git for-each-ref --format=%(refname)%00%(upstream:short)%00%(objectname)%00%(upstream:track)%00%(upstream:remotename)%00%(upstream:remoteref) refs/heads/main refs/remotes/main [1ms]
2024-03-16 07:32:07.747 [info] > git status -z -uall [20ms]
2024-03-16 07:32:12.769 [info] > git config --get commit.template [5ms]
2024-03-16 07:32:12.770 [info] > git for-each-ref --format=%(refname)%00%(upstream:short)%00%(objectname)%00%(upstream:track)%00%(upstream:remotename)%00%(upstream:remoteref) refs/heads/main refs/remotes/main [1ms]
2024-03-16 07:32:12.799 [info] > git status -z -uall [24ms]
2024-03-16 07:32:17.836 [info] > git config --get commit.template [12ms]
2024-03-16 07:32:17.837 [info] > git for-each-ref --format=%(refname)%00%(upstream:short)%00%(objectname)%00%(upstream:track)%00%(upstream:remotename)%00%(upstream:remoteref) refs/heads/main refs/remotes/main [1ms]
2024-03-16 07:32:17.871 [info] > git status -z -uall [29ms]
2024-03-16 07:32:22.906 [info] > git config --get commit.template [5ms]
2024-03-16 07:32:22.907 [info] > git for-each-ref --format=%(refname)%00%(upstream:short)%00%(objectname)%00%(upstream:track)%00%(upstream:remotename)%00%(upstream:remoteref) refs/heads/main refs/remotes/main [1ms]
2024-03-16 07:32:22.934 [info] > git status -z -uall [24ms]
2024-03-16 07:32:27.957 [info] > git config --get commit.template [4ms]
2024-03-16 07:32:27.958 [info] > git for-each-ref --format=%(refname)%00%(upstream:short)%00%(objectname)%00%(upstream:track)%00%(upstream:remotename)%00%(upstream:remoteref) refs/heads/main refs/remotes/main [1ms]
2024-03-16 07:32:27.985 [info] > git status -z -uall [23ms]
2024-03-16 07:32:33.021 [info] > git config --get commit.template [10ms]
2024-03-16 07:32:33.022 [info] > git for-each-ref --format=%(refname)%00%(upstream:short)%00%(objectname)%00%(upstream:track)%00%(upstream:remotename)%00%(upstream:remoteref) refs/heads/main refs/remotes/main [2ms]
2024-03-16 07:32:33.049 [info] > git status -z -uall [23ms]
2024-03-16 07:32:38.074 [info] > git config --get commit.template [5ms]
2024-03-16 07:32:38.074 [info] > git for-each-ref --format=%(refname)%00%(upstream:short)%00%(objectname)%00%(upstream:track)%00%(upstream:remotename)%00%(upstream:remoteref) refs/heads/main refs/remotes/main [1ms]
2024-03-16 07:32:38.100 [info] > git status -z -uall [22ms]
2024-03-16 07:32:43.132 [info] > git config --get commit.template [7ms]
2024-03-16 07:32:43.132 [info] > git for-each-ref --format=%(refname)%00%(upstream:short)%00%(objectname)%00%(upstream:track)%00%(upstream:remotename)%00%(upstream:remoteref) refs/heads/main refs/remotes/main [1ms]
2024-03-16 07:32:43.158 [info] > git status -z -uall [22ms]
2024-03-16 07:32:48.190 [info] > git config --get commit.template [5ms]
2024-03-16 07:32:48.190 [info] > git for-each-ref --format=%(refname)%00%(upstream:short)%00%(objectname)%00%(upstream:track)%00%(upstream:remotename)%00%(upstream:remoteref) refs/heads/main refs/remotes/main [0ms]
2024-03-16 07:32:48.212 [info] > git status -z -uall [18ms]
2024-03-16 07:32:53.237 [info] > git config --get commit.template [4ms]
2024-03-16 07:32:53.237 [info] > git for-each-ref --format=%(refname)%00%(upstream:short)%00%(objectname)%00%(upstream:track)%00%(upstream:remotename)%00%(upstream:remoteref) refs/heads/main refs/remotes/main [0ms]
2024-03-16 07:32:53.263 [info] > git status -z -uall [22ms]
2024-03-16 07:32:58.285 [info] > git config --get commit.template [4ms]
2024-03-16 07:32:58.286 [info] > git for-each-ref --format=%(refname)%00%(upstream:short)%00%(objectname)%00%(upstream:track)%00%(upstream:remotename)%00%(upstream:remoteref) refs/heads/main refs/remotes/main [1ms]
2024-03-16 07:32:58.316 [info] > git status -z -uall [25ms]
2024-03-16 07:33:03.338 [info] > git config --get commit.template [4ms]
2024-03-16 07:33:03.338 [info] > git for-each-ref --format=%(refname)%00%(upstream:short)%00%(objectname)%00%(upstream:track)%00%(upstream:remotename)%00%(upstream:remoteref) refs/heads/main refs/remotes/main [0ms]
2024-03-16 07:33:03.362 [info] > git status -z -uall [20ms]
2024-03-16 07:33:08.395 [info] > git config --get commit.template [5ms]
2024-03-16 07:33:08.396 [info] > git for-each-ref --format=%(refname)%00%(upstream:short)%00%(objectname)%00%(upstream:track)%00%(upstream:remotename)%00%(upstream:remoteref) refs/heads/main refs/remotes/main [1ms]
2024-03-16 07:33:08.422 [info] > git status -z -uall [21ms]
2024-03-16 07:33:13.446 [info] > git config --get commit.template [5ms]
2024-03-16 07:33:13.446 [info] > git for-each-ref --format=%(refname)%00%(upstream:short)%00%(objectname)%00%(upstream:track)%00%(upstream:remotename)%00%(upstream:remoteref) refs/heads/main refs/remotes/main [1ms]
2024-03-16 07:33:13.475 [info] > git status -z -uall [24ms]
2024-03-16 07:33:18.502 [info] > git config --get commit.template [5ms]
2024-03-16 07:33:18.503 [info] > git for-each-ref --format=%(refname)%00%(upstream:short)%00%(objectname)%00%(upstream:track)%00%(upstream:remotename)%00%(upstream:remoteref) refs/heads/main refs/remotes/main [1ms]
2024-03-16 07:33:18.526 [info] > git status -z -uall [19ms]
2024-03-16 07:33:23.553 [info] > git config --get commit.template [6ms]
2024-03-16 07:33:23.553 [info] > git for-each-ref --format=%(refname)%00%(upstream:short)%00%(objectname)%00%(upstream:track)%00%(upstream:remotename)%00%(upstream:remoteref) refs/heads/main refs/remotes/main [1ms]
2024-03-16 07:33:23.586 [info] > git status -z -uall [25ms]
2024-03-16 07:33:28.614 [info] > git config --get commit.template [7ms]
2024-03-16 07:33:28.614 [info] > git for-each-ref --format=%(refname)%00%(upstream:short)%00%(objectname)%00%(upstream:track)%00%(upstream:remotename)%00%(upstream:remoteref) refs/heads/main refs/remotes/main [1ms]
2024-03-16 07:33:28.663 [info] > git status -z -uall [39ms]
2024-03-16 07:33:33.687 [info] > git config --get commit.template [4ms]
2024-03-16 07:33:33.687 [info] > git for-each-ref --format=%(refname)%00%(upstream:short)%00%(objectname)%00%(upstream:track)%00%(upstream:remotename)%00%(upstream:remoteref) refs/heads/main refs/remotes/main [0ms]
2024-03-16 07:33:33.711 [info] > git status -z -uall [21ms]
2024-03-16 07:33:38.736 [info] > git config --get commit.template [5ms]
2024-03-16 07:33:38.736 [info] > git for-each-ref --format=%(refname)%00%(upstream:short)%00%(objectname)%00%(upstream:track)%00%(upstream:remotename)%00%(upstream:remoteref) refs/heads/main refs/remotes/main [0ms]
2024-03-16 07:33:38.764 [info] > git status -z -uall [22ms]
2024-03-16 07:33:43.794 [info] > git config --get commit.template [6ms]
2024-03-16 07:33:43.795 [info] > git for-each-ref --format=%(refname)%00%(upstream:short)%00%(objectname)%00%(upstream:track)%00%(upstream:remotename)%00%(upstream:remoteref) refs/heads/main refs/remotes/main [1ms]
2024-03-16 07:33:43.822 [info] > git status -z -uall [22ms]
2024-03-16 07:33:48.847 [info] > git config --get commit.template [4ms]
2024-03-16 07:33:48.847 [info] > git for-each-ref --format=%(refname)%00%(upstream:short)%00%(objectname)%00%(upstream:track)%00%(upstream:remotename)%00%(upstream:remoteref) refs/heads/main refs/remotes/main [0ms]
2024-03-16 07:33:48.870 [info] > git status -z -uall [19ms]
2024-03-16 07:33:53.906 [info] > git for-each-ref --format=%(refname)%00%(upstream:short)%00%(objectname)%00%(upstream:track)%00%(upstream:remotename)%00%(upstream:remoteref) refs/heads/main refs/remotes/main [1ms]
2024-03-16 07:33:53.907 [info] > git config --get commit.template [9ms]
2024-03-16 07:33:53.929 [info] > git status -z -uall [19ms]
2024-03-16 07:33:58.955 [info] > git config --get commit.template [6ms]
2024-03-16 07:33:58.955 [info] > git for-each-ref --format=%(refname)%00%(upstream:short)%00%(objectname)%00%(upstream:track)%00%(upstream:remotename)%00%(upstream:remoteref) refs/heads/main refs/remotes/main [1ms]
2024-03-16 07:33:58.979 [info] > git status -z -uall [19ms]
2024-03-16 07:34:04.007 [info] > git config --get commit.template [10ms]
2024-03-16 07:34:04.008 [info] > git for-each-ref --format=%(refname)%00%(upstream:short)%00%(objectname)%00%(upstream:track)%00%(upstream:remotename)%00%(upstream:remoteref) refs/heads/main refs/remotes/main [2ms]
2024-03-16 07:34:04.041 [info] > git status -z -uall [24ms]
2024-03-16 07:34:09.066 [info] > git config --get commit.template [2ms]
2024-03-16 07:34:09.075 [info] > git for-each-ref --format=%(refname)%00%(upstream:short)%00%(objectname)%00%(upstream:track)%00%(upstream:remotename)%00%(upstream:remoteref) refs/heads/main refs/remotes/main [1ms]
2024-03-16 07:34:09.110 [info] > git status -z -uall [27ms]
2024-03-16 07:34:14.137 [info] > git config --get commit.template [3ms]
2024-03-16 07:34:14.138 [info] > git for-each-ref --format=%(refname)%00%(upstream:short)%00%(objectname)%00%(upstream:track)%00%(upstream:remotename)%00%(upstream:remoteref) refs/heads/main refs/remotes/main [1ms]
2024-03-16 07:34:14.159 [info] > git status -z -uall [19ms]
2024-03-16 07:34:19.190 [info] > git config --get commit.template [6ms]
2024-03-16 07:34:19.190 [info] > git for-each-ref --format=%(refname)%00%(upstream:short)%00%(objectname)%00%(upstream:track)%00%(upstream:remotename)%00%(upstream:remoteref) refs/heads/main refs/remotes/main [1ms]
2024-03-16 07:34:19.211 [info] > git status -z -uall [18ms]
2024-03-16 07:34:24.246 [info] > git config --get commit.template [1ms]
2024-03-16 07:34:24.265 [info] > git for-each-ref --format=%(refname)%00%(upstream:short)%00%(objectname)%00%(upstream:track)%00%(upstream:remotename)%00%(upstream:remoteref) refs/heads/main refs/remotes/main [3ms]
2024-03-16 07:34:24.289 [info] > git status -z -uall [19ms]
2024-03-16 07:34:29.322 [info] > git config --get commit.template [8ms]
2024-03-16 07:34:29.322 [info] > git for-each-ref --format=%(refname)%00%(upstream:short)%00%(objectname)%00%(upstream:track)%00%(upstream:remotename)%00%(upstream:remoteref) refs/heads/main refs/remotes/main [1ms]
2024-03-16 07:34:29.352 [info] > git status -z -uall [22ms]
2024-03-16 07:34:34.373 [info] > git config --get commit.template [5ms]
2024-03-16 07:34:34.373 [info] > git for-each-ref --format=%(refname)%00%(upstream:short)%00%(objectname)%00%(upstream:track)%00%(upstream:remotename)%00%(upstream:remoteref) refs/heads/main refs/remotes/main [0ms]
2024-03-16 07:34:34.396 [info] > git status -z -uall [19ms]
2024-03-16 07:34:39.414 [info] > git config --get commit.template [1ms]
2024-03-16 07:34:39.420 [info] > git for-each-ref --format=%(refname)%00%(upstream:short)%00%(objectname)%00%(upstream:track)%00%(upstream:remotename)%00%(upstream:remoteref) refs/heads/main refs/remotes/main [0ms]
2024-03-16 07:34:39.443 [info] > git status -z -uall [19ms]
2024-03-16 07:34:44.474 [info] > git config --get commit.template [9ms]
2024-03-16 07:34:44.475 [info] > git for-each-ref --format=%(refname)%00%(upstream:short)%00%(objectname)%00%(upstream:track)%00%(upstream:remotename)%00%(upstream:remoteref) refs/heads/main refs/remotes/main [1ms]
2024-03-16 07:34:44.515 [info] > git status -z -uall [35ms]
2024-03-16 07:34:49.538 [info] > git config --get commit.template [1ms]
2024-03-16 07:34:49.542 [info] > git for-each-ref --format=%(refname)%00%(upstream:short)%00%(objectname)%00%(upstream:track)%00%(upstream:remotename)%00%(upstream:remoteref) refs/heads/main refs/remotes/main [0ms]
2024-03-16 07:34:49.566 [info] > git status -z -uall [19ms]
2024-03-16 07:34:54.584 [info] > git config --get commit.template [1ms]
2024-03-16 07:34:54.589 [info] > git for-each-ref --format=%(refname)%00%(upstream:short)%00%(objectname)%00%(upstream:track)%00%(upstream:remotename)%00%(upstream:remoteref) refs/heads/main refs/remotes/main [1ms]
2024-03-16 07:34:54.617 [info] > git status -z -uall [25ms]
2024-03-16 07:34:59.649 [info] > git config --get commit.template [5ms]
2024-03-16 07:34:59.650 [info] > git for-each-ref --format=%(refname)%00%(upstream:short)%00%(objectname)%00%(upstream:track)%00%(upstream:remotename)%00%(upstream:remoteref) refs/heads/main refs/remotes/main [1ms]
2024-03-16 07:34:59.672 [info] > git status -z -uall [19ms]
2024-03-16 07:35:04.710 [info] > git config --get commit.template [8ms]
2024-03-16 07:35:04.710 [info] > git for-each-ref --format=%(refname)%00%(upstream:short)%00%(objectname)%00%(upstream:track)%00%(upstream:remotename)%00%(upstream:remoteref) refs/heads/main refs/remotes/main [0ms]
2024-03-16 07:35:04.737 [info] > git status -z -uall [23ms]
2024-03-16 07:35:09.756 [info] > git config --get commit.template [1ms]
2024-03-16 07:35:09.761 [info] > git for-each-ref --format=%(refname)%00%(upstream:short)%00%(objectname)%00%(upstream:track)%00%(upstream:remotename)%00%(upstream:remoteref) refs/heads/main refs/remotes/main [1ms]
2024-03-16 07:35:09.788 [info] > git status -z -uall [24ms]
2024-03-16 07:35:14.810 [info] > git config --get commit.template [4ms]
2024-03-16 07:35:14.810 [info] > git for-each-ref --format=%(refname)%00%(upstream:short)%00%(objectname)%00%(upstream:track)%00%(upstream:remotename)%00%(upstream:remoteref) refs/heads/main refs/remotes/main [1ms]
2024-03-16 07:35:14.836 [info] > git status -z -uall [23ms]
2024-03-16 07:35:19.864 [info] > git config --get commit.template [5ms]
2024-03-16 07:35:19.864 [info] > git for-each-ref --format=%(refname)%00%(upstream:short)%00%(objectname)%00%(upstream:track)%00%(upstream:remotename)%00%(upstream:remoteref) refs/heads/main refs/remotes/main [0ms]
2024-03-16 07:35:19.887 [info] > git status -z -uall [18ms]
2024-03-16 07:35:24.917 [info] > git config --get commit.template [8ms]
2024-03-16 07:35:24.917 [info] > git for-each-ref --format=%(refname)%00%(upstream:short)%00%(objectname)%00%(upstream:track)%00%(upstream:remotename)%00%(upstream:remoteref) refs/heads/main refs/remotes/main [1ms]
2024-03-16 07:35:24.939 [info] > git status -z -uall [18ms]
2024-03-16 07:35:29.976 [info] > git config --get commit.template [12ms]
2024-03-16 07:35:29.977 [info] > git for-each-ref --format=%(refname)%00%(upstream:short)%00%(objectname)%00%(upstream:track)%00%(upstream:remotename)%00%(upstream:remoteref) refs/heads/main refs/remotes/main [2ms]
2024-03-16 07:35:30.004 [info] > git status -z -uall [21ms]
2024-03-16 07:35:35.035 [info] > git config --get commit.template [6ms]
2024-03-16 07:35:35.036 [info] > git for-each-ref --format=%(refname)%00%(upstream:short)%00%(objectname)%00%(upstream:track)%00%(upstream:remotename)%00%(upstream:remoteref) refs/heads/main refs/remotes/main [1ms]
2024-03-16 07:35:35.070 [info] > git status -z -uall [30ms]
2024-03-16 07:35:40.094 [info] > git config --get commit.template [5ms]
2024-03-16 07:35:40.095 [info] > git for-each-ref --format=%(refname)%00%(upstream:short)%00%(objectname)%00%(upstream:track)%00%(upstream:remotename)%00%(upstream:remoteref) refs/heads/main refs/remotes/main [1ms]
2024-03-16 07:35:40.118 [info] > git status -z -uall [20ms]
2024-03-16 07:35:45.140 [info] > git config --get commit.template [4ms]
2024-03-16 07:35:45.141 [info] > git for-each-ref --format=%(refname)%00%(upstream:short)%00%(objectname)%00%(upstream:track)%00%(upstream:remotename)%00%(upstream:remoteref) refs/heads/main refs/remotes/main [1ms]
2024-03-16 07:35:45.168 [info] > git status -z -uall [24ms]
2024-03-16 07:35:50.190 [info] > git config --get commit.template [4ms]
2024-03-16 07:35:50.190 [info] > git for-each-ref --format=%(refname)%00%(upstream:short)%00%(objectname)%00%(upstream:track)%00%(upstream:remotename)%00%(upstream:remoteref) refs/heads/main refs/remotes/main [1ms]
2024-03-16 07:35:50.212 [info] > git status -z -uall [18ms]
2024-03-16 07:35:55.240 [info] > git config --get commit.template [4ms]
2024-03-16 07:35:55.240 [info] > git for-each-ref --format=%(refname)%00%(upstream:short)%00%(objectname)%00%(upstream:track)%00%(upstream:remotename)%00%(upstream:remoteref) refs/heads/main refs/remotes/main [0ms]
2024-03-16 07:35:55.278 [info] > git status -z -uall [31ms]
2024-03-16 07:36:00.303 [info] > git config --get commit.template [1ms]
2024-03-16 07:36:00.309 [info] > git for-each-ref --format=%(refname)%00%(upstream:short)%00%(objectname)%00%(upstream:track)%00%(upstream:remotename)%00%(upstream:remoteref) refs/heads/main refs/remotes/main [1ms]
2024-03-16 07:36:00.340 [info] > git status -z -uall [26ms]
2024-03-16 07:36:05.358 [info] > git config --get commit.template [1ms]
2024-03-16 07:36:05.366 [info] > git for-each-ref --format=%(refname)%00%(upstream:short)%00%(objectname)%00%(upstream:track)%00%(upstream:remotename)%00%(upstream:remoteref) refs/heads/main refs/remotes/main [2ms]
2024-03-16 07:36:05.395 [info] > git status -z -uall [25ms]
2024-03-16 07:36:10.421 [info] > git config --get commit.template [4ms]
2024-03-16 07:36:10.421 [info] > git for-each-ref --format=%(refname)%00%(upstream:short)%00%(objectname)%00%(upstream:track)%00%(upstream:remotename)%00%(upstream:remoteref) refs/heads/main refs/remotes/main [0ms]
2024-03-16 07:36:10.448 [info] > git status -z -uall [23ms]
2024-03-16 07:36:15.470 [info] > git config --get commit.template [5ms]
2024-03-16 07:36:15.470 [info] > git for-each-ref --format=%(refname)%00%(upstream:short)%00%(objectname)%00%(upstream:track)%00%(upstream:remotename)%00%(upstream:remoteref) refs/heads/main refs/remotes/main [0ms]
2024-03-16 07:36:15.493 [info] > git status -z -uall [20ms]
2024-03-16 07:36:20.523 [info] > git config --get commit.template [1ms]
2024-03-16 07:36:20.529 [info] > git for-each-ref --format=%(refname)%00%(upstream:short)%00%(objectname)%00%(upstream:track)%00%(upstream:remotename)%00%(upstream:remoteref) refs/heads/main refs/remotes/main [1ms]
2024-03-16 07:36:20.554 [info] > git status -z -uall [20ms]
2024-03-16 07:36:25.585 [info] > git config --get commit.template [5ms]
2024-03-16 07:36:25.586 [info] > git for-each-ref --format=%(refname)%00%(upstream:short)%00%(objectname)%00%(upstream:track)%00%(upstream:remotename)%00%(upstream:remoteref) refs/heads/main refs/remotes/main [1ms]
2024-03-16 07:36:25.609 [info] > git status -z -uall [19ms]
2024-03-16 07:36:30.627 [info] > git config --get commit.template [1ms]
2024-03-16 07:36:30.631 [info] > git for-each-ref --format=%(refname)%00%(upstream:short)%00%(objectname)%00%(upstream:track)%00%(upstream:remotename)%00%(upstream:remoteref) refs/heads/main refs/remotes/main [0ms]
2024-03-16 07:36:30.662 [info] > git status -z -uall [28ms]
2024-03-16 07:36:35.685 [info] > git config --get commit.template [6ms]
2024-03-16 07:36:35.686 [info] > git for-each-ref --format=%(refname)%00%(upstream:short)%00%(objectname)%00%(upstream:track)%00%(upstream:remotename)%00%(upstream:remoteref) refs/heads/main refs/remotes/main [2ms]
2024-03-16 07:36:35.709 [info] > git status -z -uall [20ms]
2024-03-16 07:36:40.729 [info] > git config --get commit.template [4ms]
2024-03-16 07:36:40.729 [info] > git for-each-ref --format=%(refname)%00%(upstream:short)%00%(objectname)%00%(upstream:track)%00%(upstream:remotename)%00%(upstream:remoteref) refs/heads/main refs/remotes/main [0ms]
2024-03-16 07:36:40.769 [info] > git status -z -uall [36ms]
2024-03-16 07:36:45.796 [info] > git config --get commit.template [5ms]
2024-03-16 07:36:45.796 [info] > git for-each-ref --format=%(refname)%00%(upstream:short)%00%(objectname)%00%(upstream:track)%00%(upstream:remotename)%00%(upstream:remoteref) refs/heads/main refs/remotes/main [1ms]
2024-03-16 07:36:45.822 [info] > git status -z -uall [22ms]
2024-03-16 07:36:50.844 [info] > git config --get commit.template [4ms]
2024-03-16 07:36:50.844 [info] > git for-each-ref --format=%(refname)%00%(upstream:short)%00%(objectname)%00%(upstream:track)%00%(upstream:remotename)%00%(upstream:remoteref) refs/heads/main refs/remotes/main [0ms]
2024-03-16 07:36:50.873 [info] > git status -z -uall [25ms]
2024-03-16 07:41:31.702 [info] > git config --get commit.template [1ms]
2024-03-16 07:41:31.706 [info] > git for-each-ref --format=%(refname)%00%(upstream:short)%00%(objectname)%00%(upstream:track)%00%(upstream:remotename)%00%(upstream:remoteref) refs/heads/main refs/remotes/main [1ms]
2024-03-16 07:41:31.736 [info] > git status -z -uall [27ms]
2024-03-16 07:41:36.769 [info] > git config --get commit.template [10ms]
2024-03-16 07:41:36.770 [info] > git for-each-ref --format=%(refname)%00%(upstream:short)%00%(objectname)%00%(upstream:track)%00%(upstream:remotename)%00%(upstream:remoteref) refs/heads/main refs/remotes/main [2ms]
2024-03-16 07:41:36.812 [info] > git status -z -uall [31ms]
2024-03-16 07:57:49.935 [info] > git config --get commit.template [2ms]
2024-03-16 07:57:49.943 [info] > git for-each-ref --format=%(refname)%00%(upstream:short)%00%(objectname)%00%(upstream:track)%00%(upstream:remotename)%00%(upstream:remoteref) refs/heads/main refs/remotes/main [1ms]
2024-03-16 07:57:49.984 [info] > git status -z -uall [31ms]
2024-03-16 08:55:11.820 [info] > git config --get commit.template [9ms]
2024-03-16 08:55:11.821 [info] > git for-each-ref --format=%(refname)%00%(upstream:short)%00%(objectname)%00%(upstream:track)%00%(upstream:remotename)%00%(upstream:remoteref) refs/heads/main refs/remotes/main [1ms]
2024-03-16 08:55:11.845 [info] > git status -z -uall [19ms]
2024-03-16 11:48:48.445 [info] > git config --get commit.template [1ms]
2024-03-16 11:48:48.449 [info] > git for-each-ref --format=%(refname)%00%(upstream:short)%00%(objectname)%00%(upstream:track)%00%(upstream:remotename)%00%(upstream:remoteref) refs/heads/main refs/remotes/main [1ms]
2024-03-16 11:48:48.483 [info] > git status -z -uall [31ms]
2024-03-16 11:48:53.514 [info] > git config --get commit.template [4ms]
2024-03-16 11:48:53.514 [info] > git for-each-ref --format=%(refname)%00%(upstream:short)%00%(objectname)%00%(upstream:track)%00%(upstream:remotename)%00%(upstream:remoteref) refs/heads/main refs/remotes/main [1ms]
2024-03-16 11:48:53.541 [info] > git status -z -uall [24ms]
2024-03-16 11:57:27.654 [info] > git config --get commit.template [2ms]
2024-03-16 11:57:27.662 [info] > git for-each-ref --format=%(refname)%00%(upstream:short)%00%(objectname)%00%(upstream:track)%00%(upstream:remotename)%00%(upstream:remoteref) refs/heads/main refs/remotes/main [2ms]
2024-03-16 11:57:27.687 [info] > git status -z -uall [21ms]
2024-03-16 14:52:06.864 [info] > git config --get commit.template [5ms]
2024-03-16 14:52:06.864 [info] > git for-each-ref --format=%(refname)%00%(upstream:short)%00%(objectname)%00%(upstream:track)%00%(upstream:remotename)%00%(upstream:remoteref) refs/heads/main refs/remotes/main [1ms]
2024-03-16 14:52:06.894 [info] > git status -z -uall [27ms]
2024-03-16 16:35:21.292 [info] > git config --get commit.template [1ms]
2024-03-16 16:35:21.297 [info] > git for-each-ref --format=%(refname)%00%(upstream:short)%00%(objectname)%00%(upstream:track)%00%(upstream:remotename)%00%(upstream:remoteref) refs/heads/main refs/remotes/main [1ms]
2024-03-16 16:35:21.331 [info] > git status -z -uall [31ms]
2024-03-16 17:03:33.217 [info] > git config --get commit.template [1ms]
2024-03-16 17:03:33.222 [info] > git for-each-ref --format=%(refname)%00%(upstream:short)%00%(objectname)%00%(upstream:track)%00%(upstream:remotename)%00%(upstream:remoteref) refs/heads/main refs/remotes/main [1ms]
2024-03-16 17:03:33.246 [info] > git status -z -uall [21ms]
2024-03-16 17:33:00.369 [info] > git config --get commit.template [3ms]
2024-03-16 17:33:00.379 [info] > git for-each-ref --format=%(refname)%00%(upstream:short)%00%(objectname)%00%(upstream:track)%00%(upstream:remotename)%00%(upstream:remoteref) refs/heads/main refs/remotes/main [2ms]
2024-03-16 17:33:00.404 [info] > git status -z -uall [20ms]
2024-03-16 17:33:10.231 [info] > git config --get commit.template [6ms]
2024-03-16 17:33:10.231 [info] > git for-each-ref --format=%(refname)%00%(upstream:short)%00%(objectname)%00%(upstream:track)%00%(upstream:remotename)%00%(upstream:remoteref) refs/heads/main refs/remotes/main [1ms]
2024-03-16 17:33:10.256 [info] > git status -z -uall [22ms]
2024-03-16 17:55:13.467 [info] > git config --get commit.template [1ms]
2024-03-16 17:55:13.473 [info] > git for-each-ref --format=%(refname)%00%(upstream:short)%00%(objectname)%00%(upstream:track)%00%(upstream:remotename)%00%(upstream:remoteref) refs/heads/main refs/remotes/main [1ms]
2024-03-16 17:55:13.495 [info] > git status -z -uall [18ms]
2024-03-16 17:55:18.522 [info] > git config --get commit.template [6ms]
2024-03-16 17:55:18.522 [info] > git for-each-ref --format=%(refname)%00%(upstream:short)%00%(objectname)%00%(upstream:track)%00%(upstream:remotename)%00%(upstream:remoteref) refs/heads/main refs/remotes/main [1ms]
2024-03-16 17:55:18.547 [info] > git status -z -uall [21ms]
2024-03-16 17:59:45.480 [info] > git config --get commit.template [6ms]
2024-03-16 17:59:45.481 [info] > git for-each-ref --format=%(refname)%00%(upstream:short)%00%(objectname)%00%(upstream:track)%00%(upstream:remotename)%00%(upstream:remoteref) refs/heads/main refs/remotes/main [1ms]
2024-03-16 17:59:45.513 [info] > git status -z -uall [29ms]
2024-03-16 18:01:10.142 [info] > git config --get commit.template [0ms]
2024-03-16 18:01:10.147 [info] > git for-each-ref --format=%(refname)%00%(upstream:short)%00%(objectname)%00%(upstream:track)%00%(upstream:remotename)%00%(upstream:remoteref) refs/heads/main refs/remotes/main [1ms]
2024-03-16 18:01:10.179 [info] > git status -z -uall [29ms]
2024-03-16 18:01:15.207 [info] > git config --get commit.template [1ms]
2024-03-16 18:01:15.213 [info] > git for-each-ref --format=%(refname)%00%(upstream:short)%00%(objectname)%00%(upstream:track)%00%(upstream:remotename)%00%(upstream:remoteref) refs/heads/main refs/remotes/main [0ms]
2024-03-16 18:01:15.238 [info] > git status -z -uall [21ms]
2024-03-16 18:08:19.137 [info] > git config --get commit.template [3ms]
2024-03-16 18:08:19.137 [info] > git for-each-ref --format=%(refname)%00%(upstream:short)%00%(objectname)%00%(upstream:track)%00%(upstream:remotename)%00%(upstream:remoteref) refs/heads/main refs/remotes/main [1ms]
2024-03-16 18:08:19.168 [info] > git status -z -uall [25ms]
2024-03-16 18:24:51.062 [info] > git config --get commit.template [6ms]
2024-03-16 18:24:51.062 [info] > git for-each-ref --format=%(refname)%00%(upstream:short)%00%(objectname)%00%(upstream:track)%00%(upstream:remotename)%00%(upstream:remoteref) refs/heads/main refs/remotes/main [1ms]
2024-03-16 18:24:51.087 [info] > git status -z -uall [20ms]
2024-03-16 18:25:04.684 [info] > git config --get commit.template [1ms]
2024-03-16 18:25:04.693 [info] > git for-each-ref --format=%(refname)%00%(upstream:short)%00%(objectname)%00%(upstream:track)%00%(upstream:remotename)%00%(upstream:remoteref) refs/heads/main refs/remotes/main [1ms]
2024-03-16 18:25:04.720 [info] > git status -z -uall [22ms]
2024-03-16 18:25:34.206 [info] > git config --get commit.template [6ms]
2024-03-16 18:25:34.207 [info] > git for-each-ref --format=%(refname)%00%(upstream:short)%00%(objectname)%00%(upstream:track)%00%(upstream:remotename)%00%(upstream:remoteref) refs/heads/main refs/remotes/main [2ms]
2024-03-16 18:25:34.232 [info] > git status -z -uall [20ms]
2024-03-16 18:34:40.697 [info] > git config --get commit.template [0ms]
2024-03-16 18:34:40.703 [info] > git for-each-ref --format=%(refname)%00%(upstream:short)%00%(objectname)%00%(upstream:track)%00%(upstream:remotename)%00%(upstream:remoteref) refs/heads/main refs/remotes/main [0ms]
2024-03-16 18:34:40.730 [info] > git status -z -uall [20ms]
2024-03-16 18:38:41.548 [info] > git config --get commit.template [4ms]
2024-03-16 18:38:41.548 [info] > git for-each-ref --format=%(refname)%00%(upstream:short)%00%(objectname)%00%(upstream:track)%00%(upstream:remotename)%00%(upstream:remoteref) refs/heads/main refs/remotes/main [0ms]
2024-03-16 18:38:41.572 [info] > git status -z -uall [19ms]
2024-03-16 18:49:03.103 [info] > git config --get commit.template [1ms]
2024-03-16 18:49:03.109 [info] > git for-each-ref --format=%(refname)%00%(upstream:short)%00%(objectname)%00%(upstream:track)%00%(upstream:remotename)%00%(upstream:remoteref) refs/heads/main refs/remotes/main [1ms]
2024-03-16 18:49:03.137 [info] > git status -z -uall [22ms]
2024-03-16 19:09:19.077 [info] > git config --get commit.template [12ms]
2024-03-16 19:09:19.077 [info] > git for-each-ref --format=%(refname)%00%(upstream:short)%00%(objectname)%00%(upstream:track)%00%(upstream:remotename)%00%(upstream:remoteref) refs/heads/main refs/remotes/main [1ms]
2024-03-16 19:09:19.103 [info] > git status -z -uall [22ms]
2024-03-16 19:23:09.197 [info] > git config --get commit.template [1ms]
2024-03-16 19:23:09.203 [info] > git for-each-ref --format=%(refname)%00%(upstream:short)%00%(objectname)%00%(upstream:track)%00%(upstream:remotename)%00%(upstream:remoteref) refs/heads/main refs/remotes/main [1ms]
2024-03-16 19:23:09.226 [info] > git status -z -uall [19ms]
2024-03-16 19:30:55.140 [info] > git config --get commit.template [4ms]
2024-03-16 19:30:55.140 [info] > git for-each-ref --format=%(refname)%00%(upstream:short)%00%(objectname)%00%(upstream:track)%00%(upstream:remotename)%00%(upstream:remoteref) refs/heads/main refs/remotes/main [1ms]
2024-03-16 19:30:55.175 [info] > git status -z -uall [31ms]
2024-03-16 19:35:25.097 [info] > git config --get commit.template [7ms]
2024-03-16 19:35:25.098 [info] > git for-each-ref --format=%(refname)%00%(upstream:short)%00%(objectname)%00%(upstream:track)%00%(upstream:remotename)%00%(upstream:remoteref) refs/heads/main refs/remotes/main [2ms]
2024-03-16 19:35:25.122 [info] > git status -z -uall [20ms]
2024-03-16 19:51:07.387 [info] > git config --get commit.template [8ms]
2024-03-16 19:51:07.388 [info] > git for-each-ref --format=%(refname)%00%(upstream:short)%00%(objectname)%00%(upstream:track)%00%(upstream:remotename)%00%(upstream:remoteref) refs/heads/main refs/remotes/main [1ms]
2024-03-16 19:51:07.410 [info] > git status -z -uall [19ms]
2024-03-16 19:51:24.434 [info] > git config --get commit.template [8ms]
2024-03-16 19:51:24.434 [info] > git for-each-ref --format=%(refname)%00%(upstream:short)%00%(objectname)%00%(upstream:track)%00%(upstream:remotename)%00%(upstream:remoteref) refs/heads/main refs/remotes/main [0ms]
2024-03-16 19:51:24.461 [info] > git status -z -uall [22ms]
2024-03-16 19:51:29.487 [info] > git config --get commit.template [3ms]
2024-03-16 19:51:29.488 [info] > git for-each-ref --format=%(refname)%00%(upstream:short)%00%(objectname)%00%(upstream:track)%00%(upstream:remotename)%00%(upstream:remoteref) refs/heads/main refs/remotes/main [0ms]
2024-03-16 19:51:29.520 [info] > git status -z -uall [29ms]
2024-03-16 19:56:07.501 [info] > git config --get commit.template [4ms]
2024-03-16 19:56:07.501 [info] > git for-each-ref --format=%(refname)%00%(upstream:short)%00%(objectname)%00%(upstream:track)%00%(upstream:remotename)%00%(upstream:remoteref) refs/heads/main refs/remotes/main [0ms]
2024-03-16 19:56:07.530 [info] > git status -z -uall [25ms]
2024-03-16 19:56:21.579 [info] > git config --get commit.template [5ms]
2024-03-16 19:56:21.579 [info] > git for-each-ref --format=%(refname)%00%(upstream:short)%00%(objectname)%00%(upstream:track)%00%(upstream:remotename)%00%(upstream:remoteref) refs/heads/main refs/remotes/main [0ms]
2024-03-16 19:56:21.630 [info] > git status -z -uall [46ms]
2024-03-16 19:57:11.926 [info] > git config --get commit.template [5ms]
2024-03-16 19:57:11.938 [info] > git for-each-ref --format=%(refname)%00%(upstream:short)%00%(objectname)%00%(upstream:track)%00%(upstream:remotename)%00%(upstream:remoteref) refs/heads/main refs/remotes/main [2ms]
2024-03-16 19:57:11.968 [info] > git status -z -uall [24ms]
2024-03-16 20:17:39.119 [info] > git config --get commit.template [6ms]
2024-03-16 20:17:39.119 [info] > git for-each-ref --format=%(refname)%00%(upstream:short)%00%(objectname)%00%(upstream:track)%00%(upstream:remotename)%00%(upstream:remoteref) refs/heads/main refs/remotes/main [1ms]
2024-03-16 20:17:39.149 [info] > git status -z -uall [23ms]
2024-03-16 20:38:13.815 [info] > git config --get commit.template [4ms]
2024-03-16 20:38:13.816 [info] > git for-each-ref --format=%(refname)%00%(upstream:short)%00%(objectname)%00%(upstream:track)%00%(upstream:remotename)%00%(upstream:remoteref) refs/heads/main refs/remotes/main [0ms]
2024-03-16 20:38:13.845 [info] > git status -z -uall [24ms]
2024-03-16 20:44:18.358 [info] > git config --get commit.template [10ms]
2024-03-16 20:44:18.358 [info] > git for-each-ref --format=%(refname)%00%(upstream:short)%00%(objectname)%00%(upstream:track)%00%(upstream:remotename)%00%(upstream:remoteref) refs/heads/main refs/remotes/main [1ms]
2024-03-16 20:44:18.391 [info] > git status -z -uall [27ms]
2024-03-16 20:46:25.350 [info] > git config --get commit.template [7ms]
2024-03-16 20:46:25.350 [info] > git for-each-ref --format=%(refname)%00%(upstream:short)%00%(objectname)%00%(upstream:track)%00%(upstream:remotename)%00%(upstream:remoteref) refs/heads/main refs/remotes/main [1ms]
2024-03-16 20:46:25.374 [info] > git status -z -uall [20ms]
2024-03-16 20:47:34.627 [info] > git config --get commit.template [4ms]
2024-03-16 20:47:34.627 [info] > git for-each-ref --format=%(refname)%00%(upstream:short)%00%(objectname)%00%(upstream:track)%00%(upstream:remotename)%00%(upstream:remoteref) refs/heads/main refs/remotes/main [1ms]
2024-03-16 20:47:34.656 [info] > git status -z -uall [25ms]
2024-03-16 20:49:12.292 [info] > git config --get commit.template [1ms]
2024-03-16 20:49:12.303 [info] > git for-each-ref --format=%(refname)%00%(upstream:short)%00%(objectname)%00%(upstream:track)%00%(upstream:remotename)%00%(upstream:remoteref) refs/heads/main refs/remotes/main [1ms]
2024-03-16 20:49:12.334 [info] > git status -z -uall [23ms]
2024-03-16 20:49:17.360 [info] > git config --get commit.template [4ms]
2024-03-16 20:49:17.361 [info] > git for-each-ref --format=%(refname)%00%(upstream:short)%00%(objectname)%00%(upstream:track)%00%(upstream:remotename)%00%(upstream:remoteref) refs/heads/main refs/remotes/main [1ms]
2024-03-16 20:49:17.383 [info] > git status -z -uall [19ms]
2024-03-16 20:49:22.408 [info] > git config --get commit.template [7ms]
2024-03-16 20:49:22.408 [info] > git for-each-ref --format=%(refname)%00%(upstream:short)%00%(objectname)%00%(upstream:track)%00%(upstream:remotename)%00%(upstream:remoteref) refs/heads/main refs/remotes/main [1ms]
2024-03-16 20:49:22.451 [info] > git status -z -uall [36ms]
2024-03-16 20:49:27.471 [info] > git config --get commit.template [3ms]
2024-03-16 20:49:27.472 [info] > git for-each-ref --format=%(refname)%00%(upstream:short)%00%(objectname)%00%(upstream:track)%00%(upstream:remotename)%00%(upstream:remoteref) refs/heads/main refs/remotes/main [1ms]
2024-03-16 20:49:27.495 [info] > git status -z -uall [19ms]
2024-03-16 20:49:32.527 [info] > git config --get commit.template [6ms]
2024-03-16 20:49:32.528 [info] > git for-each-ref --format=%(refname)%00%(upstream:short)%00%(objectname)%00%(upstream:track)%00%(upstream:remotename)%00%(upstream:remoteref) refs/heads/main refs/remotes/main [1ms]
2024-03-16 20:49:32.561 [info] > git status -z -uall [29ms]
2024-03-16 20:49:37.588 [info] > git config --get commit.template [8ms]
2024-03-16 20:49:37.589 [info] > git for-each-ref --format=%(refname)%00%(upstream:short)%00%(objectname)%00%(upstream:track)%00%(upstream:remotename)%00%(upstream:remoteref) refs/heads/main refs/remotes/main [1ms]
2024-03-16 20:49:37.615 [info] > git status -z -uall [21ms]
2024-03-16 20:49:42.637 [info] > git config --get commit.template [5ms]
2024-03-16 20:49:42.637 [info] > git for-each-ref --format=%(refname)%00%(upstream:short)%00%(objectname)%00%(upstream:track)%00%(upstream:remotename)%00%(upstream:remoteref) refs/heads/main refs/remotes/main [0ms]
2024-03-16 20:49:42.659 [info] > git status -z -uall [19ms]
2024-03-16 20:49:47.697 [info] > git config --get commit.template [8ms]
2024-03-16 20:49:47.697 [info] > git for-each-ref --format=%(refname)%00%(upstream:short)%00%(objectname)%00%(upstream:track)%00%(upstream:remotename)%00%(upstream:remoteref) refs/heads/main refs/remotes/main [0ms]
2024-03-16 20:49:47.726 [info] > git status -z -uall [22ms]
2024-03-16 20:49:52.750 [info] > git config --get commit.template [5ms]
2024-03-16 20:49:52.750 [info] > git for-each-ref --format=%(refname)%00%(upstream:short)%00%(objectname)%00%(upstream:track)%00%(upstream:remotename)%00%(upstream:remoteref) refs/heads/main refs/remotes/main [1ms]
2024-03-16 20:49:52.776 [info] > git status -z -uall [19ms]
2024-03-16 21:01:10.266 [info] > git config --get commit.template [5ms]
2024-03-16 21:01:10.266 [info] > git for-each-ref --format=%(refname)%00%(upstream:short)%00%(objectname)%00%(upstream:track)%00%(upstream:remotename)%00%(upstream:remoteref) refs/heads/main refs/remotes/main [0ms]
2024-03-16 21:01:10.291 [info] > git status -z -uall [21ms]
2024-03-16 22:40:58.522 [info] > git config --get commit.template [4ms]
2024-03-16 22:40:58.523 [info] > git for-each-ref --format=%(refname)%00%(upstream:short)%00%(objectname)%00%(upstream:track)%00%(upstream:remotename)%00%(upstream:remoteref) refs/heads/main refs/remotes/main [1ms]
2024-03-16 22:40:58.553 [info] > git status -z -uall [26ms]
