2024-03-19 16:15:09.155 [info] Log level: Info
2024-03-19 16:15:09.155 [info] Validating found git in: "git"
2024-03-19 16:15:09.155 [info] Using git "2.44.0" from "git"
2024-03-19 16:15:09.155 [info] > git rev-parse --show-toplevel [2ms]
2024-03-19 16:15:09.155 [info] > git rev-parse --git-dir --git-common-dir [76ms]
2024-03-19 16:15:09.155 [info] Open repository: /run/media/n30/nvme_chivos/.dotfiles
2024-03-19 16:15:09.166 [info] > git rev-parse --show-toplevel [3ms]
2024-03-19 16:15:09.166 [info] > git config --get commit.template [7ms]
2024-03-19 16:15:09.176 [info] > git rev-parse --show-toplevel [5ms]
2024-03-19 16:15:09.180 [info] > git for-each-ref --format=%(refname)%00%(upstream:short)%00%(objectname)%00%(upstream:track)%00%(upstream:remotename)%00%(upstream:remoteref) refs/heads/main refs/remotes/main [5ms]
2024-03-19 16:15:09.183 [info] > git rev-parse --show-toplevel [4ms]
2024-03-19 16:15:09.187 [info] > git rev-parse --show-toplevel [1ms]
2024-03-19 16:15:09.190 [info] > git rev-parse --show-toplevel [0ms]
2024-03-19 16:15:09.194 [info] > git rev-parse --show-toplevel [1ms]
2024-03-19 16:15:09.199 [info] > git rev-parse --show-toplevel [0ms]
2024-03-19 16:15:09.203 [info] > git rev-parse --show-toplevel [1ms]
2024-03-19 16:15:09.208 [info] > git rev-parse --show-toplevel [1ms]
2024-03-19 16:15:09.234 [info] > git rev-parse --show-toplevel [20ms]
2024-03-19 16:15:09.239 [info] > git status -z -uall [56ms]
2024-03-19 16:15:09.328 [info] > git rev-parse --show-toplevel [89ms]
2024-03-19 16:15:09.336 [info] > git config --get commit.template [7ms]
2024-03-19 16:15:09.340 [info] > git rev-parse --show-toplevel [5ms]
2024-03-19 16:15:09.350 [info] > git for-each-ref --format=%(refname)%00%(upstream:short)%00%(objectname)%00%(upstream:track)%00%(upstream:remotename)%00%(upstream:remoteref) refs/heads/main refs/remotes/main [3ms]
2024-03-19 16:15:09.354 [info] > git rev-parse --show-toplevel [4ms]
2024-03-19 16:15:09.358 [info] > git rev-parse --show-toplevel [1ms]
2024-03-19 16:15:09.362 [info] > git rev-parse --show-toplevel [1ms]
2024-03-19 16:15:09.365 [info] > git rev-parse --show-toplevel [0ms]
2024-03-19 16:15:09.369 [info] > git rev-parse --show-toplevel [1ms]
2024-03-19 16:15:09.374 [info] > git status -z -uall [21ms]
2024-03-19 16:15:09.374 [info] > git rev-parse --show-toplevel [1ms]
2024-03-19 16:15:09.394 [info] > git rev-parse --show-toplevel [17ms]
2024-03-19 16:15:09.399 [info] > git rev-parse --show-toplevel [1ms]
2024-03-19 16:15:09.403 [info] > git rev-parse --show-toplevel [1ms]
2024-03-19 16:15:09.406 [info] > git rev-parse --show-toplevel [1ms]
2024-03-19 16:15:09.409 [info] > git rev-parse --show-toplevel [1ms]
2024-03-19 16:15:09.413 [info] > git rev-parse --show-toplevel [1ms]
2024-03-19 16:15:09.417 [info] > git rev-parse --show-toplevel [0ms]
2024-03-19 16:15:09.421 [info] > git rev-parse --show-toplevel [0ms]
2024-03-19 16:15:09.425 [info] > git rev-parse --show-toplevel [1ms]
2024-03-19 16:15:09.428 [info] > git rev-parse --show-toplevel [1ms]
2024-03-19 16:15:09.431 [info] > git rev-parse --show-toplevel [0ms]
2024-03-19 16:15:09.435 [info] > git rev-parse --show-toplevel [1ms]
2024-03-19 16:15:09.438 [info] > git rev-parse --show-toplevel [0ms]
2024-03-19 16:15:09.442 [info] > git rev-parse --show-toplevel [1ms]
2024-03-19 16:15:09.445 [info] > git rev-parse --show-toplevel [1ms]
2024-03-19 16:15:09.451 [info] > git rev-parse --show-toplevel [4ms]
2024-03-19 16:15:09.457 [info] > git rev-parse --show-toplevel [2ms]
2024-03-19 16:15:09.460 [info] > git rev-parse --show-toplevel [1ms]
2024-03-19 16:15:09.464 [info] > git rev-parse --show-toplevel [1ms]
2024-03-19 16:15:09.467 [info] > git rev-parse --show-toplevel [0ms]
2024-03-19 16:15:09.471 [info] > git rev-parse --show-toplevel [1ms]
2024-03-19 16:15:09.581 [info] > git show --textconv :wiki-wayland-0.97beta.md [4ms]
2024-03-19 16:15:09.582 [info] > git ls-files --stage -- /run/media/n30/nvme_chivos/.dotfiles/wiki-wayland-0.97beta.md [1ms]
2024-03-19 16:15:09.586 [info] > git cat-file -s f872a935c0386653714b6aadac6cc467b93c2719 [0ms]
2024-03-19 16:15:09.676 [info] > git check-ignore -v -z --stdin [4ms]
2024-03-19 16:15:12.004 [info] > git config --get commit.template [12ms]
2024-03-19 16:15:12.005 [info] > git for-each-ref --format=%(refname)%00%(upstream:short)%00%(objectname)%00%(upstream:track)%00%(upstream:remotename)%00%(upstream:remoteref) refs/heads/main refs/remotes/main [2ms]
2024-03-19 16:15:12.037 [info] > git status -z -uall [22ms]
2024-03-19 16:15:17.069 [info] > git config --get commit.template [10ms]
2024-03-19 16:15:17.069 [info] > git for-each-ref --format=%(refname)%00%(upstream:short)%00%(objectname)%00%(upstream:track)%00%(upstream:remotename)%00%(upstream:remoteref) refs/heads/main refs/remotes/main [0ms]
2024-03-19 16:15:17.096 [info] > git status -z -uall [24ms]
2024-03-19 16:15:27.684 [info] > git config --get commit.template [5ms]
2024-03-19 16:15:27.684 [info] > git for-each-ref --format=%(refname)%00%(upstream:short)%00%(objectname)%00%(upstream:track)%00%(upstream:remotename)%00%(upstream:remoteref) refs/heads/main refs/remotes/main [0ms]
2024-03-19 16:15:27.707 [info] > git status -z -uall [19ms]
2024-03-19 16:15:32.281 [info] > git config --get commit.template [5ms]
2024-03-19 16:15:32.282 [info] > git for-each-ref --format=%(refname)%00%(upstream:short)%00%(objectname)%00%(upstream:track)%00%(upstream:remotename)%00%(upstream:remoteref) refs/heads/main refs/remotes/main [1ms]
2024-03-19 16:15:32.305 [info] > git status -z -uall [19ms]
2024-03-19 16:15:37.332 [info] > git config --get commit.template [6ms]
2024-03-19 16:15:37.332 [info] > git for-each-ref --format=%(refname)%00%(upstream:short)%00%(objectname)%00%(upstream:track)%00%(upstream:remotename)%00%(upstream:remoteref) refs/heads/main refs/remotes/main [1ms]
2024-03-19 16:15:37.358 [info] > git status -z -uall [21ms]
2024-03-19 16:15:42.386 [info] > git config --get commit.template [5ms]
2024-03-19 16:15:42.386 [info] > git for-each-ref --format=%(refname)%00%(upstream:short)%00%(objectname)%00%(upstream:track)%00%(upstream:remotename)%00%(upstream:remoteref) refs/heads/main refs/remotes/main [1ms]
2024-03-19 16:15:42.412 [info] > git status -z -uall [21ms]
2024-03-19 16:15:50.499 [info] > git config --get commit.template [6ms]
2024-03-19 16:15:50.500 [info] > git for-each-ref --format=%(refname)%00%(upstream:short)%00%(objectname)%00%(upstream:track)%00%(upstream:remotename)%00%(upstream:remoteref) refs/heads/main refs/remotes/main [1ms]
2024-03-19 16:15:50.525 [info] > git status -z -uall [20ms]
2024-03-19 16:17:11.676 [info] > git config --get commit.template [5ms]
2024-03-19 16:17:11.676 [info] > git for-each-ref --format=%(refname)%00%(upstream:short)%00%(objectname)%00%(upstream:track)%00%(upstream:remotename)%00%(upstream:remoteref) refs/heads/main refs/remotes/main [1ms]
2024-03-19 16:17:11.701 [info] > git status -z -uall [20ms]
2024-03-19 16:17:18.523 [info] > git config --get commit.template [10ms]
2024-03-19 16:17:18.524 [info] > git for-each-ref --format=%(refname)%00%(upstream:short)%00%(objectname)%00%(upstream:track)%00%(upstream:remotename)%00%(upstream:remoteref) refs/heads/main refs/remotes/main [2ms]
2024-03-19 16:17:18.585 [info] > git status -z -uall [55ms]
